ATT:ATT0,CMCT1,GSAT-8,TWC1,UGA-50
CMCT:ATT1,CMCT0,TWC0
DRPA:CMCT12,DRPA0,EGLN1,GT-1,UC-1
EGLN:DRPA1,EGLN0,GT-2,UC-2
GSAT:GSAT0,UGA0,VONA-3,VZ5
GT:EGLN2,GT0,UC0
OSU:EGLN2,GT0,OSU0,PTGN2,UC0
PTGN:EGLN1,GT-1,OSU-1,PTGN0,UC-1,VONA3
TWC:ATT1,CMCT0,TWC0,VONA1
UC:EGLN2,GT0,OSU0,UC0
UGA:ATT50,CMCT51,GSAT42,TWC51,UGA0,VONA39,VZ47
VONA:GSAT3,VONA0,VZ8
VZ:ATT2,VZ0
-----
ATT:ATT0,CMCT1,GSAT-8,TWC1,UGA-50,VONA-11,VZ-3
CMCT:ATT1,CMCT0,GSAT-7,TWC0,UGA-49,VONA1
DRPA:ATT13,CMCT12,DRPA0,EGLN1,GT-1,OSU-1,TWC12,UC-1
EGLN:CMCT13,DRPA1,EGLN0,GT-2,OSU-2,UC-2
GSAT:ATT7,CMCT51,GSAT0,TWC51,UGA0,VONA-3,VZ5
GT:DRPA3,EGLN2,GT0,OSU0,UC0
OSU:DRPA3,EGLN2,GT0,OSU0,PTGN2,UC0,VONA5
PTGN:DRPA2,EGLN1,GSAT6,GT-1,OSU-1,PTGN0,UC-1,VONA3,VZ11
TWC:ATT1,CMCT0,GSAT-7,TWC0,UGA-49,VONA1,VZ9
UC:DRPA3,EGLN2,GT0,OSU0,PTGN2,UC0
UGA:ATT50,CMCT51,GSAT42,TWC51,UGA0,VONA39,VZ47
VONA:ATT10,GSAT3,UGA3,VONA0,VZ8
VZ:ATT2,CMCT3,GSAT-6,TWC3,UGA-48,VZ0
-----
ATT:ATT0,CMCT1,GSAT-8,TWC1,UGA-50,VONA-11,VZ-3
CMCT:ATT1,CMCT0,GSAT-7,TWC0,UGA-49,VONA-10,VZ-2
DRPA:ATT13,CMCT12,DRPA0,EGLN1,GSAT5,GT-1,OSU-1,PTGN1,TWC12,UC-1,UGA-37,VONA13
EGLN:ATT14,CMCT13,DRPA1,EGLN0,GT-2,OSU-2,PTGN0,TWC13,UC-2
GSAT:ATT7,CMCT8,GSAT0,TWC8,UGA-43,VONA-3,VZ5
GT:CMCT15,DRPA3,EGLN2,GT0,OSU0,PTGN2,UC0
OSU:CMCT15,DRPA3,EGLN2,GSAT8,GT0,OSU0,PTGN2,UC0,VONA5,VZ13
PTGN:ATT13,CMCT14,DRPA2,EGLN1,GSAT6,GT-1,OSU-1,PTGN0,UC-1,UGA6,VONA3,VZ11
TWC:ATT1,CMCT0,GSAT-7,TWC0,UGA-49,VONA-10,VZ-2
UC:CMCT15,DRPA3,EGLN2,GT0,OSU0,PTGN2,UC0,VONA5
UGA:ATT50,CMCT50,GSAT42,TWC50,UGA0,VONA39,VZ47
VONA:ATT10,CMCT11,GSAT2,TWC11,UGA-40,VONA0,VZ8
VZ:ATT2,CMCT3,GSAT-6,TWC3,UGA-48,VONA-9,VZ0
-----
ATT:ATT0,CMCT-1,GSAT-8,TWC-1,UGA-51,VONA-11,VZ-3
CMCT:ATT1,CMCT0,GSAT-7,TWC0,UGA-49,VONA-10,VZ-2
DRPA:ATT13,CMCT12,DRPA0,EGLN1,GSAT5,GT-1,OSU-1,PTGN1,TWC12,UC-1,UGA-37,VONA2,VZ10
EGLN:ATT14,CMCT13,DRPA1,EGLN0,GSAT6,GT-2,OSU-2,PTGN0,TWC13,UC-2,UGA-36,VONA3
GSAT:ATT7,CMCT7,GSAT0,TWC7,UGA-44,VONA-3,VZ5
GT:ATT16,CMCT15,DRPA3,EGLN2,GT0,OSU0,PTGN2,TWC15,UC0,VONA5
OSU:ATT15,CMCT15,DRPA3,EGLN2,GSAT8,GT0,OSU0,PTGN2,TWC15,UC0,UGA8,VONA5,VZ13
PTGN:ATT13,CMCT14,DRPA2,EGLN1,GSAT5,GT-1,OSU-1,PTGN0,TWC14,UC-1,UGA-37,VONA3,VZ11
TWC:ATT1,CMCT0,GSAT-7,TWC0,UGA-50,VONA-10,VZ-2
UC:ATT16,CMCT15,DRPA3,EGLN2,GSAT8,GT0,OSU0,PTGN2,TWC15,UC0,VONA5,VZ13
UGA:ATT50,CMCT49,GSAT42,TWC49,UGA0,VONA39,VZ47
VONA:ATT10,CMCT10,GSAT2,TWC10,UGA-41,VONA0,VZ8
VZ:ATT2,CMCT3,GSAT-6,TWC3,UGA-48,VONA-9,VZ0
-----
ATT:ATT0,CMCT-3,GSAT-8,TWC-3,UGA-52,VONA-11,VZ-3
CMCT:ATT1,CMCT0,GSAT-7,TWC0,UGA-50,VONA-10,VZ-2
DRPA:ATT13,CMCT12,DRPA0,EGLN1,GSAT5,GT-1,OSU-1,PTGN1,TWC12,UC-1,UGA-37,VONA2,VZ10
EGLN:ATT14,CMCT13,DRPA1,EGLN0,GSAT6,GT-2,OSU-2,PTGN0,TWC13,UC-2,UGA-36,VONA3,VZ11
GSAT:ATT7,CMCT5,GSAT0,TWC5,UGA-45,VONA-3,VZ5
GT:ATT16,CMCT15,DRPA3,EGLN2,GSAT8,GT0,OSU0,PTGN2,TWC15,UC0,UGA-34,VONA5,VZ13
OSU:ATT15,CMCT15,DRPA3,EGLN2,GSAT7,GT0,OSU0,PTGN2,TWC15,UC0,UGA-35,VONA5,VZ13
PTGN:ATT13,CMCT13,DRPA2,EGLN1,GSAT5,GT-1,OSU-1,PTGN0,TWC13,UC-1,UGA-38,VONA3,VZ11
TWC:ATT1,CMCT0,GSAT-7,TWC0,UGA-51,VONA-10,VZ-2
UC:ATT15,CMCT15,DRPA3,EGLN2,GSAT8,GT0,OSU0,PTGN2,TWC15,UC0,UGA-34,VONA5,VZ13
UGA:ATT50,CMCT47,GSAT42,TWC47,UGA0,VONA39,VZ47
VONA:ATT10,CMCT9,GSAT2,TWC9,UGA-42,VONA0,VZ8
VZ:ATT2,CMCT1,GSAT-6,TWC1,UGA-49,VONA-9,VZ0
-----
ATT:ATT0,CMCT-6,GSAT-8,TWC-8,UGA-53,VONA-11,VZ-3
CMCT:ATT1,CMCT0,GSAT-7,TWC-2,UGA-51,VONA-10,VZ-2
DRPA:ATT13,CMCT12,DRPA0,EGLN1,GSAT5,GT-1,OSU-1,PTGN1,TWC12,UC-1,UGA-38,VONA2,VZ10
EGLN:ATT13,CMCT13,DRPA1,EGLN0,GSAT6,GT-2,OSU-2,PTGN0,TWC13,UC-2,UGA-36,VONA3,VZ11
GSAT:ATT7,CMCT2,GSAT0,TWC2,UGA-46,VONA-3,VZ5
GT:ATT15,CMCT15,DRPA3,EGLN2,GSAT8,GT0,OSU0,PTGN2,TWC15,UC0,UGA-34,VONA5,VZ13
OSU:ATT15,CMCT15,DRPA3,EGLN2,GSAT7,GT0,OSU0,PTGN2,TWC15,UC0,UGA-36,VONA5,VZ13
PTGN:ATT13,CMCT12,DRPA2,EGLN1,GSAT5,GT-1,OSU-1,PTGN0,TWC12,UC-1,UGA-39,VONA3,VZ11
TWC:ATT1,CMCT0,GSAT-7,TWC0,UGA-52,VONA-10,VZ-2
UC:ATT15,CMCT15,DRPA3,EGLN2,GSAT7,GT0,OSU0,PTGN2,TWC15,UC0,UGA-35,VONA5,VZ13
UGA:ATT50,CMCT44,GSAT42,TWC42,UGA0,VONA39,VZ47
VONA:ATT10,CMCT7,GSAT2,TWC7,UGA-43,VONA0,VZ8
VZ:ATT2,CMCT-1,GSAT-6,TWC-1,UGA-50,VONA-9,VZ0
-----
ATT:ATT0,CMCT-10,GSAT-8,TWC-17,UGA-54,VONA-11,VZ-3
CMCT:ATT1,CMCT0,GSAT-7,TWC-7,UGA-52,VONA-10,VZ-2
DRPA:ATT13,CMCT12,DRPA0,EGLN1,GSAT5,GT-1,OSU-1,PTGN1,TWC10,UC-1,UGA-39,VONA2,VZ10
EGLN:ATT13,CMCT13,DRPA1,EGLN0,GSAT5,GT-2,OSU-2,PTGN0,TWC13,UC-2,UGA-37,VONA3,VZ11
GSAT:ATT7,CMCT-2,GSAT0,TWC-4,UGA-47,VONA-3,VZ5
GT:ATT15,CMCT15,DRPA3,EGLN2,GSAT7,GT0,OSU0,PTGN2,TWC15,UC0,UGA-35,VONA5,VZ13
OSU:ATT15,CMCT14,DRPA3,EGLN2,GSAT7,GT0,OSU0,PTGN2,TWC14,UC0,UGA-37,VONA5,VZ13
PTGN:ATT13,CMCT10,DRPA2,EGLN1,GSAT5,GT-1,OSU-1,PTGN0,TWC10,UC-1,UGA-40,VONA3,VZ11
TWC:ATT1,CMCT0,GSAT-7,TWC0,UGA-53,VONA-10,VZ-2
UC:ATT15,CMCT15,DRPA3,EGLN2,GSAT7,GT0,OSU0,PTGN2,TWC15,UC0,UGA-36,VONA5,VZ13
UGA:ATT50,CMCT40,GSAT42,TWC33,UGA0,VONA39,VZ47
VONA:ATT10,CMCT4,GSAT2,TWC4,UGA-44,VONA0,VZ8
VZ:ATT2,CMCT-4,GSAT-6,TWC-6,UGA-51,VONA-9,VZ0
-----
ATT:ATT0,CMCT-15,GSAT-8,TWC-31,UGA-55,VONA-11,VZ-3
CMCT:ATT1,CMCT0,GSAT-7,TWC-16,UGA-53,VONA-10,VZ-2
DRPA:ATT13,CMCT12,DRPA0,EGLN1,GSAT5,GT-1,OSU-1,PTGN1,TWC5,UC-1,UGA-40,VONA2,VZ10
EGLN:ATT13,CMCT13,DRPA1,EGLN0,GSAT5,GT-2,OSU-2,PTGN0,TWC11,UC-2,UGA-38,VONA3,VZ11
GSAT:ATT7,CMCT-7,GSAT0,TWC-14,UGA-48,VONA-3,VZ5
GT:ATT15,CMCT15,DRPA3,EGLN2,GSAT7,GT0,OSU0,PTGN2,TWC15,UC0,UGA-36,VONA5,VZ13
OSU:ATT15,CMCT12,DRPA3,EGLN2,GSAT7,GT0,OSU0,PTGN2,TWC12,UC0,UGA-38,VONA5,VZ13
PTGN:ATT13,CMCT7,DRPA2,EGLN1,GSAT5,GT-1,OSU-1,PTGN0,TWC7,UC-1,UGA-41,VONA3,VZ11
TWC:ATT1,CMCT0,GSAT-7,TWC0,UGA-54,VONA-10,VZ-2
UC:ATT15,CMCT14,DRPA3,EGLN2,GSAT7,GT0,OSU0,PTGN2,TWC14,UC0,UGA-37,VONA5,VZ13
UGA:ATT50,CMCT35,GSAT42,TWC19,UGA0,VONA39,VZ47
VONA:ATT10,CMCT0,GSAT2,TWC-2,UGA-45,VONA0,VZ8
VZ:ATT2,CMCT-8,GSAT-6,TWC-15,UGA-52,VONA-9,VZ0
-----
ATT:ATT0,CMCT-21,GSAT-8,TWC-51,UGA-56,VONA-11,VZ-3
CMCT:ATT1,CMCT0,GSAT-7,TWC-30,UGA-54,VONA-10,VZ-2
DRPA:ATT13,CMCT12,DRPA0,EGLN1,GSAT5,GT-1,OSU-1,PTGN1,TWC-4,UC-1,UGA-41,VONA2,VZ10
EGLN:ATT13,CMCT12,DRPA1,EGLN0,GSAT5,GT-2,OSU-2,PTGN0,TWC6,UC-2,UGA-39,VONA3,VZ11
GSAT:ATT7,CMCT-13,GSAT0,TWC-29,UGA-49,VONA-3,VZ5
GT:ATT15,CMCT14,DRPA3,EGLN2,GSAT7,GT0,OSU0,PTGN2,TWC13,UC0,UGA-37,VONA5,VZ13
OSU:ATT15,CMCT9,DRPA3,EGLN2,GSAT7,GT0,OSU0,PTGN2,TWC9,UC0,UGA-39,VONA5,VZ13
PTGN:ATT13,CMCT3,DRPA2,EGLN1,GSAT5,GT-1,OSU-1,PTGN0,TWC1,UC-1,UGA-42,VONA3,VZ11
TWC:ATT1,CMCT0,GSAT-7,TWC0,UGA-55,VONA-10,VZ-2
UC:ATT15,CMCT12,DRPA3,EGLN2,GSAT7,GT0,OSU0,PTGN2,TWC12,UC0,UGA-38,VONA5,VZ13
UGA:ATT50,CMCT29,GSAT42,TWC-1,UGA0,VONA39,VZ47
VONA:ATT10,CMCT-5,GSAT2,TWC-12,UGA-46,VONA0,VZ8
VZ:ATT2,CMCT-13,GSAT-6,TWC-29,UGA-53,VONA-9,VZ0
-----
ATT:ATT0,CMCT-28,GSAT-8,TWC-78,UGA-57,VONA-11,VZ-3
CMCT:ATT1,CMCT0,GSAT-7,TWC-50,UGA-55,VONA-10,VZ-2
DRPA:ATT13,CMCT11,DRPA0,EGLN1,GSAT5,GT-1,OSU-1,PTGN1,TWC-18,UC-1,UGA-42,VONA2,VZ10
EGLN:ATT13,CMCT10,DRPA1,EGLN0,GSAT5,GT-2,OSU-2,PTGN0,TWC-3,UC-2,UGA-40,VONA3,VZ11
GSAT:ATT7,CMCT-20,GSAT0,TWC-50,UGA-50,VONA-3,VZ5
GT:ATT15,CMCT12,DRPA3,EGLN2,GSAT7,GT0,OSU0,PTGN2,TWC8,UC0,UGA-38,VONA5,VZ13
OSU:ATT15,CMCT5,DRPA3,EGLN2,GSAT7,GT0,OSU0,PTGN2,TWC3,UC0,UGA-40,VONA5,VZ13
PTGN:ATT13,CMCT-2,DRPA2,EGLN1,GSAT5,GT-1,OSU-1,PTGN0,TWC-9,UC-1,UGA-43,VONA3,VZ11
TWC:ATT1,CMCT-4,GSAT-7,TWC0,UGA-56,VONA-10,VZ-2
UC:ATT15,CMCT9,DRPA3,EGLN2,GSAT7,GT0,OSU0,PTGN2,TWC8,UC0,UGA-39,VONA5,VZ13
UGA:ATT50,CMCT22,GSAT42,TWC-28,UGA0,VONA39,VZ47
VONA:ATT10,CMCT-11,GSAT2,TWC-27,UGA-47,VONA0,VZ8
VZ:ATT2,CMCT-19,GSAT-6,TWC-49,UGA-54,VONA-9,VZ0
-----
ATT:ATT0,CMCT-36,GSAT-8,TWC-99,UGA-58,VONA-11,VZ-3
CMCT:ATT1,CMCT0,GSAT-7,TWC-77,UGA-56,VONA-10,VZ-2
DRPA:ATT13,CMCT8,DRPA0,EGLN1,GSAT5,GT-1,OSU-1,PTGN1,TWC-39,UC-1,UGA-43,VONA2,VZ10
EGLN:ATT13,CMCT7,DRPA1,EGLN0,GSAT5,GT-2,OSU-2,PTGN0,TWC-17,UC-2,UGA-41,VONA3,VZ11
GSAT:ATT7,CMCT-28,GSAT0,TWC-78,UGA-51,VONA-3,VZ5
GT:ATT15,CMCT9,DRPA3,EGLN2,GSAT7,GT0,OSU0,PTGN2,TWC-1,UC0,UGA-39,VONA5,VZ13
OSU:ATT15,CMCT0,DRPA3,EGLN2,GSAT7,GT0,OSU0,PTGN2,TWC-7,UC0,UGA-41,VONA5,VZ13
PTGN:ATT13,CMCT-8,DRPA2,EGLN1,GSAT5,GT-1,OSU-1,PTGN0,TWC-24,UC-1,UGA-44,VONA3,VZ11
TWC:ATT1,CMCT-10,GSAT-7,TWC0,UGA-57,VONA-10,VZ-2
UC:ATT15,CMCT5,DRPA3,EGLN2,GSAT7,GT0,OSU0,PTGN2,TWC-1,UC0,UGA-40,VONA5,VZ13
UGA:ATT50,CMCT14,GSAT42,TWC-99,UGA0,VONA39,VZ47
VONA:ATT10,CMCT-18,GSAT2,TWC-48,UGA-48,VONA0,VZ8
VZ:ATT2,CMCT-26,GSAT-6,TWC-76,UGA-55,VONA-9,VZ0
-----
ATT:ATT0,CMCT-45,GSAT-8,TWC-99,UGA-59,VONA-11,VZ-3
CMCT:ATT1,CMCT0,GSAT-7,TWC-99,UGA-57,VONA-10,VZ-2
DRPA:ATT13,CMCT4,DRPA0,EGLN1,GSAT5,GT-1,OSU-1,PTGN1,TWC-69,UC-1,UGA-44,VONA2,VZ10
EGLN:ATT13,CMCT3,DRPA1,EGLN0,GSAT5,GT-2,OSU-2,PTGN0,TWC-38,UC-2,UGA-42,VONA3,VZ11
GSAT:ATT7,CMCT-37,GSAT0,TWC-99,UGA-52,VONA-3,VZ5
GT:ATT15,CMCT5,DRPA3,EGLN2,GSAT7,GT0,OSU0,PTGN2,TWC-15,UC0,UGA-40,VONA5,VZ13
OSU:ATT15,CMCT-6,DRPA3,EGLN2,GSAT7,GT0,OSU0,PTGN2,TWC-22,UC0,UGA-42,VONA5,VZ13
PTGN:ATT13,CMCT-15,DRPA2,EGLN1,GSAT5,GT-1,OSU-1,PTGN0,TWC-45,UC-1,UGA-45,VONA3,VZ11
TWC:ATT1,CMCT-17,GSAT-7,TWC0,UGA-58,VONA-10,VZ-2
UC:ATT15,CMCT0,DRPA3,EGLN2,GSAT7,GT0,OSU0,PTGN2,TWC-15,UC0,UGA-41,VONA5,VZ13
UGA:ATT50,CMCT5,GSAT42,TWC-99,UGA0,VONA39,VZ47
VONA:ATT10,CMCT-26,GSAT2,TWC-76,UGA-49,VONA0,VZ8
VZ:ATT2,CMCT-34,GSAT-6,TWC-99,UGA-56,VONA-9,VZ0
-----
ATT:ATT0,CMCT-55,GSAT-8,TWC-99,UGA-60,VONA-11,VZ-3
CMCT:ATT1,CMCT0,GSAT-7,TWC-99,UGA-58,VONA-10,VZ-2
DRPA:ATT13,CMCT-1,DRPA0,EGLN1,GSAT5,GT-1,OSU-1,PTGN1,TWC-99,UC-1,UGA-45,VONA2,VZ10
EGLN:ATT13,CMCT-2,DRPA1,EGLN0,GSAT5,GT-2,OSU-2,PTGN0,TWC-68,UC-2,UGA-43,VONA3,VZ11
GSAT:ATT7,CMCT-47,GSAT0,TWC-99,UGA-53,VONA-3,VZ5
GT:ATT15,CMCT0,DRPA3,EGLN2,GSAT7,GT0,OSU0,PTGN2,TWC-36,UC0,UGA-41,VONA5,VZ13
OSU:ATT15,CMCT-13,DRPA3,EGLN2,GSAT7,GT0,OSU0,PTGN2,TWC-43,UC0,UGA-43,VONA5,VZ13
PTGN:ATT13,CMCT-23,DRPA2,EGLN1,GSAT5,GT-1,OSU-1,PTGN0,TWC-73,UC-1,UGA-46,VONA3,VZ11
TWC:ATT1,CMCT-25,GSAT-7,TWC0,UGA-59,VONA-10,VZ-2
UC:ATT15,CMCT-6,DRPA3,EGLN2,GSAT7,GT0,OSU0,PTGN2,TWC-36,UC0,UGA-42,VONA5,VZ13
UGA:ATT50,CMCT-5,GSAT42,TWC-99,UGA0,VONA39,VZ47
VONA:ATT10,CMCT-35,GSAT2,TWC-99,UGA-50,VONA0,VZ8
VZ:ATT2,CMCT-43,GSAT-6,TWC-99,UGA-57,VONA-9,VZ0
-----
ATT:ATT0,CMCT-66,GSAT-8,TWC-99,UGA-61,VONA-11,VZ-3
CMCT:ATT1,CMCT0,GSAT-7,TWC-99,UGA-59,VONA-10,VZ-2
DRPA:ATT13,CMCT-7,DRPA0,EGLN1,GSAT5,GT-1,OSU-1,PTGN1,TWC-99,UC-1,UGA-46,VONA2,VZ10
EGLN:ATT13,CMCT-8,DRPA1,EGLN0,GSAT5,GT-2,OSU-2,PTGN0,TWC-99,UC-2,UGA-44,VONA3,VZ11
GSAT:ATT7,CMCT-58,GSAT0,TWC-99,UGA-54,VONA-3,VZ5
GT:ATT15,CMCT-6,DRPA3,EGLN2,GSAT7,GT0,OSU0,PTGN2,TWC-66,UC0,UGA-42,VONA5,VZ13
OSU:ATT15,CMCT-21,DRPA3,EGLN2,GSAT7,GT0,OSU0,PTGN2,TWC-71,UC0,UGA-44,VONA5,VZ13
PTGN:ATT13,CMCT-32,DRPA2,EGLN1,GSAT5,GT-1,OSU-1,PTGN0,TWC-99,UC-1,UGA-47,VONA3,VZ11
TWC:ATT1,CMCT-34,GSAT-7,TWC0,UGA-60,VONA-10,VZ-2
UC:ATT15,CMCT-13,DRPA3,EGLN2,GSAT7,GT0,OSU0,PTGN2,TWC-66,UC0,UGA-43,VONA5,VZ13
UGA:ATT50,CMCT-16,GSAT42,TWC-99,UGA0,VONA39,VZ47
VONA:ATT10,CMCT-45,GSAT2,TWC-99,UGA-51,VONA0,VZ8
VZ:ATT2,CMCT-53,GSAT-6,TWC-99,UGA-58,VONA-9,VZ0
-----
ATT:ATT0,CMCT-78,GSAT-8,TWC-99,UGA-62,VONA-11,VZ-3
CMCT:ATT1,CMCT0,GSAT-7,TWC-99,UGA-60,VONA-10,VZ-2
DRPA:ATT13,CMCT-14,DRPA0,EGLN1,GSAT5,GT-1,OSU-1,PTGN1,TWC-99,UC-1,UGA-47,VONA2,VZ10
EGLN:ATT13,CMCT-15,DRPA1,EGLN0,GSAT5,GT-2,OSU-2,PTGN0,TWC-99,UC-2,UGA-45,VONA3,VZ11
GSAT:ATT7,CMCT-70,GSAT0,TWC-99,UGA-55,VONA-3,VZ5
GT:ATT15,CMCT-13,DRPA3,EGLN2,GSAT7,GT0,OSU0,PTGN2,TWC-99,UC0,UGA-43,VONA5,VZ13
OSU:ATT15,CMCT-30,DRPA3,EGLN2,GSAT7,GT0,OSU0,PTGN2,TWC-99,UC0,UGA-45,VONA5,VZ13
PTGN:ATT13,CMCT-42,DRPA2,EGLN1,GSAT5,GT-1,OSU-1,PTGN0,TWC-99,UC-1,UGA-48,VONA3,VZ11
TWC:ATT1,CMCT-44,GSAT-7,TWC0,UGA-61,VONA-10,VZ-2
UC:ATT15,CMCT-21,DRPA3,EGLN2,GSAT7,GT0,OSU0,PTGN2,TWC-99,UC0,UGA-44,VONA5,VZ13
UGA:ATT50,CMCT-28,GSAT42,TWC-99,UGA0,VONA39,VZ47
VONA:ATT10,CMCT-56,GSAT2,TWC-99,UGA-52,VONA0,VZ8
VZ:ATT2,CMCT-64,GSAT-6,TWC-99,UGA-59,VONA-9,VZ0
-----
ATT:ATT0,CMCT-91,GSAT-8,TWC-99,UGA-63,VONA-11,VZ-3
CMCT:ATT1,CMCT0,GSAT-7,TWC-99,UGA-61,VONA-10,VZ-2
DRPA:ATT13,CMCT-22,DRPA0,EGLN1,GSAT5,GT-1,OSU-1,PTGN1,TWC-99,UC-1,UGA-48,VONA2,VZ10
EGLN:ATT13,CMCT-23,DRPA1,EGLN0,GSAT5,GT-2,OSU-2,PTGN0,TWC-99,UC-2,UGA-46,VONA3,VZ11
GSAT:ATT7,CMCT-83,GSAT0,TWC-99,UGA-56,VONA-3,VZ5
GT:ATT15,CMCT-21,DRPA3,EGLN2,GSAT7,GT0,OSU0,PTGN2,TWC-99,UC0,UGA-44,VONA5,VZ13
OSU:ATT15,CMCT-40,DRPA3,EGLN2,GSAT7,GT0,OSU0,PTGN2,TWC-99,UC0,UGA-46,VONA5,VZ13
PTGN:ATT13,CMCT-53,DRPA2,EGLN1,GSAT5,GT-1,OSU-1,PTGN0,TWC-99,UC-1,UGA-49,VONA3,VZ11
TWC:ATT1,CMCT-55,GSAT-7,TWC0,UGA-62,VONA-10,VZ-2
UC:ATT15,CMCT-30,DRPA3,EGLN2,GSAT7,GT0,OSU0,PTGN2,TWC-99,UC0,UGA-45,VONA5,VZ13
UGA:ATT50,CMCT-41,GSAT42,TWC-99,UGA0,VONA39,VZ47
VONA:ATT10,CMCT-68,GSAT2,TWC-99,UGA-53,VONA0,VZ8
VZ:ATT2,CMCT-76,GSAT-6,TWC-99,UGA-60,VONA-9,VZ0
-----
ATT:ATT0,CMCT-99,GSAT-8,TWC-99,UGA-64,VONA-11,VZ-3
CMCT:ATT1,CMCT0,GSAT-7,TWC-99,UGA-62,VONA-10,VZ-2
DRPA:ATT13,CMCT-31,DRPA0,EGLN1,GSAT5,GT-1,OSU-1,PTGN1,TWC-99,UC-1,UGA-49,VONA2,VZ10
EGLN:ATT13,CMCT-32,DRPA1,EGLN0,GSAT5,GT-2,OSU-2,PTGN0,TWC-99,UC-2,UGA-47,VONA3,VZ11
GSAT:ATT7,CMCT-97,GSAT0,TWC-99,UGA-57,VONA-3,VZ5
GT:ATT15,CMCT-30,DRPA3,EGLN2,GSAT7,GT0,OSU0,PTGN2,TWC-99,UC0,UGA-45,VONA5,VZ13
OSU:ATT15,CMCT-51,DRPA3,EGLN2,GSAT7,GT0,OSU0,PTGN2,TWC-99,UC0,UGA-47,VONA5,VZ13
PTGN:ATT13,CMCT-65,DRPA2,EGLN1,GSAT5,GT-1,OSU-1,PTGN0,TWC-99,UC-1,UGA-50,VONA3,VZ11
TWC:ATT1,CMCT-67,GSAT-7,TWC0,UGA-63,VONA-10,VZ-2
UC:ATT15,CMCT-40,DRPA3,EGLN2,GSAT7,GT0,OSU0,PTGN2,TWC-99,UC0,UGA-46,VONA5,VZ13
UGA:ATT50,CMCT-99,GSAT42,TWC-99,UGA0,VONA39,VZ47
VONA:ATT10,CMCT-81,GSAT2,TWC-99,UGA-54,VONA0,VZ8
VZ:ATT2,CMCT-89,GSAT-6,TWC-99,UGA-61,VONA-9,VZ0
-----
ATT:ATT0,CMCT-99,GSAT-8,TWC-99,UGA-65,VONA-11,VZ-3
CMCT:ATT1,CMCT0,GSAT-7,TWC-99,UGA-63,VONA-10,VZ-2
DRPA:ATT13,CMCT-41,DRPA0,EGLN1,GSAT5,GT-1,OSU-1,PTGN1,TWC-99,UC-1,UGA-50,VONA2,VZ10
EGLN:ATT13,CMCT-42,DRPA1,EGLN0,GSAT5,GT-2,OSU-2,PTGN0,TWC-99,UC-2,UGA-48,VONA3,VZ11
GSAT:ATT7,CMCT-99,GSAT0,TWC-99,UGA-58,VONA-3,VZ5
GT:ATT15,CMCT-40,DRPA3,EGLN2,GSAT7,GT0,OSU0,PTGN2,TWC-99,UC0,UGA-46,VONA5,VZ13
OSU:ATT15,CMCT-63,DRPA3,EGLN2,GSAT7,GT0,OSU0,PTGN2,TWC-99,UC0,UGA-48,VONA5,VZ13
PTGN:ATT13,CMCT-78,DRPA2,EGLN1,GSAT5,GT-1,OSU-1,PTGN0,TWC-99,UC-1,UGA-51,VONA3,VZ11
TWC:ATT1,CMCT-80,GSAT-7,TWC0,UGA-64,VONA-10,VZ-2
UC:ATT15,CMCT-51,DRPA3,EGLN2,GSAT7,GT0,OSU0,PTGN2,TWC-99,UC0,UGA-47,VONA5,VZ13
UGA:ATT50,CMCT-99,GSAT42,TWC-99,UGA0,VONA39,VZ47
VONA:ATT10,CMCT-95,GSAT2,TWC-99,UGA-55,VONA0,VZ8
VZ:ATT2,CMCT-99,GSAT-6,TWC-99,UGA-62,VONA-9,VZ0
-----
ATT:ATT0,CMCT-99,GSAT-8,TWC-99,UGA-66,VONA-11,VZ-3
CMCT:ATT1,CMCT0,GSAT-7,TWC-99,UGA-64,VONA-10,VZ-2
DRPA:ATT13,CMCT-52,DRPA0,EGLN1,GSAT5,GT-1,OSU-1,PTGN1,TWC-99,UC-1,UGA-51,VONA2,VZ10
EGLN:ATT13,CMCT-53,DRPA1,EGLN0,GSAT5,GT-2,OSU-2,PTGN0,TWC-99,UC-2,UGA-49,VONA3,VZ11
GSAT:ATT7,CMCT-99,GSAT0,TWC-99,UGA-59,VONA-3,VZ5
GT:ATT15,CMCT-51,DRPA3,EGLN2,GSAT7,GT0,OSU0,PTGN2,TWC-99,UC0,UGA-47,VONA5,VZ13
OSU:ATT15,CMCT-76,DRPA3,EGLN2,GSAT7,GT0,OSU0,PTGN2,TWC-99,UC0,UGA-49,VONA5,VZ13
PTGN:ATT13,CMCT-92,DRPA2,EGLN1,GSAT5,GT-1,OSU-1,PTGN0,TWC-99,UC-1,UGA-52,VONA3,VZ11
TWC:ATT1,CMCT-94,GSAT-7,TWC0,UGA-65,VONA-10,VZ-2
UC:ATT15,CMCT-63,DRPA3,EGLN2,GSAT7,GT0,OSU0,PTGN2,TWC-99,UC0,UGA-48,VONA5,VZ13
UGA:ATT50,CMCT-99,GSAT42,TWC-99,UGA0,VONA39,VZ47
VONA:ATT10,CMCT-99,GSAT2,TWC-99,UGA-56,VONA0,VZ8
VZ:ATT2,CMCT-99,GSAT-6,TWC-99,UGA-63,VONA-9,VZ0
-----
ATT:ATT0,CMCT-99,GSAT-8,TWC-99,UGA-67,VONA-11,VZ-3
CMCT:ATT1,CMCT0,GSAT-7,TWC-99,UGA-65,VONA-10,VZ-2
DRPA:ATT13,CMCT-64,DRPA0,EGLN1,GSAT5,GT-1,OSU-1,PTGN1,TWC-99,UC-1,UGA-52,VONA2,VZ10
EGLN:ATT13,CMCT-65,DRPA1,EGLN0,GSAT5,GT-2,OSU-2,PTGN0,TWC-99,UC-2,UGA-50,VONA3,VZ11
GSAT:ATT7,CMCT-99,GSAT0,TWC-99,UGA-60,VONA-3,VZ5
GT:ATT15,CMCT-63,DRPA3,EGLN2,GSAT7,GT0,OSU0,PTGN2,TWC-99,UC0,UGA-48,VONA5,VZ13
OSU:ATT15,CMCT-90,DRPA3,EGLN2,GSAT7,GT0,OSU0,PTGN2,TWC-99,UC0,UGA-50,VONA5,VZ13
PTGN:ATT13,CMCT-99,DRPA2,EGLN1,GSAT5,GT-1,OSU-1,PTGN0,TWC-99,UC-1,UGA-53,VONA3,VZ11
TWC:ATT1,CMCT-99,GSAT-7,TWC0,UGA-66,VONA-10,VZ-2
UC:ATT15,CMCT-76,DRPA3,EGLN2,GSAT7,GT0,OSU0,PTGN2,TWC-99,UC0,UGA-49,VONA5,VZ13
UGA:ATT50,CMCT-99,GSAT42,TWC-99,UGA0,VONA39,VZ47
VONA:ATT10,CMCT-99,GSAT2,TWC-99,UGA-57,VONA0,VZ8
VZ:ATT2,CMCT-99,GSAT-6,TWC-99,UGA-64,VONA-9,VZ0
-----
ATT:ATT0,CMCT-99,GSAT-8,TWC-99,UGA-68,VONA-11,VZ-3
CMCT:ATT1,CMCT0,GSAT-7,TWC-99,UGA-66,VONA-10,VZ-2
DRPA:ATT13,CMCT-77,DRPA0,EGLN1,GSAT5,GT-1,OSU-1,PTGN1,TWC-99,UC-1,UGA-53,VONA2,VZ10
EGLN:ATT13,CMCT-78,DRPA1,EGLN0,GSAT5,GT-2,OSU-2,PTGN0,TWC-99,UC-2,UGA-51,VONA3,VZ11
GSAT:ATT7,CMCT-99,GSAT0,TWC-99,UGA-61,VONA-3,VZ5
GT:ATT15,CMCT-76,DRPA3,EGLN2,GSAT7,GT0,OSU0,PTGN2,TWC-99,UC0,UGA-49,VONA5,VZ13
OSU:ATT15,CMCT-99,DRPA3,EGLN2,GSAT7,GT0,OSU0,PTGN2,TWC-99,UC0,UGA-51,VONA5,VZ13
PTGN:ATT13,CMCT-99,DRPA2,EGLN1,GSAT5,GT-1,OSU-1,PTGN0,TWC-99,UC-1,UGA-54,VONA3,VZ11
TWC:ATT1,CMCT-99,GSAT-7,TWC0,UGA-67,VONA-10,VZ-2
UC:ATT15,CMCT-90,DRPA3,EGLN2,GSAT7,GT0,OSU0,PTGN2,TWC-99,UC0,UGA-50,VONA5,VZ13
UGA:ATT50,CMCT-99,GSAT42,TWC-99,UGA0,VONA39,VZ47
VONA:ATT10,CMCT-99,GSAT2,TWC-99,UGA-58,VONA0,VZ8
VZ:ATT2,CMCT-99,GSAT-6,TWC-99,UGA-65,VONA-9,VZ0
-----
ATT:ATT0,CMCT-99,GSAT-8,TWC-99,UGA-69,VONA-11,VZ-3
CMCT:ATT1,CMCT0,GSAT-7,TWC-99,UGA-67,VONA-10,VZ-2
DRPA:ATT13,CMCT-91,DRPA0,EGLN1,GSAT5,GT-1,OSU-1,PTGN1,TWC-99,UC-1,UGA-54,VONA2,VZ10
EGLN:ATT13,CMCT-92,DRPA1,EGLN0,GSAT5,GT-2,OSU-2,PTGN0,TWC-99,UC-2,UGA-52,VONA3,VZ11
GSAT:ATT7,CMCT-99,GSAT0,TWC-99,UGA-62,VONA-3,VZ5
GT:ATT15,CMCT-90,DRPA3,EGLN2,GSAT7,GT0,OSU0,PTGN2,TWC-99,UC0,UGA-50,VONA5,VZ13
OSU:ATT15,CMCT-99,DRPA3,EGLN2,GSAT7,GT0,OSU0,PTGN2,TWC-99,UC0,UGA-52,VONA5,VZ13
PTGN:ATT13,CMCT-99,DRPA2,EGLN1,GSAT5,GT-1,OSU-1,PTGN0,TWC-99,UC-1,UGA-55,VONA3,VZ11
TWC:ATT1,CMCT-99,GSAT-7,TWC0,UGA-68,VONA-10,VZ-2
UC:ATT15,CMCT-99,DRPA3,EGLN2,GSAT7,GT0,OSU0,PTGN2,TWC-99,UC0,UGA-51,VONA5,VZ13
UGA:ATT50,CMCT-99,GSAT42,TWC-99,UGA0,VONA39,VZ47
VONA:ATT10,CMCT-99,GSAT2,TWC-99,UGA-59,VONA0,VZ8
VZ:ATT2,CMCT-99,GSAT-6,TWC-99,UGA-66,VONA-9,VZ0
-----
ATT:ATT0,CMCT-99,GSAT-8,TWC-99,UGA-70,VONA-11,VZ-3
CMCT:ATT1,CMCT0,GSAT-7,TWC-99,UGA-68,VONA-10,VZ-2
DRPA:ATT13,CMCT-99,DRPA0,EGLN1,GSAT5,GT-1,OSU-1,PTGN1,TWC-99,UC-1,UGA-55,VONA2,VZ10
EGLN:ATT13,CMCT-99,DRPA1,EGLN0,GSAT5,GT-2,OSU-2,PTGN0,TWC-99,UC-2,UGA-53,VONA3,VZ11
GSAT:ATT7,CMCT-99,GSAT0,TWC-99,UGA-63,VONA-3,VZ5
GT:ATT15,CMCT-99,DRPA3,EGLN2,GSAT7,GT0,OSU0,PTGN2,TWC-99,UC0,UGA-51,VONA5,VZ13
OSU:ATT15,CMCT-99,DRPA3,EGLN2,GSAT7,GT0,OSU0,PTGN2,TWC-99,UC0,UGA-53,VONA5,VZ13
PTGN:ATT13,CMCT-99,DRPA2,EGLN1,GSAT5,GT-1,OSU-1,PTGN0,TWC-99,UC-1,UGA-56,VONA3,VZ11
TWC:ATT1,CMCT-99,GSAT-7,TWC0,UGA-69,VONA-10,VZ-2
UC:ATT15,CMCT-99,DRPA3,EGLN2,GSAT7,GT0,OSU0,PTGN2,TWC-99,UC0,UGA-52,VONA5,VZ13
UGA:ATT50,CMCT-99,GSAT42,TWC-99,UGA0,VONA39,VZ47
VONA:ATT10,CMCT-99,GSAT2,TWC-99,UGA-60,VONA0,VZ8
VZ:ATT2,CMCT-99,GSAT-6,TWC-99,UGA-67,VONA-9,VZ0
-----
ATT:ATT0,CMCT-99,GSAT-8,TWC-99,UGA-71,VONA-11,VZ-3
CMCT:ATT1,CMCT0,GSAT-7,TWC-99,UGA-69,VONA-10,VZ-2
DRPA:ATT13,CMCT-99,DRPA0,EGLN1,GSAT5,GT-1,OSU-1,PTGN1,TWC-99,UC-1,UGA-56,VONA2,VZ10
EGLN:ATT13,CMCT-99,DRPA1,EGLN0,GSAT5,GT-2,OSU-2,PTGN0,TWC-99,UC-2,UGA-54,VONA3,VZ11
GSAT:ATT7,CMCT-99,GSAT0,TWC-99,UGA-64,VONA-3,VZ5
GT:ATT15,CMCT-99,DRPA3,EGLN2,GSAT7,GT0,OSU0,PTGN2,TWC-99,UC0,UGA-52,VONA5,VZ13
OSU:ATT15,CMCT-99,DRPA3,EGLN2,GSAT7,GT0,OSU0,PTGN2,TWC-99,UC0,UGA-54,VONA5,VZ13
PTGN:ATT13,CMCT-99,DRPA2,EGLN1,GSAT5,GT-1,OSU-1,PTGN0,TWC-99,UC-1,UGA-57,VONA3,VZ11
TWC:ATT1,CMCT-99,GSAT-7,TWC0,UGA-70,VONA-10,VZ-2
UC:ATT15,CMCT-99,DRPA3,EGLN2,GSAT7,GT0,OSU0,PTGN2,TWC-99,UC0,UGA-53,VONA5,VZ13
UGA:ATT50,CMCT-99,GSAT42,TWC-99,UGA0,VONA39,VZ47
VONA:ATT10,CMCT-99,GSAT2,TWC-99,UGA-61,VONA0,VZ8
VZ:ATT2,CMCT-99,GSAT-6,TWC-99,UGA-68,VONA-9,VZ0
-----
ATT:ATT0,CMCT-99,GSAT-8,TWC-99,UGA-72,VONA-11,VZ-3
CMCT:ATT1,CMCT0,GSAT-7,TWC-99,UGA-70,VONA-10,VZ-2
DRPA:ATT13,CMCT-99,DRPA0,EGLN1,GSAT5,GT-1,OSU-1,PTGN1,TWC-99,UC-1,UGA-57,VONA2,VZ10
EGLN:ATT13,CMCT-99,DRPA1,EGLN0,GSAT5,GT-2,OSU-2,PTGN0,TWC-99,UC-2,UGA-55,VONA3,VZ11
GSAT:ATT7,CMCT-99,GSAT0,TWC-99,UGA-65,VONA-3,VZ5
GT:ATT15,CMCT-99,DRPA3,EGLN2,GSAT7,GT0,OSU0,PTGN2,TWC-99,UC0,UGA-53,VONA5,VZ13
OSU:ATT15,CMCT-99,DRPA3,EGLN2,GSAT7,GT0,OSU0,PTGN2,TWC-99,UC0,UGA-55,VONA5,VZ13
PTGN:ATT13,CMCT-99,DRPA2,EGLN1,GSAT5,GT-1,OSU-1,PTGN0,TWC-99,UC-1,UGA-58,VONA3,VZ11
TWC:ATT1,CMCT-99,GSAT-7,TWC0,UGA-71,VONA-10,VZ-2
UC:ATT15,CMCT-99,DRPA3,EGLN2,GSAT7,GT0,OSU0,PTGN2,TWC-99,UC0,UGA-54,VONA5,VZ13
UGA:ATT50,CMCT-99,GSAT42,TWC-99,UGA0,VONA39,VZ47
VONA:ATT10,CMCT-99,GSAT2,TWC-99,UGA-62,VONA0,VZ8
VZ:ATT2,CMCT-99,GSAT-6,TWC-99,UGA-69,VONA-9,VZ0
-----
ATT:ATT0,CMCT-99,GSAT-8,TWC-99,UGA-73,VONA-11,VZ-3
CMCT:ATT1,CMCT0,GSAT-7,TWC-99,UGA-71,VONA-10,VZ-2
DRPA:ATT13,CMCT-99,DRPA0,EGLN1,GSAT5,GT-1,OSU-1,PTGN1,TWC-99,UC-1,UGA-58,VONA2,VZ10
EGLN:ATT13,CMCT-99,DRPA1,EGLN0,GSAT5,GT-2,OSU-2,PTGN0,TWC-99,UC-2,UGA-56,VONA3,VZ11
GSAT:ATT7,CMCT-99,GSAT0,TWC-99,UGA-66,VONA-3,VZ5
GT:ATT15,CMCT-99,DRPA3,EGLN2,GSAT7,GT0,OSU0,PTGN2,TWC-99,UC0,UGA-54,VONA5,VZ13
OSU:ATT15,CMCT-99,DRPA3,EGLN2,GSAT7,GT0,OSU0,PTGN2,TWC-99,UC0,UGA-56,VONA5,VZ13
PTGN:ATT13,CMCT-99,DRPA2,EGLN1,GSAT5,GT-1,OSU-1,PTGN0,TWC-99,UC-1,UGA-59,VONA3,VZ11
TWC:ATT1,CMCT-99,GSAT-7,TWC0,UGA-72,VONA-10,VZ-2
UC:ATT15,CMCT-99,DRPA3,EGLN2,GSAT7,GT0,OSU0,PTGN2,TWC-99,UC0,UGA-55,VONA5,VZ13
UGA:ATT50,CMCT-99,GSAT42,TWC-99,UGA0,VONA39,VZ47
VONA:ATT10,CMCT-99,GSAT2,TWC-99,UGA-63,VONA0,VZ8
VZ:ATT2,CMCT-99,GSAT-6,TWC-99,UGA-70,VONA-9,VZ0
-----
ATT:ATT0,CMCT-99,GSAT-8,TWC-99,UGA-74,VONA-11,VZ-3
CMCT:ATT1,CMCT0,GSAT-7,TWC-99,UGA-72,VONA-10,VZ-2
DRPA:ATT13,CMCT-99,DRPA0,EGLN1,GSAT5,GT-1,OSU-1,PTGN1,TWC-99,UC-1,UGA-59,VONA2,VZ10
EGLN:ATT13,CMCT-99,DRPA1,EGLN0,GSAT5,GT-2,OSU-2,PTGN0,TWC-99,UC-2,UGA-57,VONA3,VZ11
GSAT:ATT7,CMCT-99,GSAT0,TWC-99,UGA-67,VONA-3,VZ5
GT:ATT15,CMCT-99,DRPA3,EGLN2,GSAT7,GT0,OSU0,PTGN2,TWC-99,UC0,UGA-55,VONA5,VZ13
OSU:ATT15,CMCT-99,DRPA3,EGLN2,GSAT7,GT0,OSU0,PTGN2,TWC-99,UC0,UGA-57,VONA5,VZ13
PTGN:ATT13,CMCT-99,DRPA2,EGLN1,GSAT5,GT-1,OSU-1,PTGN0,TWC-99,UC-1,UGA-60,VONA3,VZ11
TWC:ATT1,CMCT-99,GSAT-7,TWC0,UGA-73,VONA-10,VZ-2
UC:ATT15,CMCT-99,DRPA3,EGLN2,GSAT7,GT0,OSU0,PTGN2,TWC-99,UC0,UGA-56,VONA5,VZ13
UGA:ATT50,CMCT-99,GSAT42,TWC-99,UGA0,VONA39,VZ47
VONA:ATT10,CMCT-99,GSAT2,TWC-99,UGA-64,VONA0,VZ8
VZ:ATT2,CMCT-99,GSAT-6,TWC-99,UGA-71,VONA-9,VZ0
-----
ATT:ATT0,CMCT-99,GSAT-8,TWC-99,UGA-75,VONA-11,VZ-3
CMCT:ATT1,CMCT0,GSAT-7,TWC-99,UGA-73,VONA-10,VZ-2
DRPA:ATT13,CMCT-99,DRPA0,EGLN1,GSAT5,GT-1,OSU-1,PTGN1,TWC-99,UC-1,UGA-60,VONA2,VZ10
EGLN:ATT13,CMCT-99,DRPA1,EGLN0,GSAT5,GT-2,OSU-2,PTGN0,TWC-99,UC-2,UGA-58,VONA3,VZ11
GSAT:ATT7,CMCT-99,GSAT0,TWC-99,UGA-68,VONA-3,VZ5
GT:ATT15,CMCT-99,DRPA3,EGLN2,GSAT7,GT0,OSU0,PTGN2,TWC-99,UC0,UGA-56,VONA5,VZ13
OSU:ATT15,CMCT-99,DRPA3,EGLN2,GSAT7,GT0,OSU0,PTGN2,TWC-99,UC0,UGA-58,VONA5,VZ13
PTGN:ATT13,CMCT-99,DRPA2,EGLN1,GSAT5,GT-1,OSU-1,PTGN0,TWC-99,UC-1,UGA-61,VONA3,VZ11
TWC:ATT1,CMCT-99,GSAT-7,TWC0,UGA-74,VONA-10,VZ-2
UC:ATT15,CMCT-99,DRPA3,EGLN2,GSAT7,GT0,OSU0,PTGN2,TWC-99,UC0,UGA-57,VONA5,VZ13
UGA:ATT50,CMCT-99,GSAT42,TWC-99,UGA0,VONA39,VZ47
VONA:ATT10,CMCT-99,GSAT2,TWC-99,UGA-65,VONA0,VZ8
VZ:ATT2,CMCT-99,GSAT-6,TWC-99,UGA-72,VONA-9,VZ0
-----
ATT:ATT0,CMCT-99,GSAT-8,TWC-99,UGA-76,VONA-11,VZ-3
CMCT:ATT1,CMCT0,GSAT-7,TWC-99,UGA-74,VONA-10,VZ-2
DRPA:ATT13,CMCT-99,DRPA0,EGLN1,GSAT5,GT-1,OSU-1,PTGN1,TWC-99,UC-1,UGA-61,VONA2,VZ10
EGLN:ATT13,CMCT-99,DRPA1,EGLN0,GSAT5,GT-2,OSU-2,PTGN0,TWC-99,UC-2,UGA-59,VONA3,VZ11
GSAT:ATT7,CMCT-99,GSAT0,TWC-99,UGA-69,VONA-3,VZ5
GT:ATT15,CMCT-99,DRPA3,EGLN2,GSAT7,GT0,OSU0,PTGN2,TWC-99,UC0,UGA-57,VONA5,VZ13
OSU:ATT15,CMCT-99,DRPA3,EGLN2,GSAT7,GT0,OSU0,PTGN2,TWC-99,UC0,UGA-59,VONA5,VZ13
PTGN:ATT13,CMCT-99,DRPA2,EGLN1,GSAT5,GT-1,OSU-1,PTGN0,TWC-99,UC-1,UGA-62,VONA3,VZ11
TWC:ATT1,CMCT-99,GSAT-7,TWC0,UGA-75,VONA-10,VZ-2
UC:ATT15,CMCT-99,DRPA3,EGLN2,GSAT7,GT0,OSU0,PTGN2,TWC-99,UC0,UGA-58,VONA5,VZ13
UGA:ATT50,CMCT-99,GSAT42,TWC-99,UGA0,VONA39,VZ47
VONA:ATT10,CMCT-99,GSAT2,TWC-99,UGA-66,VONA0,VZ8
VZ:ATT2,CMCT-99,GSAT-6,TWC-99,UGA-73,VONA-9,VZ0
-----
ATT:ATT0,CMCT-99,GSAT-8,TWC-99,UGA-77,VONA-11,VZ-3
CMCT:ATT1,CMCT0,GSAT-7,TWC-99,UGA-75,VONA-10,VZ-2
DRPA:ATT13,CMCT-99,DRPA0,EGLN1,GSAT5,GT-1,OSU-1,PTGN1,TWC-99,UC-1,UGA-62,VONA2,VZ10
EGLN:ATT13,CMCT-99,DRPA1,EGLN0,GSAT5,GT-2,OSU-2,PTGN0,TWC-99,UC-2,UGA-60,VONA3,VZ11
GSAT:ATT7,CMCT-99,GSAT0,TWC-99,UGA-70,VONA-3,VZ5
GT:ATT15,CMCT-99,DRPA3,EGLN2,GSAT7,GT0,OSU0,PTGN2,TWC-99,UC0,UGA-58,VONA5,VZ13
OSU:ATT15,CMCT-99,DRPA3,EGLN2,GSAT7,GT0,OSU0,PTGN2,TWC-99,UC0,UGA-60,VONA5,VZ13
PTGN:ATT13,CMCT-99,DRPA2,EGLN1,GSAT5,GT-1,OSU-1,PTGN0,TWC-99,UC-1,UGA-63,VONA3,VZ11
TWC:ATT1,CMCT-99,GSAT-7,TWC0,UGA-76,VONA-10,VZ-2
UC:ATT15,CMCT-99,DRPA3,EGLN2,GSAT7,GT0,OSU0,PTGN2,TWC-99,UC0,UGA-59,VONA5,VZ13
UGA:ATT50,CMCT-99,GSAT42,TWC-99,UGA0,VONA39,VZ47
VONA:ATT10,CMCT-99,GSAT2,TWC-99,UGA-67,VONA0,VZ8
VZ:ATT2,CMCT-99,GSAT-6,TWC-99,UGA-74,VONA-9,VZ0
-----
ATT:ATT0,CMCT-99,GSAT-8,TWC-99,UGA-78,VONA-11,VZ-3
CMCT:ATT1,CMCT0,GSAT-7,TWC-99,UGA-76,VONA-10,VZ-2
DRPA:ATT13,CMCT-99,DRPA0,EGLN1,GSAT5,GT-1,OSU-1,PTGN1,TWC-99,UC-1,UGA-63,VONA2,VZ10
EGLN:ATT13,CMCT-99,DRPA1,EGLN0,GSAT5,GT-2,OSU-2,PTGN0,TWC-99,UC-2,UGA-61,VONA3,VZ11
GSAT:ATT7,CMCT-99,GSAT0,TWC-99,UGA-71,VONA-3,VZ5
GT:ATT15,CMCT-99,DRPA3,EGLN2,GSAT7,GT0,OSU0,PTGN2,TWC-99,UC0,UGA-59,VONA5,VZ13
OSU:ATT15,CMCT-99,DRPA3,EGLN2,GSAT7,GT0,OSU0,PTGN2,TWC-99,UC0,UGA-61,VONA5,VZ13
PTGN:ATT13,CMCT-99,DRPA2,EGLN1,GSAT5,GT-1,OSU-1,PTGN0,TWC-99,UC-1,UGA-64,VONA3,VZ11
TWC:ATT1,CMCT-99,GSAT-7,TWC0,UGA-77,VONA-10,VZ-2
UC:ATT15,CMCT-99,DRPA3,EGLN2,GSAT7,GT0,OSU0,PTGN2,TWC-99,UC0,UGA-60,VONA5,VZ13
UGA:ATT50,CMCT-99,GSAT42,TWC-99,UGA0,VONA39,VZ47
VONA:ATT10,CMCT-99,GSAT2,TWC-99,UGA-68,VONA0,VZ8
VZ:ATT2,CMCT-99,GSAT-6,TWC-99,UGA-75,VONA-9,VZ0
-----
ATT:ATT0,CMCT-99,GSAT-8,TWC-99,UGA-79,VONA-11,VZ-3
CMCT:ATT1,CMCT0,GSAT-7,TWC-99,UGA-77,VONA-10,VZ-2
DRPA:ATT13,CMCT-99,DRPA0,EGLN1,GSAT5,GT-1,OSU-1,PTGN1,TWC-99,UC-1,UGA-64,VONA2,VZ10
EGLN:ATT13,CMCT-99,DRPA1,EGLN0,GSAT5,GT-2,OSU-2,PTGN0,TWC-99,UC-2,UGA-62,VONA3,VZ11
GSAT:ATT7,CMCT-99,GSAT0,TWC-99,UGA-72,VONA-3,VZ5
GT:ATT15,CMCT-99,DRPA3,EGLN2,GSAT7,GT0,OSU0,PTGN2,TWC-99,UC0,UGA-60,VONA5,VZ13
OSU:ATT15,CMCT-99,DRPA3,EGLN2,GSAT7,GT0,OSU0,PTGN2,TWC-99,UC0,UGA-62,VONA5,VZ13
PTGN:ATT13,CMCT-99,DRPA2,EGLN1,GSAT5,GT-1,OSU-1,PTGN0,TWC-99,UC-1,UGA-65,VONA3,VZ11
TWC:ATT1,CMCT-99,GSAT-7,TWC0,UGA-78,VONA-10,VZ-2
UC:ATT15,CMCT-99,DRPA3,EGLN2,GSAT7,GT0,OSU0,PTGN2,TWC-99,UC0,UGA-61,VONA5,VZ13
UGA:ATT50,CMCT-99,GSAT42,TWC-99,UGA0,VONA39,VZ47
VONA:ATT10,CMCT-99,GSAT2,TWC-99,UGA-69,VONA0,VZ8
VZ:ATT2,CMCT-99,GSAT-6,TWC-99,UGA-76,VONA-9,VZ0
-----
ATT:ATT0,CMCT-99,GSAT-8,TWC-99,UGA-80,VONA-11,VZ-3
CMCT:ATT1,CMCT0,GSAT-7,TWC-99,UGA-78,VONA-10,VZ-2
DRPA:ATT13,CMCT-99,DRPA0,EGLN1,GSAT5,GT-1,OSU-1,PTGN1,TWC-99,UC-1,UGA-65,VONA2,VZ10
EGLN:ATT13,CMCT-99,DRPA1,EGLN0,GSAT5,GT-2,OSU-2,PTGN0,TWC-99,UC-2,UGA-63,VONA3,VZ11
GSAT:ATT7,CMCT-99,GSAT0,TWC-99,UGA-73,VONA-3,VZ5
GT:ATT15,CMCT-99,DRPA3,EGLN2,GSAT7,GT0,OSU0,PTGN2,TWC-99,UC0,UGA-61,VONA5,VZ13
OSU:ATT15,CMCT-99,DRPA3,EGLN2,GSAT7,GT0,OSU0,PTGN2,TWC-99,UC0,UGA-63,VONA5,VZ13
PTGN:ATT13,CMCT-99,DRPA2,EGLN1,GSAT5,GT-1,OSU-1,PTGN0,TWC-99,UC-1,UGA-66,VONA3,VZ11
TWC:ATT1,CMCT-99,GSAT-7,TWC0,UGA-79,VONA-10,VZ-2
UC:ATT15,CMCT-99,DRPA3,EGLN2,GSAT7,GT0,OSU0,PTGN2,TWC-99,UC0,UGA-62,VONA5,VZ13
UGA:ATT50,CMCT-99,GSAT42,TWC-99,UGA0,VONA39,VZ47
VONA:ATT10,CMCT-99,GSAT2,TWC-99,UGA-70,VONA0,VZ8
VZ:ATT2,CMCT-99,GSAT-6,TWC-99,UGA-77,VONA-9,VZ0
-----
ATT:ATT0,CMCT-99,GSAT-8,TWC-99,UGA-81,VONA-11,VZ-3
CMCT:ATT1,CMCT0,GSAT-7,TWC-99,UGA-79,VONA-10,VZ-2
DRPA:ATT13,CMCT-99,DRPA0,EGLN1,GSAT5,GT-1,OSU-1,PTGN1,TWC-99,UC-1,UGA-66,VONA2,VZ10
EGLN:ATT13,CMCT-99,DRPA1,EGLN0,GSAT5,GT-2,OSU-2,PTGN0,TWC-99,UC-2,UGA-64,VONA3,VZ11
GSAT:ATT7,CMCT-99,GSAT0,TWC-99,UGA-74,VONA-3,VZ5
GT:ATT15,CMCT-99,DRPA3,EGLN2,GSAT7,GT0,OSU0,PTGN2,TWC-99,UC0,UGA-62,VONA5,VZ13
OSU:ATT15,CMCT-99,DRPA3,EGLN2,GSAT7,GT0,OSU0,PTGN2,TWC-99,UC0,UGA-64,VONA5,VZ13
PTGN:ATT13,CMCT-99,DRPA2,EGLN1,GSAT5,GT-1,OSU-1,PTGN0,TWC-99,UC-1,UGA-67,VONA3,VZ11
TWC:ATT1,CMCT-99,GSAT-7,TWC0,UGA-80,VONA-10,VZ-2
UC:ATT15,CMCT-99,DRPA3,EGLN2,GSAT7,GT0,OSU0,PTGN2,TWC-99,UC0,UGA-63,VONA5,VZ13
UGA:ATT50,CMCT-99,GSAT42,TWC-99,UGA0,VONA39,VZ47
VONA:ATT10,CMCT-99,GSAT2,TWC-99,UGA-71,VONA0,VZ8
VZ:ATT2,CMCT-99,GSAT-6,TWC-99,UGA-78,VONA-9,VZ0
-----
ATT:ATT0,CMCT-99,GSAT-8,TWC-99,UGA-82,VONA-11,VZ-3
CMCT:ATT1,CMCT0,GSAT-7,TWC-99,UGA-80,VONA-10,VZ-2
DRPA:ATT13,CMCT-99,DRPA0,EGLN1,GSAT5,GT-1,OSU-1,PTGN1,TWC-99,UC-1,UGA-67,VONA2,VZ10
EGLN:ATT13,CMCT-99,DRPA1,EGLN0,GSAT5,GT-2,OSU-2,PTGN0,TWC-99,UC-2,UGA-65,VONA3,VZ11
GSAT:ATT7,CMCT-99,GSAT0,TWC-99,UGA-75,VONA-3,VZ5
GT:ATT15,CMCT-99,DRPA3,EGLN2,GSAT7,GT0,OSU0,PTGN2,TWC-99,UC0,UGA-63,VONA5,VZ13
OSU:ATT15,CMCT-99,DRPA3,EGLN2,GSAT7,GT0,OSU0,PTGN2,TWC-99,UC0,UGA-65,VONA5,VZ13
PTGN:ATT13,CMCT-99,DRPA2,EGLN1,GSAT5,GT-1,OSU-1,PTGN0,TWC-99,UC-1,UGA-68,VONA3,VZ11
TWC:ATT1,CMCT-99,GSAT-7,TWC0,UGA-81,VONA-10,VZ-2
UC:ATT15,CMCT-99,DRPA3,EGLN2,GSAT7,GT0,OSU0,PTGN2,TWC-99,UC0,UGA-64,VONA5,VZ13
UGA:ATT50,CMCT-99,GSAT42,TWC-99,UGA0,VONA39,VZ47
VONA:ATT10,CMCT-99,GSAT2,TWC-99,UGA-72,VONA0,VZ8
VZ:ATT2,CMCT-99,GSAT-6,TWC-99,UGA-79,VONA-9,VZ0
-----
ATT:ATT0,CMCT-99,GSAT-8,TWC-99,UGA-83,VONA-11,VZ-3
CMCT:ATT1,CMCT0,GSAT-7,TWC-99,UGA-81,VONA-10,VZ-2
DRPA:ATT13,CMCT-99,DRPA0,EGLN1,GSAT5,GT-1,OSU-1,PTGN1,TWC-99,UC-1,UGA-68,VONA2,VZ10
EGLN:ATT13,CMCT-99,DRPA1,EGLN0,GSAT5,GT-2,OSU-2,PTGN0,TWC-99,UC-2,UGA-66,VONA3,VZ11
GSAT:ATT7,CMCT-99,GSAT0,TWC-99,UGA-76,VONA-3,VZ5
GT:ATT15,CMCT-99,DRPA3,EGLN2,GSAT7,GT0,OSU0,PTGN2,TWC-99,UC0,UGA-64,VONA5,VZ13
OSU:ATT15,CMCT-99,DRPA3,EGLN2,GSAT7,GT0,OSU0,PTGN2,TWC-99,UC0,UGA-66,VONA5,VZ13
PTGN:ATT13,CMCT-99,DRPA2,EGLN1,GSAT5,GT-1,OSU-1,PTGN0,TWC-99,UC-1,UGA-69,VONA3,VZ11
TWC:ATT1,CMCT-99,GSAT-7,TWC0,UGA-82,VONA-10,VZ-2
UC:ATT15,CMCT-99,DRPA3,EGLN2,GSAT7,GT0,OSU0,PTGN2,TWC-99,UC0,UGA-65,VONA5,VZ13
UGA:ATT50,CMCT-99,GSAT42,TWC-99,UGA0,VONA39,VZ47
VONA:ATT10,CMCT-99,GSAT2,TWC-99,UGA-73,VONA0,VZ8
VZ:ATT2,CMCT-99,GSAT-6,TWC-99,UGA-80,VONA-9,VZ0
-----
ATT:ATT0,CMCT-99,GSAT-8,TWC-99,UGA-84,VONA-11,VZ-3
CMCT:ATT1,CMCT0,GSAT-7,TWC-99,UGA-82,VONA-10,VZ-2
DRPA:ATT13,CMCT-99,DRPA0,EGLN1,GSAT5,GT-1,OSU-1,PTGN1,TWC-99,UC-1,UGA-69,VONA2,VZ10
EGLN:ATT13,CMCT-99,DRPA1,EGLN0,GSAT5,GT-2,OSU-2,PTGN0,TWC-99,UC-2,UGA-67,VONA3,VZ11
GSAT:ATT7,CMCT-99,GSAT0,TWC-99,UGA-77,VONA-3,VZ5
GT:ATT15,CMCT-99,DRPA3,EGLN2,GSAT7,GT0,OSU0,PTGN2,TWC-99,UC0,UGA-65,VONA5,VZ13
OSU:ATT15,CMCT-99,DRPA3,EGLN2,GSAT7,GT0,OSU0,PTGN2,TWC-99,UC0,UGA-67,VONA5,VZ13
PTGN:ATT13,CMCT-99,DRPA2,EGLN1,GSAT5,GT-1,OSU-1,PTGN0,TWC-99,UC-1,UGA-70,VONA3,VZ11
TWC:ATT1,CMCT-99,GSAT-7,TWC0,UGA-83,VONA-10,VZ-2
UC:ATT15,CMCT-99,DRPA3,EGLN2,GSAT7,GT0,OSU0,PTGN2,TWC-99,UC0,UGA-66,VONA5,VZ13
UGA:ATT50,CMCT-99,GSAT42,TWC-99,UGA0,VONA39,VZ47
VONA:ATT10,CMCT-99,GSAT2,TWC-99,UGA-74,VONA0,VZ8
VZ:ATT2,CMCT-99,GSAT-6,TWC-99,UGA-81,VONA-9,VZ0
-----
ATT:ATT0,CMCT-99,GSAT-8,TWC-99,UGA-85,VONA-11,VZ-3
CMCT:ATT1,CMCT0,GSAT-7,TWC-99,UGA-83,VONA-10,VZ-2
DRPA:ATT13,CMCT-99,DRPA0,EGLN1,GSAT5,GT-1,OSU-1,PTGN1,TWC-99,UC-1,UGA-70,VONA2,VZ10
EGLN:ATT13,CMCT-99,DRPA1,EGLN0,GSAT5,GT-2,OSU-2,PTGN0,TWC-99,UC-2,UGA-68,VONA3,VZ11
GSAT:ATT7,CMCT-99,GSAT0,TWC-99,UGA-78,VONA-3,VZ5
GT:ATT15,CMCT-99,DRPA3,EGLN2,GSAT7,GT0,OSU0,PTGN2,TWC-99,UC0,UGA-66,VONA5,VZ13
OSU:ATT15,CMCT-99,DRPA3,EGLN2,GSAT7,GT0,OSU0,PTGN2,TWC-99,UC0,UGA-68,VONA5,VZ13
PTGN:ATT13,CMCT-99,DRPA2,EGLN1,GSAT5,GT-1,OSU-1,PTGN0,TWC-99,UC-1,UGA-71,VONA3,VZ11
TWC:ATT1,CMCT-99,GSAT-7,TWC0,UGA-84,VONA-10,VZ-2
UC:ATT15,CMCT-99,DRPA3,EGLN2,GSAT7,GT0,OSU0,PTGN2,TWC-99,UC0,UGA-67,VONA5,VZ13
UGA:ATT50,CMCT-99,GSAT42,TWC-99,UGA0,VONA39,VZ47
VONA:ATT10,CMCT-99,GSAT2,TWC-99,UGA-75,VONA0,VZ8
VZ:ATT2,CMCT-99,GSAT-6,TWC-99,UGA-82,VONA-9,VZ0
-----
ATT:ATT0,CMCT-99,GSAT-8,TWC-99,UGA-86,VONA-11,VZ-3
CMCT:ATT1,CMCT0,GSAT-7,TWC-99,UGA-84,VONA-10,VZ-2
DRPA:ATT13,CMCT-99,DRPA0,EGLN1,GSAT5,GT-1,OSU-1,PTGN1,TWC-99,UC-1,UGA-71,VONA2,VZ10
EGLN:ATT13,CMCT-99,DRPA1,EGLN0,GSAT5,GT-2,OSU-2,PTGN0,TWC-99,UC-2,UGA-69,VONA3,VZ11
GSAT:ATT7,CMCT-99,GSAT0,TWC-99,UGA-79,VONA-3,VZ5
GT:ATT15,CMCT-99,DRPA3,EGLN2,GSAT7,GT0,OSU0,PTGN2,TWC-99,UC0,UGA-67,VONA5,VZ13
OSU:ATT15,CMCT-99,DRPA3,EGLN2,GSAT7,GT0,OSU0,PTGN2,TWC-99,UC0,UGA-69,VONA5,VZ13
PTGN:ATT13,CMCT-99,DRPA2,EGLN1,GSAT5,GT-1,OSU-1,PTGN0,TWC-99,UC-1,UGA-72,VONA3,VZ11
TWC:ATT1,CMCT-99,GSAT-7,TWC0,UGA-85,VONA-10,VZ-2
UC:ATT15,CMCT-99,DRPA3,EGLN2,GSAT7,GT0,OSU0,PTGN2,TWC-99,UC0,UGA-68,VONA5,VZ13
UGA:ATT50,CMCT-99,GSAT42,TWC-99,UGA0,VONA39,VZ47
VONA:ATT10,CMCT-99,GSAT2,TWC-99,UGA-76,VONA0,VZ8
VZ:ATT2,CMCT-99,GSAT-6,TWC-99,UGA-83,VONA-9,VZ0
-----
ATT:ATT0,CMCT-99,GSAT-8,TWC-99,UGA-87,VONA-11,VZ-3
CMCT:ATT1,CMCT0,GSAT-7,TWC-99,UGA-85,VONA-10,VZ-2
DRPA:ATT13,CMCT-99,DRPA0,EGLN1,GSAT5,GT-1,OSU-1,PTGN1,TWC-99,UC-1,UGA-72,VONA2,VZ10
EGLN:ATT13,CMCT-99,DRPA1,EGLN0,GSAT5,GT-2,OSU-2,PTGN0,TWC-99,UC-2,UGA-70,VONA3,VZ11
GSAT:ATT7,CMCT-99,GSAT0,TWC-99,UGA-80,VONA-3,VZ5
GT:ATT15,CMCT-99,DRPA3,EGLN2,GSAT7,GT0,OSU0,PTGN2,TWC-99,UC0,UGA-68,VONA5,VZ13
OSU:ATT15,CMCT-99,DRPA3,EGLN2,GSAT7,GT0,OSU0,PTGN2,TWC-99,UC0,UGA-70,VONA5,VZ13
PTGN:ATT13,CMCT-99,DRPA2,EGLN1,GSAT5,GT-1,OSU-1,PTGN0,TWC-99,UC-1,UGA-73,VONA3,VZ11
TWC:ATT1,CMCT-99,GSAT-7,TWC0,UGA-86,VONA-10,VZ-2
UC:ATT15,CMCT-99,DRPA3,EGLN2,GSAT7,GT0,OSU0,PTGN2,TWC-99,UC0,UGA-69,VONA5,VZ13
UGA:ATT50,CMCT-99,GSAT42,TWC-99,UGA0,VONA39,VZ47
VONA:ATT10,CMCT-99,GSAT2,TWC-99,UGA-77,VONA0,VZ8
VZ:ATT2,CMCT-99,GSAT-6,TWC-99,UGA-84,VONA-9,VZ0
-----
ATT:ATT0,CMCT-99,GSAT-8,TWC-99,UGA-88,VONA-11,VZ-3
CMCT:ATT1,CMCT0,GSAT-7,TWC-99,UGA-86,VONA-10,VZ-2
DRPA:ATT13,CMCT-99,DRPA0,EGLN1,GSAT5,GT-1,OSU-1,PTGN1,TWC-99,UC-1,UGA-73,VONA2,VZ10
EGLN:ATT13,CMCT-99,DRPA1,EGLN0,GSAT5,GT-2,OSU-2,PTGN0,TWC-99,UC-2,UGA-71,VONA3,VZ11
GSAT:ATT7,CMCT-99,GSAT0,TWC-99,UGA-81,VONA-3,VZ5
GT:ATT15,CMCT-99,DRPA3,EGLN2,GSAT7,GT0,OSU0,PTGN2,TWC-99,UC0,UGA-69,VONA5,VZ13
OSU:ATT15,CMCT-99,DRPA3,EGLN2,GSAT7,GT0,OSU0,PTGN2,TWC-99,UC0,UGA-71,VONA5,VZ13
PTGN:ATT13,CMCT-99,DRPA2,EGLN1,GSAT5,GT-1,OSU-1,PTGN0,TWC-99,UC-1,UGA-74,VONA3,VZ11
TWC:ATT1,CMCT-99,GSAT-7,TWC0,UGA-87,VONA-10,VZ-2
UC:ATT15,CMCT-99,DRPA3,EGLN2,GSAT7,GT0,OSU0,PTGN2,TWC-99,UC0,UGA-70,VONA5,VZ13
UGA:ATT50,CMCT-99,GSAT42,TWC-99,UGA0,VONA39,VZ47
VONA:ATT10,CMCT-99,GSAT2,TWC-99,UGA-78,VONA0,VZ8
VZ:ATT2,CMCT-99,GSAT-6,TWC-99,UGA-85,VONA-9,VZ0
-----
ATT:ATT0,CMCT-99,GSAT-8,TWC-99,UGA-89,VONA-11,VZ-3
CMCT:ATT1,CMCT0,GSAT-7,TWC-99,UGA-87,VONA-10,VZ-2
DRPA:ATT13,CMCT-99,DRPA0,EGLN1,GSAT5,GT-1,OSU-1,PTGN1,TWC-99,UC-1,UGA-74,VONA2,VZ10
EGLN:ATT13,CMCT-99,DRPA1,EGLN0,GSAT5,GT-2,OSU-2,PTGN0,TWC-99,UC-2,UGA-72,VONA3,VZ11
GSAT:ATT7,CMCT-99,GSAT0,TWC-99,UGA-82,VONA-3,VZ5
GT:ATT15,CMCT-99,DRPA3,EGLN2,GSAT7,GT0,OSU0,PTGN2,TWC-99,UC0,UGA-70,VONA5,VZ13
OSU:ATT15,CMCT-99,DRPA3,EGLN2,GSAT7,GT0,OSU0,PTGN2,TWC-99,UC0,UGA-72,VONA5,VZ13
PTGN:ATT13,CMCT-99,DRPA2,EGLN1,GSAT5,GT-1,OSU-1,PTGN0,TWC-99,UC-1,UGA-75,VONA3,VZ11
TWC:ATT1,CMCT-99,GSAT-7,TWC0,UGA-88,VONA-10,VZ-2
UC:ATT15,CMCT-99,DRPA3,EGLN2,GSAT7,GT0,OSU0,PTGN2,TWC-99,UC0,UGA-71,VONA5,VZ13
UGA:ATT50,CMCT-99,GSAT42,TWC-99,UGA0,VONA39,VZ47
VONA:ATT10,CMCT-99,GSAT2,TWC-99,UGA-79,VONA0,VZ8
VZ:ATT2,CMCT-99,GSAT-6,TWC-99,UGA-86,VONA-9,VZ0
-----
ATT:ATT0,CMCT-99,GSAT-8,TWC-99,UGA-90,VONA-11,VZ-3
CMCT:ATT1,CMCT0,GSAT-7,TWC-99,UGA-88,VONA-10,VZ-2
DRPA:ATT13,CMCT-99,DRPA0,EGLN1,GSAT5,GT-1,OSU-1,PTGN1,TWC-99,UC-1,UGA-75,VONA2,VZ10
EGLN:ATT13,CMCT-99,DRPA1,EGLN0,GSAT5,GT-2,OSU-2,PTGN0,TWC-99,UC-2,UGA-73,VONA3,VZ11
GSAT:ATT7,CMCT-99,GSAT0,TWC-99,UGA-83,VONA-3,VZ5
GT:ATT15,CMCT-99,DRPA3,EGLN2,GSAT7,GT0,OSU0,PTGN2,TWC-99,UC0,UGA-71,VONA5,VZ13
OSU:ATT15,CMCT-99,DRPA3,EGLN2,GSAT7,GT0,OSU0,PTGN2,TWC-99,UC0,UGA-73,VONA5,VZ13
PTGN:ATT13,CMCT-99,DRPA2,EGLN1,GSAT5,GT-1,OSU-1,PTGN0,TWC-99,UC-1,UGA-76,VONA3,VZ11
TWC:ATT1,CMCT-99,GSAT-7,TWC0,UGA-89,VONA-10,VZ-2
UC:ATT15,CMCT-99,DRPA3,EGLN2,GSAT7,GT0,OSU0,PTGN2,TWC-99,UC0,UGA-72,VONA5,VZ13
UGA:ATT50,CMCT-99,GSAT42,TWC-99,UGA0,VONA39,VZ47
VONA:ATT10,CMCT-99,GSAT2,TWC-99,UGA-80,VONA0,VZ8
VZ:ATT2,CMCT-99,GSAT-6,TWC-99,UGA-87,VONA-9,VZ0
-----
ATT:ATT0,CMCT-99,GSAT-8,TWC-99,UGA-91,VONA-11,VZ-3
CMCT:ATT1,CMCT0,GSAT-7,TWC-99,UGA-89,VONA-10,VZ-2
DRPA:ATT13,CMCT-99,DRPA0,EGLN1,GSAT5,GT-1,OSU-1,PTGN1,TWC-99,UC-1,UGA-76,VONA2,VZ10
EGLN:ATT13,CMCT-99,DRPA1,EGLN0,GSAT5,GT-2,OSU-2,PTGN0,TWC-99,UC-2,UGA-74,VONA3,VZ11
GSAT:ATT7,CMCT-99,GSAT0,TWC-99,UGA-84,VONA-3,VZ5
GT:ATT15,CMCT-99,DRPA3,EGLN2,GSAT7,GT0,OSU0,PTGN2,TWC-99,UC0,UGA-72,VONA5,VZ13
OSU:ATT15,CMCT-99,DRPA3,EGLN2,GSAT7,GT0,OSU0,PTGN2,TWC-99,UC0,UGA-74,VONA5,VZ13
PTGN:ATT13,CMCT-99,DRPA2,EGLN1,GSAT5,GT-1,OSU-1,PTGN0,TWC-99,UC-1,UGA-77,VONA3,VZ11
TWC:ATT1,CMCT-99,GSAT-7,TWC0,UGA-90,VONA-10,VZ-2
UC:ATT15,CMCT-99,DRPA3,EGLN2,GSAT7,GT0,OSU0,PTGN2,TWC-99,UC0,UGA-73,VONA5,VZ13
UGA:ATT50,CMCT-99,GSAT42,TWC-99,UGA0,VONA39,VZ47
VONA:ATT10,CMCT-99,GSAT2,TWC-99,UGA-81,VONA0,VZ8
VZ:ATT2,CMCT-99,GSAT-6,TWC-99,UGA-88,VONA-9,VZ0
-----
ATT:ATT0,CMCT-99,GSAT-8,TWC-99,UGA-92,VONA-11,VZ-3
CMCT:ATT1,CMCT0,GSAT-7,TWC-99,UGA-90,VONA-10,VZ-2
DRPA:ATT13,CMCT-99,DRPA0,EGLN1,GSAT5,GT-1,OSU-1,PTGN1,TWC-99,UC-1,UGA-77,VONA2,VZ10
EGLN:ATT13,CMCT-99,DRPA1,EGLN0,GSAT5,GT-2,OSU-2,PTGN0,TWC-99,UC-2,UGA-75,VONA3,VZ11
GSAT:ATT7,CMCT-99,GSAT0,TWC-99,UGA-85,VONA-3,VZ5
GT:ATT15,CMCT-99,DRPA3,EGLN2,GSAT7,GT0,OSU0,PTGN2,TWC-99,UC0,UGA-73,VONA5,VZ13
OSU:ATT15,CMCT-99,DRPA3,EGLN2,GSAT7,GT0,OSU0,PTGN2,TWC-99,UC0,UGA-75,VONA5,VZ13
PTGN:ATT13,CMCT-99,DRPA2,EGLN1,GSAT5,GT-1,OSU-1,PTGN0,TWC-99,UC-1,UGA-78,VONA3,VZ11
TWC:ATT1,CMCT-99,GSAT-7,TWC0,UGA-91,VONA-10,VZ-2
UC:ATT15,CMCT-99,DRPA3,EGLN2,GSAT7,GT0,OSU0,PTGN2,TWC-99,UC0,UGA-74,VONA5,VZ13
UGA:ATT50,CMCT-99,GSAT42,TWC-99,UGA0,VONA39,VZ47
VONA:ATT10,CMCT-99,GSAT2,TWC-99,UGA-82,VONA0,VZ8
VZ:ATT2,CMCT-99,GSAT-6,TWC-99,UGA-89,VONA-9,VZ0
-----
ATT:ATT0,CMCT-99,GSAT-8,TWC-99,UGA-93,VONA-11,VZ-3
CMCT:ATT1,CMCT0,GSAT-7,TWC-99,UGA-91,VONA-10,VZ-2
DRPA:ATT13,CMCT-99,DRPA0,EGLN1,GSAT5,GT-1,OSU-1,PTGN1,TWC-99,UC-1,UGA-78,VONA2,VZ10
EGLN:ATT13,CMCT-99,DRPA1,EGLN0,GSAT5,GT-2,OSU-2,PTGN0,TWC-99,UC-2,UGA-76,VONA3,VZ11
GSAT:ATT7,CMCT-99,GSAT0,TWC-99,UGA-86,VONA-3,VZ5
GT:ATT15,CMCT-99,DRPA3,EGLN2,GSAT7,GT0,OSU0,PTGN2,TWC-99,UC0,UGA-74,VONA5,VZ13
OSU:ATT15,CMCT-99,DRPA3,EGLN2,GSAT7,GT0,OSU0,PTGN2,TWC-99,UC0,UGA-76,VONA5,VZ13
PTGN:ATT13,CMCT-99,DRPA2,EGLN1,GSAT5,GT-1,OSU-1,PTGN0,TWC-99,UC-1,UGA-79,VONA3,VZ11
TWC:ATT1,CMCT-99,GSAT-7,TWC0,UGA-92,VONA-10,VZ-2
UC:ATT15,CMCT-99,DRPA3,EGLN2,GSAT7,GT0,OSU0,PTGN2,TWC-99,UC0,UGA-75,VONA5,VZ13
UGA:ATT50,CMCT-99,GSAT42,TWC-99,UGA0,VONA39,VZ47
VONA:ATT10,CMCT-99,GSAT2,TWC-99,UGA-83,VONA0,VZ8
VZ:ATT2,CMCT-99,GSAT-6,TWC-99,UGA-90,VONA-9,VZ0
-----
ATT:ATT0,CMCT-99,GSAT-8,TWC-99,UGA-94,VONA-11,VZ-3
CMCT:ATT1,CMCT0,GSAT-7,TWC-99,UGA-92,VONA-10,VZ-2
DRPA:ATT13,CMCT-99,DRPA0,EGLN1,GSAT5,GT-1,OSU-1,PTGN1,TWC-99,UC-1,UGA-79,VONA2,VZ10
EGLN:ATT13,CMCT-99,DRPA1,EGLN0,GSAT5,GT-2,OSU-2,PTGN0,TWC-99,UC-2,UGA-77,VONA3,VZ11
GSAT:ATT7,CMCT-99,GSAT0,TWC-99,UGA-87,VONA-3,VZ5
GT:ATT15,CMCT-99,DRPA3,EGLN2,GSAT7,GT0,OSU0,PTGN2,TWC-99,UC0,UGA-75,VONA5,VZ13
OSU:ATT15,CMCT-99,DRPA3,EGLN2,GSAT7,GT0,OSU0,PTGN2,TWC-99,UC0,UGA-77,VONA5,VZ13
PTGN:ATT13,CMCT-99,DRPA2,EGLN1,GSAT5,GT-1,OSU-1,PTGN0,TWC-99,UC-1,UGA-80,VONA3,VZ11
TWC:ATT1,CMCT-99,GSAT-7,TWC0,UGA-93,VONA-10,VZ-2
UC:ATT15,CMCT-99,DRPA3,EGLN2,GSAT7,GT0,OSU0,PTGN2,TWC-99,UC0,UGA-76,VONA5,VZ13
UGA:ATT50,CMCT-99,GSAT42,TWC-99,UGA0,VONA39,VZ47
VONA:ATT10,CMCT-99,GSAT2,TWC-99,UGA-84,VONA0,VZ8
VZ:ATT2,CMCT-99,GSAT-6,TWC-99,UGA-91,VONA-9,VZ0
-----
ATT:ATT0,CMCT-99,GSAT-8,TWC-99,UGA-95,VONA-11,VZ-3
CMCT:ATT1,CMCT0,GSAT-7,TWC-99,UGA-93,VONA-10,VZ-2
DRPA:ATT13,CMCT-99,DRPA0,EGLN1,GSAT5,GT-1,OSU-1,PTGN1,TWC-99,UC-1,UGA-80,VONA2,VZ10
EGLN:ATT13,CMCT-99,DRPA1,EGLN0,GSAT5,GT-2,OSU-2,PTGN0,TWC-99,UC-2,UGA-78,VONA3,VZ11
GSAT:ATT7,CMCT-99,GSAT0,TWC-99,UGA-88,VONA-3,VZ5
GT:ATT15,CMCT-99,DRPA3,EGLN2,GSAT7,GT0,OSU0,PTGN2,TWC-99,UC0,UGA-76,VONA5,VZ13
OSU:ATT15,CMCT-99,DRPA3,EGLN2,GSAT7,GT0,OSU0,PTGN2,TWC-99,UC0,UGA-78,VONA5,VZ13
PTGN:ATT13,CMCT-99,DRPA2,EGLN1,GSAT5,GT-1,OSU-1,PTGN0,TWC-99,UC-1,UGA-81,VONA3,VZ11
TWC:ATT1,CMCT-99,GSAT-7,TWC0,UGA-94,VONA-10,VZ-2
UC:ATT15,CMCT-99,DRPA3,EGLN2,GSAT7,GT0,OSU0,PTGN2,TWC-99,UC0,UGA-77,VONA5,VZ13
UGA:ATT50,CMCT-99,GSAT42,TWC-99,UGA0,VONA39,VZ47
VONA:ATT10,CMCT-99,GSAT2,TWC-99,UGA-85,VONA0,VZ8
VZ:ATT2,CMCT-99,GSAT-6,TWC-99,UGA-92,VONA-9,VZ0
-----
ATT:ATT0,CMCT-99,GSAT-8,TWC-99,UGA-96,VONA-11,VZ-3
CMCT:ATT1,CMCT0,GSAT-7,TWC-99,UGA-94,VONA-10,VZ-2
DRPA:ATT13,CMCT-99,DRPA0,EGLN1,GSAT5,GT-1,OSU-1,PTGN1,TWC-99,UC-1,UGA-81,VONA2,VZ10
EGLN:ATT13,CMCT-99,DRPA1,EGLN0,GSAT5,GT-2,OSU-2,PTGN0,TWC-99,UC-2,UGA-79,VONA3,VZ11
GSAT:ATT7,CMCT-99,GSAT0,TWC-99,UGA-89,VONA-3,VZ5
GT:ATT15,CMCT-99,DRPA3,EGLN2,GSAT7,GT0,OSU0,PTGN2,TWC-99,UC0,UGA-77,VONA5,VZ13
OSU:ATT15,CMCT-99,DRPA3,EGLN2,GSAT7,GT0,OSU0,PTGN2,TWC-99,UC0,UGA-79,VONA5,VZ13
PTGN:ATT13,CMCT-99,DRPA2,EGLN1,GSAT5,GT-1,OSU-1,PTGN0,TWC-99,UC-1,UGA-82,VONA3,VZ11
TWC:ATT1,CMCT-99,GSAT-7,TWC0,UGA-95,VONA-10,VZ-2
UC:ATT15,CMCT-99,DRPA3,EGLN2,GSAT7,GT0,OSU0,PTGN2,TWC-99,UC0,UGA-78,VONA5,VZ13
UGA:ATT50,CMCT-99,GSAT42,TWC-99,UGA0,VONA39,VZ47
VONA:ATT10,CMCT-99,GSAT2,TWC-99,UGA-86,VONA0,VZ8
VZ:ATT2,CMCT-99,GSAT-6,TWC-99,UGA-93,VONA-9,VZ0
-----
ATT:ATT0,CMCT-99,GSAT-8,TWC-99,UGA-97,VONA-11,VZ-3
CMCT:ATT1,CMCT0,GSAT-7,TWC-99,UGA-95,VONA-10,VZ-2
DRPA:ATT13,CMCT-99,DRPA0,EGLN1,GSAT5,GT-1,OSU-1,PTGN1,TWC-99,UC-1,UGA-82,VONA2,VZ10
EGLN:ATT13,CMCT-99,DRPA1,EGLN0,GSAT5,GT-2,OSU-2,PTGN0,TWC-99,UC-2,UGA-80,VONA3,VZ11
GSAT:ATT7,CMCT-99,GSAT0,TWC-99,UGA-90,VONA-3,VZ5
GT:ATT15,CMCT-99,DRPA3,EGLN2,GSAT7,GT0,OSU0,PTGN2,TWC-99,UC0,UGA-78,VONA5,VZ13
OSU:ATT15,CMCT-99,DRPA3,EGLN2,GSAT7,GT0,OSU0,PTGN2,TWC-99,UC0,UGA-80,VONA5,VZ13
PTGN:ATT13,CMCT-99,DRPA2,EGLN1,GSAT5,GT-1,OSU-1,PTGN0,TWC-99,UC-1,UGA-83,VONA3,VZ11
TWC:ATT1,CMCT-99,GSAT-7,TWC0,UGA-96,VONA-10,VZ-2
UC:ATT15,CMCT-99,DRPA3,EGLN2,GSAT7,GT0,OSU0,PTGN2,TWC-99,UC0,UGA-79,VONA5,VZ13
UGA:ATT50,CMCT-99,GSAT42,TWC-99,UGA0,VONA39,VZ47
VONA:ATT10,CMCT-99,GSAT2,TWC-99,UGA-87,VONA0,VZ8
VZ:ATT2,CMCT-99,GSAT-6,TWC-99,UGA-94,VONA-9,VZ0
-----
ATT:ATT0,CMCT-99,GSAT-8,TWC-99,UGA-98,VONA-11,VZ-3
CMCT:ATT1,CMCT0,GSAT-7,TWC-99,UGA-96,VONA-10,VZ-2
DRPA:ATT13,CMCT-99,DRPA0,EGLN1,GSAT5,GT-1,OSU-1,PTGN1,TWC-99,UC-1,UGA-83,VONA2,VZ10
EGLN:ATT13,CMCT-99,DRPA1,EGLN0,GSAT5,GT-2,OSU-2,PTGN0,TWC-99,UC-2,UGA-81,VONA3,VZ11
GSAT:ATT7,CMCT-99,GSAT0,TWC-99,UGA-91,VONA-3,VZ5
GT:ATT15,CMCT-99,DRPA3,EGLN2,GSAT7,GT0,OSU0,PTGN2,TWC-99,UC0,UGA-79,VONA5,VZ13
OSU:ATT15,CMCT-99,DRPA3,EGLN2,GSAT7,GT0,OSU0,PTGN2,TWC-99,UC0,UGA-81,VONA5,VZ13
PTGN:ATT13,CMCT-99,DRPA2,EGLN1,GSAT5,GT-1,OSU-1,PTGN0,TWC-99,UC-1,UGA-84,VONA3,VZ11
TWC:ATT1,CMCT-99,GSAT-7,TWC0,UGA-97,VONA-10,VZ-2
UC:ATT15,CMCT-99,DRPA3,EGLN2,GSAT7,GT0,OSU0,PTGN2,TWC-99,UC0,UGA-80,VONA5,VZ13
UGA:ATT50,CMCT-99,GSAT42,TWC-99,UGA0,VONA39,VZ47
VONA:ATT10,CMCT-99,GSAT2,TWC-99,UGA-88,VONA0,VZ8
VZ:ATT2,CMCT-99,GSAT-6,TWC-99,UGA-95,VONA-9,VZ0
-----
ATT:ATT0,CMCT-99,GSAT-8,TWC-99,UGA-99,VONA-11,VZ-3
CMCT:ATT1,CMCT0,GSAT-7,TWC-99,UGA-97,VONA-10,VZ-2
DRPA:ATT13,CMCT-99,DRPA0,EGLN1,GSAT5,GT-1,OSU-1,PTGN1,TWC-99,UC-1,UGA-84,VONA2,VZ10
EGLN:ATT13,CMCT-99,DRPA1,EGLN0,GSAT5,GT-2,OSU-2,PTGN0,TWC-99,UC-2,UGA-82,VONA3,VZ11
GSAT:ATT7,CMCT-99,GSAT0,TWC-99,UGA-92,VONA-3,VZ5
GT:ATT15,CMCT-99,DRPA3,EGLN2,GSAT7,GT0,OSU0,PTGN2,TWC-99,UC0,UGA-80,VONA5,VZ13
OSU:ATT15,CMCT-99,DRPA3,EGLN2,GSAT7,GT0,OSU0,PTGN2,TWC-99,UC0,UGA-82,VONA5,VZ13
PTGN:ATT13,CMCT-99,DRPA2,EGLN1,GSAT5,GT-1,OSU-1,PTGN0,TWC-99,UC-1,UGA-85,VONA3,VZ11
TWC:ATT1,CMCT-99,GSAT-7,TWC0,UGA-98,VONA-10,VZ-2
UC:ATT15,CMCT-99,DRPA3,EGLN2,GSAT7,GT0,OSU0,PTGN2,TWC-99,UC0,UGA-81,VONA5,VZ13
UGA:ATT50,CMCT-99,GSAT42,TWC-99,UGA0,VONA39,VZ47
VONA:ATT10,CMCT-99,GSAT2,TWC-99,UGA-89,VONA0,VZ8
VZ:ATT2,CMCT-99,GSAT-6,TWC-99,UGA-96,VONA-9,VZ0
-----
ATT:ATT0,CMCT-99,GSAT-8,TWC-99,UGA-99,VONA-11,VZ-3
CMCT:ATT1,CMCT0,GSAT-7,TWC-99,UGA-99,VONA-10,VZ-2
DRPA:ATT13,CMCT-99,DRPA0,EGLN1,GSAT5,GT-1,OSU-1,PTGN1,TWC-99,UC-1,UGA-85,VONA2,VZ10
EGLN:ATT13,CMCT-99,DRPA1,EGLN0,GSAT5,GT-2,OSU-2,PTGN0,TWC-99,UC-2,UGA-83,VONA3,VZ11
GSAT:ATT7,CMCT-99,GSAT0,TWC-99,UGA-93,VONA-3,VZ5
GT:ATT15,CMCT-99,DRPA3,EGLN2,GSAT7,GT0,OSU0,PTGN2,TWC-99,UC0,UGA-81,VONA5,VZ13
OSU:ATT15,CMCT-99,DRPA3,EGLN2,GSAT7,GT0,OSU0,PTGN2,TWC-99,UC0,UGA-83,VONA5,VZ13
PTGN:ATT13,CMCT-99,DRPA2,EGLN1,GSAT5,GT-1,OSU-1,PTGN0,TWC-99,UC-1,UGA-86,VONA3,VZ11
TWC:ATT1,CMCT-99,GSAT-7,TWC0,UGA-99,VONA-10,VZ-2
UC:ATT15,CMCT-99,DRPA3,EGLN2,GSAT7,GT0,OSU0,PTGN2,TWC-99,UC0,UGA-82,VONA5,VZ13
UGA:ATT50,CMCT-99,GSAT42,TWC-99,UGA0,VONA39,VZ47
VONA:ATT10,CMCT-99,GSAT2,TWC-99,UGA-90,VONA0,VZ8
VZ:ATT2,CMCT-99,GSAT-6,TWC-99,UGA-99,VONA-9,VZ0
-----
ATT:ATT0,CMCT-99,GSAT-8,TWC-99,UGA-99,VONA-11,VZ-3
CMCT:ATT1,CMCT0,GSAT-7,TWC-99,UGA-99,VONA-10,VZ-2
DRPA:ATT13,CMCT-99,DRPA0,EGLN1,GSAT5,GT-1,OSU-1,PTGN1,TWC-99,UC-1,UGA-99,VONA2,VZ10
EGLN:ATT13,CMCT-99,DRPA1,EGLN0,GSAT5,GT-2,OSU-2,PTGN0,TWC-99,UC-2,UGA-84,VONA3,VZ11
GSAT:ATT7,CMCT-99,GSAT0,TWC-99,UGA-99,VONA-3,VZ5
GT:ATT15,CMCT-99,DRPA3,EGLN2,GSAT7,GT0,OSU0,PTGN2,TWC-99,UC0,UGA-82,VONA5,VZ13
OSU:ATT15,CMCT-99,DRPA3,EGLN2,GSAT7,GT0,OSU0,PTGN2,TWC-99,UC0,UGA-84,VONA5,VZ13
PTGN:ATT13,CMCT-99,DRPA2,EGLN1,GSAT5,GT-1,OSU-1,PTGN0,TWC-99,UC-1,UGA-87,VONA3,VZ11
TWC:ATT1,CMCT-99,GSAT-7,TWC0,UGA-99,VONA-10,VZ-2
UC:ATT15,CMCT-99,DRPA3,EGLN2,GSAT7,GT0,OSU0,PTGN2,TWC-99,UC0,UGA-83,VONA5,VZ13
UGA:ATT50,CMCT-99,GSAT42,TWC-99,UGA0,VONA39,VZ47
VONA:ATT10,CMCT-99,GSAT2,TWC-99,UGA-99,VONA0,VZ8
VZ:ATT2,CMCT-99,GSAT-6,TWC-99,UGA-99,VONA-9,VZ0
-----
ATT:ATT0,CMCT-99,GSAT-8,TWC-99,UGA-99,VONA-11,VZ-3
CMCT:ATT1,CMCT0,GSAT-7,TWC-99,UGA-99,VONA-10,VZ-2
DRPA:ATT13,CMCT-99,DRPA0,EGLN1,GSAT5,GT-1,OSU-1,PTGN1,TWC-99,UC-1,UGA-99,VONA2,VZ10
EGLN:ATT13,CMCT-99,DRPA1,EGLN0,GSAT5,GT-2,OSU-2,PTGN0,TWC-99,UC-2,UGA-99,VONA3,VZ11
GSAT:ATT7,CMCT-99,GSAT0,TWC-99,UGA-99,VONA-3,VZ5
GT:ATT15,CMCT-99,DRPA3,EGLN2,GSAT7,GT0,OSU0,PTGN2,TWC-99,UC0,UGA-83,VONA5,VZ13
OSU:ATT15,CMCT-99,DRPA3,EGLN2,GSAT7,GT0,OSU0,PTGN2,TWC-99,UC0,UGA-85,VONA5,VZ13
PTGN:ATT13,CMCT-99,DRPA2,EGLN1,GSAT5,GT-1,OSU-1,PTGN0,TWC-99,UC-1,UGA-99,VONA3,VZ11
TWC:ATT1,CMCT-99,GSAT-7,TWC0,UGA-99,VONA-10,VZ-2
UC:ATT15,CMCT-99,DRPA3,EGLN2,GSAT7,GT0,OSU0,PTGN2,TWC-99,UC0,UGA-84,VONA5,VZ13
UGA:ATT50,CMCT-99,GSAT42,TWC-99,UGA0,VONA39,VZ47
VONA:ATT10,CMCT-99,GSAT2,TWC-99,UGA-99,VONA0,VZ8
VZ:ATT2,CMCT-99,GSAT-6,TWC-99,UGA-99,VONA-9,VZ0
-----
ATT:ATT0,CMCT-99,GSAT-8,TWC-99,UGA-99,VONA-11,VZ-3
CMCT:ATT1,CMCT0,GSAT-7,TWC-99,UGA-99,VONA-10,VZ-2
DRPA:ATT13,CMCT-99,DRPA0,EGLN1,GSAT5,GT-1,OSU-1,PTGN1,TWC-99,UC-1,UGA-99,VONA2,VZ10
EGLN:ATT13,CMCT-99,DRPA1,EGLN0,GSAT5,GT-2,OSU-2,PTGN0,TWC-99,UC-2,UGA-99,VONA3,VZ11
GSAT:ATT7,CMCT-99,GSAT0,TWC-99,UGA-99,VONA-3,VZ5
GT:ATT15,CMCT-99,DRPA3,EGLN2,GSAT7,GT0,OSU0,PTGN2,TWC-99,UC0,UGA-99,VONA5,VZ13
OSU:ATT15,CMCT-99,DRPA3,EGLN2,GSAT7,GT0,OSU0,PTGN2,TWC-99,UC0,UGA-99,VONA5,VZ13
PTGN:ATT13,CMCT-99,DRPA2,EGLN1,GSAT5,GT-1,OSU-1,PTGN0,TWC-99,UC-1,UGA-99,VONA3,VZ11
TWC:ATT1,CMCT-99,GSAT-7,TWC0,UGA-99,VONA-10,VZ-2
UC:ATT15,CMCT-99,DRPA3,EGLN2,GSAT7,GT0,OSU0,PTGN2,TWC-99,UC0,UGA-99,VONA5,VZ13
UGA:ATT50,CMCT-99,GSAT42,TWC-99,UGA0,VONA39,VZ47
VONA:ATT10,CMCT-99,GSAT2,TWC-99,UGA-99,VONA0,VZ8
VZ:ATT2,CMCT-99,GSAT-6,TWC-99,UGA-99,VONA-9,VZ0
-----
ATT:ATT0,CMCT-99,GSAT-8,TWC-99,UGA-99,VONA-11,VZ-3
CMCT:ATT1,CMCT0,GSAT-7,TWC-99,UGA-99,VONA-10,VZ-2
DRPA:ATT13,CMCT-99,DRPA0,EGLN1,GSAT5,GT-1,OSU-1,PTGN1,TWC-99,UC-1,UGA-99,VONA2,VZ10
EGLN:ATT13,CMCT-99,DRPA1,EGLN0,GSAT5,GT-2,OSU-2,PTGN0,TWC-99,UC-2,UGA-99,VONA3,VZ11
GSAT:ATT7,CMCT-99,GSAT0,TWC-99,UGA-99,VONA-3,VZ5
GT:ATT15,CMCT-99,DRPA3,EGLN2,GSAT7,GT0,OSU0,PTGN2,TWC-99,UC0,UGA-99,VONA5,VZ13
OSU:ATT15,CMCT-99,DRPA3,EGLN2,GSAT7,GT0,OSU0,PTGN2,TWC-99,UC0,UGA-99,VONA5,VZ13
PTGN:ATT13,CMCT-99,DRPA2,EGLN1,GSAT5,GT-1,OSU-1,PTGN0,TWC-99,UC-1,UGA-99,VONA3,VZ11
TWC:ATT1,CMCT-99,GSAT-7,TWC0,UGA-99,VONA-10,VZ-2
UC:ATT15,CMCT-99,DRPA3,EGLN2,GSAT7,GT0,OSU0,PTGN2,TWC-99,UC0,UGA-99,VONA5,VZ13
UGA:ATT50,CMCT-99,GSAT42,TWC-99,UGA0,VONA39,VZ47
VONA:ATT10,CMCT-99,GSAT2,TWC-99,UGA-99,VONA0,VZ8
VZ:ATT2,CMCT-99,GSAT-6,TWC-99,UGA-99,VONA-9,VZ0
-----
