A:A0,B-10
B:B0,C-10
C:A-10,B-20,C0,D5
D:A-5,B-15,C5,D0,E15
E:A10,B0,C20,D15,E0,F-10
F:F0,G-10
G:A0,B-10,C10,D5,E-10,F-20,G0
-----
A:A0,B-10,C-20
B:A-20,B0,C-10,D-5
C:A-10,B-20,C0,D5,E20
D:A-5,B-15,C5,D0,E15,F5
E:A10,B0,C20,D15,E0,F-10,G-20
F:A-10,B-20,C0,D-5,E-20,F0,G-10
G:A0,B-10,C10,D5,E-10,F-20,G0
-----
A:A0,B-10,C-20,D-15
B:A-20,B0,C-10,D-5,E10
C:A-10,B-20,C0,D-25,E20,F10
D:A-5,B-15,C5,D0,E15,F5,G-5
E:A-20,B-30,C-10,D-15,E0,F-10,G-20
F:A-10,B-20,C0,D-5,E-20,F0,G-10
G:A-30,B-40,C-20,D-25,E-10,F-20,G0
-----
A:A0,B-10,C-20,D-15,E0
B:A-20,B0,C-10,D-35,E10,F0
C:A-10,B-20,C0,D-25,E-10,F-20,G-30
D:A-5,B-15,C5,D0,E-5,F-15,G-25
E:A-20,B-30,C-10,D-15,E0,F-10,G-20
F:A-40,B-50,C-30,D-35,E-20,F0,G-10
G:A-30,B-40,C-20,D-25,E-10,F-20,G0
-----
A:A0,B-10,C-20,D-45,E0,F-10
B:A-20,B0,C-10,D-35,E-20,F-30,G-40
C:A-10,B-20,C0,D-55,E-30,F-40,G-50
D:A-5,B-15,C5,D0,E-25,F-35,G-45
E:A-50,B-60,C-40,D-45,E0,F-20,G-30
F:A-40,B-50,C-30,D-35,E-20,F0,G-10
G:A-60,B-70,C-50,D-55,E-10,F-30,G0
-----
A:A0,B-10,C-20,D-45,E-30,F-40,G-50
B:A-20,B0,C-10,D-65,E-40,F-50,G-60
C:A-10,B-20,C0,D-55,E-80,F-90,G-99
D:A-35,B-45,C-25,D0,E-75,F-85,G-99
E:A-80,B-90,C-70,D-45,E0,F-70,G-99
F:A-70,B-80,C-60,D-65,E-20,F0,G-10
G:A-90,B-99,C-80,D-55,E-10,F-80,G0
-----
A:A0,B-10,C-20,D-75,E-50,F-60,G-70
B:A-20,B0,C-10,D-65,E-90,F-99,G-99
C:A-30,B-40,C0,D-85,E-99,F-99,G-99
D:A-85,B-95,C-55,D0,E-99,F-99,G-99
E:A-99,B-99,C-99,D-75,E0,F-99,G-99
F:A-99,B-99,C-90,D-65,E-20,F0,G-10
G:A-99,B-99,C-99,D-85,E-10,F-99,G0
-----
A:A0,B-10,C-20,D-75,E-99,F-99,G-99
B:A-40,B0,C-10,D-95,E-99,F-99,G-99
C:A-80,B-90,C0,D-85,E-99,F-99,G-99
D:A-99,B-99,C-99,D0,E-99,F-99,G-99
E:A-99,B-99,C-99,D-75,E0,F-99,G-99
F:A-99,B-99,C-99,D-95,E-20,F0,G-10
G:A-99,B-99,C-99,D-85,E-10,F-99,G0
-----
A:A0,B-10,C-20,D-99,E-99,F-99,G-99
B:A-90,B0,C-10,D-95,E-99,F-99,G-99
C:A-99,B-99,C0,D-99,E-99,F-99,G-99
D:A-99,B-99,C-99,D0,E-99,F-99,G-99
E:A-99,B-99,C-99,D-99,E0,F-99,G-99
F:A-99,B-99,C-99,D-95,E-20,F0,G-10
G:A-99,B-99,C-99,D-99,E-10,F-99,G0
-----
A:A0,B-10,C-20,D-99,E-99,F-99,G-99
B:A-99,B0,C-10,D-99,E-99,F-99,G-99
C:A-99,B-99,C0,D-99,E-99,F-99,G-99
D:A-99,B-99,C-99,D0,E-99,F-99,G-99
E:A-99,B-99,C-99,D-99,E0,F-99,G-99
F:A-99,B-99,C-99,D-99,E-20,F0,G-10
G:A-99,B-99,C-99,D-99,E-10,F-99,G0
-----
A:A0,B-10,C-20,D-99,E-99,F-99,G-99
B:A-99,B0,C-10,D-99,E-99,F-99,G-99
C:A-99,B-99,C0,D-99,E-99,F-99,G-99
D:A-99,B-99,C-99,D0,E-99,F-99,G-99
E:A-99,B-99,C-99,D-99,E0,F-99,G-99
F:A-99,B-99,C-99,D-99,E-20,F0,G-10
G:A-99,B-99,C-99,D-99,E-10,F-99,G0
-----
