A:A0
B:A1,B0,CC5,G-4
CC:A6,B5,CC0,G1,HK-8
D:A4,B3,CC-2,D0,G-1,HK-10
G:G0,HK3
HK:A-2,B-3,CC-8,G-7,HK0
-----
A:A0
B:A1,B0,CC5,G-4,HK-3
CC:A-10,B-11,CC0,G-15,HK-8
D:A-12,B-13,CC-2,D0,G-17,HK-10
G:A1,B0,CC-5,G0,HK3
HK:A-22,B-19,CC-8,G-23,HK0
-----
A:A0
B:A-9,B0,CC-9,G-10,HK-3
CC:A-36,B-27,CC0,G-37,HK-8
D:A-38,B-29,CC-2,D0,G-39,HK-10
G:A-19,B-16,CC-5,G0,HK3
HK:A-64,B-35,CC-8,G-45,HK0
-----
A:A0
B:A-51,B0,CC-9,G-32,HK-3
CC:A-94,B-43,CC0,G-75,HK-8
D:A-96,B-45,CC-2,D0,G-77,HK-10
G:A-61,B-32,CC-5,G0,HK3
HK:A-99,B-51,CC-8,G-83,HK0
-----
A:A0
B:A-99,B0,CC-9,G-70,HK-3
CC:A-99,B-59,CC0,G-99,HK-8
D:A-99,B-61,CC-2,D0,G-99,HK-10
G:A-99,B-48,CC-5,G0,HK3
HK:A-99,B-67,CC-8,G-99,HK0
-----
A:A0
B:A-99,B0,CC-9,G-99,HK-3
CC:A-99,B-75,CC0,G-99,HK-8
D:A-99,B-77,CC-2,D0,G-99,HK-10
G:A-99,B-64,CC-5,G0,HK3
HK:A-99,B-83,CC-8,G-99,HK0
-----
A:A0
B:A-99,B0,CC-9,G-99,HK-3
CC:A-99,B-91,CC0,G-99,HK-8
D:A-99,B-93,CC-2,D0,G-99,HK-10
G:A-99,B-80,CC-5,G0,HK3
HK:A-99,B-99,CC-8,G-99,HK0
-----
A:A0
B:A-99,B0,CC-9,G-99,HK-3
CC:A-99,B-99,CC0,G-99,HK-8
D:A-99,B-99,CC-2,D0,G-99,HK-10
G:A-99,B-99,CC-5,G0,HK3
HK:A-99,B-99,CC-8,G-99,HK0
-----
A:A0
B:A-99,B0,CC-9,G-99,HK-3
CC:A-99,B-99,CC0,G-99,HK-8
D:A-99,B-99,CC-2,D0,G-99,HK-10
G:A-99,B-99,CC-5,G0,HK3
HK:A-99,B-99,CC-8,G-99,HK0
-----
