AMS:AMS0
ATL:ATL0,CDG20,CLT10,DXB0,JFK10,PEK-10
BKK:ATL1,BKK0,CDG1,CLT-9,DXB1,HKG10,IST-19,JFK-9,KUL2,PEK-9
CAN:AMS35,CAN0,DEL-5,FRA-15
CDG:AMS-15,ATL20,CDG0,CLT30,DXB20,HKG15,HND10,IST10,JFK30,LHR10,PEK10
CGK:BKK3,CGK0
CLT:ATL-10,CDG10,CLT0,DFW-30,DXB-10,JFK0,LAS-10,ORD-20,PEK-20
DEL:AMS25,CAN-10,DEL0,FRA-25
DEN:DEN0,LAS10
DFW:ATL20,CDG40,CLT30,DFW0,DXB20,JFK30,LAS20,ORD10,PEK10
DXB:ATL0,CDG0,CLT-10,DXB0,HKG-20,IST-20,JFK-10,KUL10,PEK-10
FRA:AMS50,DEL10,FRA0
HKG:ATL-9,CDG-9,CLT-19,DXB-9,HKG0,IST-29,JFK-19,KUL1,PEK-19
HND:HKG5,HND0
IAH:ATL-30,CDG-10,CLT-20,DFW-50,DXB-30,IAH0,JFK-20,LAS-30,ORD-40,PEK-40
ICN:AMS47,CAN12,DEL7,FRA-3,ICN0,PVG-10
IST:AMS-15,ATL-20,CDG0,CLT-10,DXB-20,HKG-20,HND10,ICN0,IST0,JFK-10,LHR10,PEK-10
JFK:ATL10,CDG30,CLT20,DXB10,JFK0,PEK0,SFO20
KUL:BKK13,CGK10,KUL0
LAS:ATL40,CDG60,CLT50,DFW20,DXB40,JFK50,LAS0,LAX20,ORD30,PEK30,SFO30
LAX:LAX0,SFO10
LHR:AMS-25,CDG10,LHR0
MAD:AMS-35,CDG0,LHR-10,MAD0
MIA:ATL10,CDG30,CLT20,DXB10,JFK20,MIA0,PEK0
ORD:ATL10,CDG30,CLT20,DXB10,JFK20,ORD0,PEK0
PEK:ATL-10,CDG10,CLT0,DXB-10,HKG-10,IST-10,JFK0,PEK0
PHX:DEN7,IAH-6,LAS17,PHX0
PVG:ICN5,PVG0
SFO:LAX10,SFO0
SIN:KUL11,SIN0
-----
AMS:AMS0
ATL:AMS-35,ATL0,CDG-20,CLT-30,DFW-60,DXB-20,HKG-40,HND-10,IST-40,JFK-30,KUL-10,LAS-40,LHR-10,ORD-50,PEK-10,SFO-10
BKK:AMS-83,ATL-19,BKK0,CDG-68,CGK12,CLT-78,DFW-99,DXB1,HKG10,HND-58,ICN-68,IST-68,JFK-78,KUL-49,LAS-79,LHR-58,ORD-99,PEK-9,SFO-49
CAN:AMS20,CAN0,DEL-5,FRA-15
CDG:AMS-45,ATL-10,CDG0,CLT-40,DFW-70,DXB-30,HKG-50,HND-20,ICN10,IST-20,JFK-40,KUL-20,LAS-50,LHR-20,ORD-60,PEK-4,SFO-20
CGK:ATL4,BKK3,CDG4,CGK0,CLT-6,DXB4,HKG13,IST-16,JFK-6,KUL5,PEK-6
CLT:AMS-45,ATL-10,CDG-30,CLT0,DFW-30,DXB-30,HKG-50,HND-20,IST-50,JFK-40,KUL-20,LAS-50,LAX10,LHR-20,ORD-20,PEK-20,SFO-20
DEL:AMS10,CAN-10,DEL0,FRA-25
DEN:ATL50,CDG70,CLT60,DEN0,DFW30,DXB50,JFK60,LAS10,LAX30,ORD40,PEK40,SFO40
DFW:AMS-15,ATL20,CDG0,CLT-10,DFW0,DXB0,HKG-20,HND10,IST-20,JFK-10,KUL10,LAS-20,LAX40,LHR10,ORD10,PEK10,SFO10
DXB:AMS-84,ATL-20,BKK23,CDG-69,CGK20,CLT-79,DFW-99,DXB0,HKG-80,HND-59,ICN-69,IST-69,JFK-79,KUL-50,LAS-80,LHR-59,ORD-90,PEK-10,SFO-50
FRA:AMS35,CAN0,DEL10,FRA0
HKG:AMS-93,ATL-29,BKK14,CDG-78,CGK11,CLT-88,DFW-99,DXB-9,HKG0,HND-68,ICN-78,IST-78,JFK-88,KUL-59,LAS-89,LHR-68,ORD-99,PEK-19,SFO-59
HND:ATL-4,CDG-4,CLT-14,DXB-4,HKG5,HND0,IST-24,JFK-14,KUL6,PEK-14
IAH:AMS-65,ATL-30,CDG-50,CLT-60,DFW-50,DXB-50,HKG-70,HND-40,IAH0,IST-70,JFK-60,KUL-40,LAS-70,LAX-10,LHR-40,ORD-40,PEK-40,SFO-40
ICN:AMS27,CAN7,DEL2,FRA-8,ICN0,PVG-10
IST:AMS-99,ATL-40,CAN12,CDG-69,CLT-99,DEL7,DFW-99,DXB-60,FRA-3,HKG-80,HND-89,ICN-69,IST0,JFK-99,KUL-89,LAS-99,LHR-89,ORD-99,PEK-10,PVG-10,SFO-89
JFK:AMS-25,ATL10,CDG-10,CLT-20,DFW-50,DXB-10,HKG-30,HND0,IST-30,JFK0,KUL0,LAS-30,LAX30,LHR0,ORD-40,PEK0,SFO0
KUL:ATL14,BKK13,CDG14,CGK10,CLT4,DXB14,HKG23,IST-6,JFK4,KUL0,PEK4
LAS:AMS5,ATL40,CDG20,CLT10,DFW20,DXB20,HKG0,HND30,IST0,JFK10,KUL30,LAS0,LAX20,LHR30,ORD30,PEK30,SFO30
LAX:LAX0,SFO10
LHR:AMS-25,ATL30,CDG10,CLT40,DXB30,HKG25,HND20,IST20,JFK40,LHR0,PEK20
MAD:AMS-35,ATL20,CDG0,CLT30,DXB20,HKG15,HND10,IST10,JFK30,LHR-10,MAD0,PEK10
MIA:AMS-25,ATL10,CDG-10,CLT-20,DFW-50,DXB-10,HKG-30,HND0,IST-30,JFK-20,KUL0,LAS-30,LHR0,MIA0,ORD-40,PEK0,SFO0
ORD:AMS-25,ATL10,CDG-10,CLT-20,DFW-50,DXB-10,HKG-30,HND0,IST-30,JFK-20,KUL0,LAS-30,LHR0,ORD0,PEK0,SFO0
PEK:AMS-74,ATL-30,CDG-59,CLT-69,DFW-90,DXB-50,HKG-70,HND-49,ICN-59,IST-59,JFK-69,KUL-40,LAS-70,LHR-49,ORD-80,PEK0,SFO-40
PHX:ATL-36,CDG-16,CLT-26,DEN7,DFW-56,DXB-36,IAH-6,JFK-26,LAS-36,LAX37,ORD-46,PEK-46,PHX0,SFO47
PVG:AMS52,CAN17,DEL12,FRA2,ICN5,PVG0
SFO:LAX10,SFO0
SIN:BKK24,CGK21,KUL11,SIN0
-----
AMS:AMS0
ATL:AMS-99,ATL0,BKK-37,CDG-99,CGK-40,CLT-99,DFW-99,DXB-60,HKG-99,HND-99,ICN-99,IST-69,JFK-99,KUL-99,LAS-99,LAX-99,LHR-99,ORD-99,PEK-10,SFO-99
BKK:AMS-99,ATL-39,BKK0,CAN-85,CDG-99,CGK-99,CLT-99,DEL-99,DFW-99,DXB1,FRA-99,HKG10,HND-99,ICN-99,IST-99,JFK-99,KUL-99,LAS-99,LAX-99,LHR-99,ORD-99,PEK-9,PVG-99,SFO-99
CAN:AMS5,CAN0,DEL-5,FRA-15
CDG:AMS-99,ATL-30,BKK-99,CAN-8,CDG0,CGK-99,CLT-99,DEL-13,DFW-99,DXB-90,FRA-23,HKG-99,HND-99,ICN-99,IST-63,JFK-99,KUL-99,LAS-99,LAX-99,LHR-99,ORD-99,PEK-4,PVG-30,SFO-99
CGK:AMS-80,ATL-16,BKK3,CDG-65,CGK0,CLT-75,DFW-99,DXB4,HKG13,HND-55,ICN-65,IST-65,JFK-75,KUL-46,LAS-76,LHR-55,ORD-99,PEK-6,SFO-46
CLT:AMS-99,ATL-10,BKK-47,CDG-99,CGK-50,CLT0,DFW-30,DXB-70,HKG-99,HND-99,ICN-99,IST-79,JFK-99,KUL-99,LAS-99,LAX-99,LHR-99,ORD-20,PEK-20,SFO-99
DEL:AMS-5,CAN-10,DEL0,FRA-25
DEN:AMS15,ATL50,CDG30,CLT20,DEN0,DFW30,DXB30,HKG10,HND40,IST10,JFK20,KUL40,LAS10,LAX30,LHR40,ORD40,PEK40,SFO40
DFW:AMS-99,ATL20,BKK-17,CDG-99,CGK-20,CLT-99,DFW0,DXB-40,HKG-99,HND-99,ICN-99,IST-49,JFK-99,KUL-99,LAS-99,LAX-99,LHR-99,ORD10,PEK10,SFO-99
DXB:AMS-99,ATL-40,BKK-99,CAN-86,CDG-99,CGK-99,CLT-99,DEL-91,DFW-99,DXB0,FRA-99,HKG-99,HND-99,ICN-99,IST-98,JFK-99,KUL-99,LAS-99,LAX-99,LHR-99,ORD-99,PEK-10,PVG-99,SFO-99
FRA:AMS20,CAN0,DEL10,FRA0
HKG:AMS-99,ATL-49,BKK-99,CAN-95,CDG-99,CGK-99,CLT-99,DEL-99,DFW-99,DXB-9,FRA-99,HKG0,HND-99,ICN-99,IST-99,JFK-99,KUL-99,LAS-99,LAX-99,LHR-99,ORD-99,PEK-19,PVG-99,SFO-99
HND:AMS-88,ATL-24,BKK19,CDG-73,CGK16,CLT-83,DFW-99,DXB-4,HKG5,HND0,ICN-73,IST-73,JFK-83,KUL-54,LAS-84,LHR-63,ORD-99,PEK-14,SFO-54
IAH:AMS-99,ATL-30,BKK-67,CDG-99,CGK-70,CLT-99,DFW-50,DXB-90,HKG-99,HND-99,IAH0,ICN-99,IST-99,JFK-99,KUL-99,LAS-99,LAX-99,LHR-99,ORD-40,PEK-40,SFO-99
ICN:AMS7,CAN2,DEL-3,FRA-13,ICN0,PVG-10
IST:AMS-99,ATL-60,BKK-99,CAN-99,CDG-99,CGK-99,CLT-99,DEL-99,DFW-99,DXB-99,FRA-99,HKG-99,HND-99,ICN-99,IST0,JFK-99,KUL-99,LAS-99,LAX-99,LHR-99,ORD-99,PEK-10,PVG-99,SFO-99
JFK:AMS-99,ATL10,BKK-27,CDG-99,CGK-30,CLT-99,DFW-99,DXB-50,HKG-99,HND-99,ICN-99,IST-59,JFK0,KUL-99,LAS-99,LAX-99,LHR-99,ORD-99,PEK0,SFO-99
KUL:AMS-70,ATL-6,BKK13,CDG-55,CGK10,CLT-65,DFW-99,DXB14,HKG23,HND-45,ICN-55,IST-55,JFK-65,KUL0,LAS-66,LHR-45,ORD-99,PEK4,SFO-36
LAS:AMS-99,ATL40,BKK3,CDG-99,CGK0,CLT-99,DFW20,DXB-20,HKG-99,HND-99,ICN-99,IST-29,JFK-99,KUL-99,LAS0,LAX-99,LHR-99,ORD30,PEK30,SFO-99
LAX:LAX0,SFO10
LHR:AMS-35,ATL0,CDG10,CLT-30,DFW-60,DXB-20,HKG-40,HND-10,ICN20,IST-10,JFK-30,KUL-10,LAS-40,LHR0,ORD-50,PEK6,SFO-10
MAD:AMS-45,ATL-10,CDG0,CLT-40,DFW-70,DXB-30,HKG-50,HND-20,ICN10,IST-20,JFK-40,KUL-20,LAS-50,LHR-10,MAD0,ORD-60,PEK-4,SFO-20
MIA:AMS-99,ATL10,BKK-27,CDG-99,CGK-30,CLT-99,DFW-99,DXB-50,HKG-99,HND-99,ICN-99,IST-59,JFK-99,KUL-99,LAS-99,LAX-99,LHR-99,MIA0,ORD-99,PEK0,SFO-99
ORD:AMS-99,ATL10,BKK-27,CDG-99,CGK-30,CLT-99,DFW-99,DXB-50,HKG-99,HND-99,ICN-99,IST-59,JFK-99,KUL-99,LAS-99,LAX-99,LHR-99,ORD0,PEK0,SFO-99
PEK:AMS-99,ATL-50,BKK-99,CAN-76,CDG-99,CGK-99,CLT-99,DEL-81,DFW-99,DXB-99,FRA-91,HKG-99,HND-99,ICN-99,IST-88,JFK-99,KUL-99,LAS-99,LAX-99,LHR-99,ORD-99,PEK0,PVG-98,SFO-99
PHX:AMS-71,ATL-36,CDG-56,CLT-66,DEN7,DFW-56,DXB-56,HKG-76,HND-46,IAH-6,IST-76,JFK-66,KUL-46,LAS-76,LAX-16,LHR-46,ORD-46,PEK-46,PHX0,SFO-46
PVG:AMS32,CAN12,DEL7,FRA-3,ICN5,PVG0
SFO:LAX10,SFO0
SIN:ATL25,BKK24,CDG25,CGK21,CLT15,DXB25,HKG34,IST5,JFK15,KUL11,PEK15,SIN0
-----
AMS:AMS0
ATL:AMS-99,ATL0,BKK-99,CAN-99,CDG-99,CGK-99,CLT-99,DEL-99,DFW-99,DXB-99,FRA-99,HKG-99,HND-99,ICN-99,IST-98,JFK-99,KUL-99,LAS-99,LAX-99,LHR-99,ORD-99,PEK-10,PVG-99,SFO-99
BKK:AMS-99,ATL-59,BKK0,CAN-99,CDG-99,CGK-99,CLT-99,DEL-99,DFW-99,DXB1,FRA-99,HKG10,HND-99,ICN-99,IST-99,JFK-99,KUL-99,LAS-99,LAX-99,LHR-99,ORD-99,PEK-9,PVG-99,SFO-99
CAN:AMS-10,CAN0,DEL-5,FRA-15
CDG:AMS-99,ATL-50,BKK-99,CAN-99,CDG0,CGK-99,CLT-99,DEL-99,DFW-99,DXB-99,FRA-99,HKG-99,HND-99,ICN-99,IST-99,JFK-99,KUL-99,LAS-99,LAX-99,LHR-99,ORD-99,PEK-4,PVG-99,SFO-99
CGK:AMS-99,ATL-36,BKK3,CAN-82,CDG-99,CGK0,CLT-99,DEL-99,DFW-99,DXB4,FRA-99,HKG13,HND-99,ICN-99,IST-99,JFK-99,KUL-99,LAS-99,LAX-99,LHR-99,ORD-99,PEK-6,PVG-99,SFO-99
CLT:AMS-99,ATL-10,BKK-99,CAN-99,CDG-99,CGK-99,CLT0,DEL-99,DFW-30,DXB-99,FRA-99,HKG-99,HND-99,ICN-99,IST-99,JFK-99,KUL-99,LAS-99,LAX-99,LHR-99,ORD-20,PEK-20,PVG-99,SFO-99
DEL:AMS-20,CAN-10,DEL0,FRA-25
DEN:AMS-99,ATL50,BKK13,CDG-99,CGK10,CLT-99,DEN0,DFW30,DXB-10,HKG-99,HND-99,ICN-99,IST-19,JFK-99,KUL-99,LAS10,LAX-99,LHR-99,ORD40,PEK40,SFO-99
DFW:AMS-99,ATL20,BKK-99,CAN-99,CDG-99,CGK-99,CLT-99,DEL-99,DFW0,DXB-99,FRA-99,HKG-99,HND-99,ICN-99,IST-78,JFK-99,KUL-99,LAS-99,LAX-99,LHR-99,ORD10,PEK10,PVG-99,SFO-99
DXB:AMS-99,ATL-60,BKK-99,CAN-99,CDG-99,CGK-99,CLT-99,DEL-99,DFW-99,DXB0,FRA-99,HKG-99,HND-99,ICN-99,IST-99,JFK-99,KUL-99,LAS-99,LAX-99,LHR-99,ORD-99,PEK-10,PVG-99,SFO-99
FRA:AMS5,CAN0,DEL10,FRA0
HKG:AMS-99,ATL-69,BKK-99,CAN-99,CDG-99,CGK-99,CLT-99,DEL-99,DFW-99,DXB-9,FRA-99,HKG0,HND-99,ICN-99,IST-99,JFK-99,KUL-99,LAS-99,LAX-99,LHR-99,ORD-99,PEK-19,PVG-99,SFO-99
HND:AMS-99,ATL-44,BKK-99,CAN-90,CDG-99,CGK-99,CLT-99,DEL-99,DFW-99,DXB-4,FRA-99,HKG5,HND0,ICN-99,IST-99,JFK-99,KUL-99,LAS-99,LAX-99,LHR-99,ORD-99,PEK-14,PVG-99,SFO-99
IAH:AMS-99,ATL-30,BKK-99,CAN-99,CDG-99,CGK-99,CLT-99,DEL-99,DFW-50,DXB-99,FRA-99,HKG-99,HND-99,IAH0,ICN-99,IST-99,JFK-99,KUL-99,LAS-99,LAX-99,LHR-99,ORD-40,PEK-40,PVG-99,SFO-99
ICN:AMS-13,CAN-3,DEL-8,FRA-18,ICN0,PVG-10
IST:AMS-99,ATL-80,BKK-99,CAN-99,CDG-99,CGK-99,CLT-99,DEL-99,DFW-99,DXB-99,FRA-99,HKG-99,HND-99,ICN-99,IST0,JFK-99,KUL-99,LAS-99,LAX-99,LHR-99,ORD-99,PEK-10,PVG-99,SFO-99
JFK:AMS-99,ATL10,BKK-99,CAN-99,CDG-99,CGK-99,CLT-99,DEL-99,DFW-99,DXB-99,FRA-99,HKG-99,HND-99,ICN-99,IST-88,JFK0,KUL-99,LAS-99,LAX-99,LHR-99,ORD-99,PEK0,PVG-99,SFO-99
KUL:AMS-99,ATL-26,BKK13,CAN-72,CDG-99,CGK10,CLT-99,DEL-99,DFW-99,DXB14,FRA-99,HKG23,HND-99,ICN-99,IST-99,JFK-99,KUL0,LAS-99,LAX-99,LHR-99,ORD-99,PEK4,PVG-99,SFO-99
LAS:AMS-99,ATL40,BKK-99,CAN-99,CDG-99,CGK-99,CLT-99,DEL-99,DFW20,DXB-99,FRA-99,HKG-99,HND-99,ICN-99,IST-58,JFK-99,KUL-99,LAS0,LAX-99,LHR-99,ORD30,PEK30,PVG-99,SFO-99
LAX:LAX0,SFO10
LHR:AMS-99,ATL-20,BKK-99,CAN2,CDG10,CGK-99,CLT-99,DEL-3,DFW-99,DXB-80,FRA-13,HKG-99,HND-99,ICN-99,IST-53,JFK-99,KUL-99,LAS-99,LAX-99,LHR0,ORD-99,PEK6,PVG-20,SFO-99
MAD:AMS-99,ATL-30,BKK-99,CAN-8,CDG0,CGK-99,CLT-99,DEL-13,DFW-99,DXB-90,FRA-23,HKG-99,HND-99,ICN-99,IST-63,JFK-99,KUL-99,LAS-99,LAX-99,LHR-10,MAD0,ORD-99,PEK-4,PVG-30,SFO-99
MIA:AMS-99,ATL10,BKK-99,CAN-99,CDG-99,CGK-99,CLT-99,DEL-99,DFW-99,DXB-99,FRA-99,HKG-99,HND-99,ICN-99,IST-88,JFK-99,KUL-99,LAS-99,LAX-99,LHR-99,MIA0,ORD-99,PEK0,PVG-99,SFO-99
ORD:AMS-99,ATL10,BKK-99,CAN-99,CDG-99,CGK-99,CLT-99,DEL-99,DFW-99,DXB-99,FRA-99,HKG-99,HND-99,ICN-99,IST-88,JFK-99,KUL-99,LAS-99,LAX-99,LHR-99,ORD0,PEK0,PVG-99,SFO-99
PEK:AMS-99,ATL-70,BKK-99,CAN-99,CDG-99,CGK-99,CLT-99,DEL-99,DFW-99,DXB-99,FRA-99,HKG-99,HND-99,ICN-99,IST-99,JFK-99,KUL-99,LAS-99,LAX-99,LHR-99,ORD-99,PEK0,PVG-99,SFO-99
PHX:AMS-99,ATL-36,BKK-73,CDG-99,CGK-76,CLT-99,DEN7,DFW-56,DXB-96,HKG-99,HND-99,IAH-6,ICN-99,IST-99,JFK-99,KUL-99,LAS-99,LAX-99,LHR-99,ORD-46,PEK-46,PHX0,SFO-99
PVG:AMS12,CAN7,DEL2,FRA-8,ICN5,PVG0
SFO:LAX10,SFO0
SIN:AMS-59,ATL5,BKK24,CDG-44,CGK21,CLT-54,DFW-99,DXB25,HKG34,HND-34,ICN-44,IST-44,JFK-54,KUL11,LAS-55,LHR-34,ORD-99,PEK15,SFO-25,SIN0
-----
AMS:AMS0
ATL:AMS-99,ATL0,BKK-99,CAN-99,CDG-99,CGK-99,CLT-99,DEL-99,DFW-99,DXB-99,FRA-99,HKG-99,HND-99,ICN-99,IST-99,JFK-99,KUL-99,LAS-99,LAX-99,LHR-99,ORD-99,PEK-10,PVG-99,SFO-99
BKK:AMS-99,ATL-79,BKK0,CAN-99,CDG-99,CGK-99,CLT-99,DEL-99,DFW-99,DXB1,FRA-99,HKG10,HND-99,ICN-99,IST-99,JFK-99,KUL-99,LAS-99,LAX-99,LHR-99,ORD-99,PEK-9,PVG-99,SFO-99
CAN:AMS-25,CAN0,DEL-5,FRA-15
CDG:AMS-99,ATL-70,BKK-99,CAN-99,CDG0,CGK-99,CLT-99,DEL-99,DFW-99,DXB-99,FRA-99,HKG-99,HND-99,ICN-99,IST-99,JFK-99,KUL-99,LAS-99,LAX-99,LHR-99,ORD-99,PEK-4,PVG-99,SFO-99
CGK:AMS-99,ATL-56,BKK3,CAN-99,CDG-99,CGK0,CLT-99,DEL-99,DFW-99,DXB4,FRA-99,HKG13,HND-99,ICN-99,IST-99,JFK-99,KUL-99,LAS-99,LAX-99,LHR-99,ORD-99,PEK-6,PVG-99,SFO-99
CLT:AMS-99,ATL-10,BKK-99,CAN-99,CDG-99,CGK-99,CLT0,DEL-99,DFW-30,DXB-99,FRA-99,HKG-99,HND-99,ICN-99,IST-99,JFK-99,KUL-99,LAS-99,LAX-99,LHR-99,ORD-20,PEK-20,PVG-99,SFO-99
DEL:AMS-35,CAN-10,DEL0,FRA-25
DEN:AMS-99,ATL50,BKK-99,CAN-99,CDG-99,CGK-99,CLT-99,DEL-99,DEN0,DFW30,DXB-99,FRA-99,HKG-99,HND-99,ICN-99,IST-48,JFK-99,KUL-99,LAS10,LAX-99,LHR-99,ORD40,PEK40,PVG-99,SFO-99
DFW:AMS-99,ATL20,BKK-99,CAN-99,CDG-99,CGK-99,CLT-99,DEL-99,DFW0,DXB-99,FRA-99,HKG-99,HND-99,ICN-99,IST-99,JFK-99,KUL-99,LAS-99,LAX-99,LHR-99,ORD10,PEK10,PVG-99,SFO-99
DXB:AMS-99,ATL-80,BKK-99,CAN-99,CDG-99,CGK-99,CLT-99,DEL-99,DFW-99,DXB0,FRA-99,HKG-99,HND-99,ICN-99,IST-99,JFK-99,KUL-99,LAS-99,LAX-99,LHR-99,ORD-99,PEK-10,PVG-99,SFO-99
FRA:AMS-10,CAN0,DEL10,FRA0
HKG:AMS-99,ATL-89,BKK-99,CAN-99,CDG-99,CGK-99,CLT-99,DEL-99,DFW-99,DXB-9,FRA-99,HKG0,HND-99,ICN-99,IST-99,JFK-99,KUL-99,LAS-99,LAX-99,LHR-99,ORD-99,PEK-19,PVG-99,SFO-99
HND:AMS-99,ATL-64,BKK-99,CAN-99,CDG-99,CGK-99,CLT-99,DEL-99,DFW-99,DXB-4,FRA-99,HKG5,HND0,ICN-99,IST-99,JFK-99,KUL-99,LAS-99,LAX-99,LHR-99,ORD-99,PEK-14,PVG-99,SFO-99
IAH:AMS-99,ATL-30,BKK-99,CAN-99,CDG-99,CGK-99,CLT-99,DEL-99,DFW-50,DXB-99,FRA-99,HKG-99,HND-99,IAH0,ICN-99,IST-99,JFK-99,KUL-99,LAS-99,LAX-99,LHR-99,ORD-40,PEK-40,PVG-99,SFO-99
ICN:AMS-33,CAN-8,DEL-13,FRA-23,ICN0,PVG-10
IST:AMS-99,ATL-99,BKK-99,CAN-99,CDG-99,CGK-99,CLT-99,DEL-99,DFW-99,DXB-99,FRA-99,HKG-99,HND-99,ICN-99,IST0,JFK-99,KUL-99,LAS-99,LAX-99,LHR-99,ORD-99,PEK-10,PVG-99,SFO-99
JFK:AMS-99,ATL10,BKK-99,CAN-99,CDG-99,CGK-99,CLT-99,DEL-99,DFW-99,DXB-99,FRA-99,HKG-99,HND-99,ICN-99,IST-99,JFK0,KUL-99,LAS-99,LAX-99,LHR-99,ORD-99,PEK0,PVG-99,SFO-99
KUL:AMS-99,ATL-46,BKK13,CAN-99,CDG-99,CGK10,CLT-99,DEL-99,DFW-99,DXB14,FRA-99,HKG23,HND-99,ICN-99,IST-99,JFK-99,KUL0,LAS-99,LAX-99,LHR-99,ORD-99,PEK4,PVG-99,SFO-99
LAS:AMS-99,ATL40,BKK-99,CAN-99,CDG-99,CGK-99,CLT-99,DEL-99,DFW20,DXB-99,FRA-99,HKG-99,HND-99,ICN-99,IST-99,JFK-99,KUL-99,LAS0,LAX-99,LHR-99,ORD30,PEK30,PVG-99,SFO-99
LAX:LAX0,SFO10
LHR:AMS-99,ATL-40,BKK-99,CAN-99,CDG10,CGK-99,CLT-99,DEL-99,DFW-99,DXB-99,FRA-99,HKG-99,HND-99,ICN-99,IST-99,JFK-99,KUL-99,LAS-99,LAX-99,LHR0,ORD-99,PEK6,PVG-99,SFO-99
MAD:AMS-99,ATL-50,BKK-99,CAN-99,CDG0,CGK-99,CLT-99,DEL-99,DFW-99,DXB-99,FRA-99,HKG-99,HND-99,ICN-99,IST-99,JFK-99,KUL-99,LAS-99,LAX-99,LHR-10,MAD0,ORD-99,PEK-4,PVG-99,SFO-99
MIA:AMS-99,ATL10,BKK-99,CAN-99,CDG-99,CGK-99,CLT-99,DEL-99,DFW-99,DXB-99,FRA-99,HKG-99,HND-99,ICN-99,IST-99,JFK-99,KUL-99,LAS-99,LAX-99,LHR-99,MIA0,ORD-99,PEK0,PVG-99,SFO-99
ORD:AMS-99,ATL10,BKK-99,CAN-99,CDG-99,CGK-99,CLT-99,DEL-99,DFW-99,DXB-99,FRA-99,HKG-99,HND-99,ICN-99,IST-99,JFK-99,KUL-99,LAS-99,LAX-99,LHR-99,ORD0,PEK0,PVG-99,SFO-99
PEK:AMS-99,ATL-90,BKK-99,CAN-99,CDG-99,CGK-99,CLT-99,DEL-99,DFW-99,DXB-99,FRA-99,HKG-99,HND-99,ICN-99,IST-99,JFK-99,KUL-99,LAS-99,LAX-99,LHR-99,ORD-99,PEK0,PVG-99,SFO-99
PHX:AMS-99,ATL-36,BKK-99,CAN-99,CDG-99,CGK-99,CLT-99,DEL-99,DEN7,DFW-56,DXB-99,FRA-99,HKG-99,HND-99,IAH-6,ICN-99,IST-99,JFK-99,KUL-99,LAS-99,LAX-99,LHR-99,ORD-46,PEK-46,PHX0,PVG-99,SFO-99
PVG:AMS-8,CAN2,DEL-3,FRA-13,ICN5,PVG0
SFO:LAX10,SFO0
SIN:AMS-99,ATL-15,BKK24,CAN-61,CDG-99,CGK21,CLT-99,DEL-99,DFW-99,DXB25,FRA-99,HKG34,HND-99,ICN-99,IST-99,JFK-99,KUL11,LAS-99,LAX-99,LHR-99,ORD-99,PEK15,PVG-99,SFO-99,SIN0
-----
AMS:AMS0
ATL:AMS-99,ATL0,BKK-99,CAN-99,CDG-99,CGK-99,CLT-99,DEL-99,DFW-99,DXB-99,FRA-99,HKG-99,HND-99,ICN-99,IST-99,JFK-99,KUL-99,LAS-99,LAX-99,LHR-99,ORD-99,PEK-10,PVG-99,SFO-99
BKK:AMS-99,ATL-99,BKK0,CAN-99,CDG-99,CGK-99,CLT-99,DEL-99,DFW-99,DXB1,FRA-99,HKG10,HND-99,ICN-99,IST-99,JFK-99,KUL-99,LAS-99,LAX-99,LHR-99,ORD-99,PEK-9,PVG-99,SFO-99
CAN:AMS-40,CAN0,DEL-5,FRA-15
CDG:AMS-99,ATL-99,BKK-99,CAN-99,CDG0,CGK-99,CLT-99,DEL-99,DFW-99,DXB-99,FRA-99,HKG-99,HND-99,ICN-99,IST-99,JFK-99,KUL-99,LAS-99,LAX-99,LHR-99,ORD-99,PEK-4,PVG-99,SFO-99
CGK:AMS-99,ATL-76,BKK3,CAN-99,CDG-99,CGK0,CLT-99,DEL-99,DFW-99,DXB4,FRA-99,HKG13,HND-99,ICN-99,IST-99,JFK-99,KUL-99,LAS-99,LAX-99,LHR-99,ORD-99,PEK-6,PVG-99,SFO-99
CLT:AMS-99,ATL-10,BKK-99,CAN-99,CDG-99,CGK-99,CLT0,DEL-99,DFW-30,DXB-99,FRA-99,HKG-99,HND-99,ICN-99,IST-99,JFK-99,KUL-99,LAS-99,LAX-99,LHR-99,ORD-20,PEK-20,PVG-99,SFO-99
DEL:AMS-50,CAN-10,DEL0,FRA-25
DEN:AMS-99,ATL50,BKK-99,CAN-99,CDG-99,CGK-99,CLT-99,DEL-99,DEN0,DFW30,DXB-99,FRA-99,HKG-99,HND-99,ICN-99,IST-99,JFK-99,KUL-99,LAS10,LAX-99,LHR-99,ORD40,PEK40,PVG-99,SFO-99
DFW:AMS-99,ATL20,BKK-99,CAN-99,CDG-99,CGK-99,CLT-99,DEL-99,DFW0,DXB-99,FRA-99,HKG-99,HND-99,ICN-99,IST-99,JFK-99,KUL-99,LAS-99,LAX-99,LHR-99,ORD10,PEK10,PVG-99,SFO-99
DXB:AMS-99,ATL-99,BKK-99,CAN-99,CDG-99,CGK-99,CLT-99,DEL-99,DFW-99,DXB0,FRA-99,HKG-99,HND-99,ICN-99,IST-99,JFK-99,KUL-99,LAS-99,LAX-99,LHR-99,ORD-99,PEK-10,PVG-99,SFO-99
FRA:AMS-25,CAN0,DEL10,FRA0
HKG:AMS-99,ATL-99,BKK-99,CAN-99,CDG-99,CGK-99,CLT-99,DEL-99,DFW-99,DXB-9,FRA-99,HKG0,HND-99,ICN-99,IST-99,JFK-99,KUL-99,LAS-99,LAX-99,LHR-99,ORD-99,PEK-19,PVG-99,SFO-99
HND:AMS-99,ATL-84,BKK-99,CAN-99,CDG-99,CGK-99,CLT-99,DEL-99,DFW-99,DXB-4,FRA-99,HKG5,HND0,ICN-99,IST-99,JFK-99,KUL-99,LAS-99,LAX-99,LHR-99,ORD-99,PEK-14,PVG-99,SFO-99
IAH:AMS-99,ATL-30,BKK-99,CAN-99,CDG-99,CGK-99,CLT-99,DEL-99,DFW-50,DXB-99,FRA-99,HKG-99,HND-99,IAH0,ICN-99,IST-99,JFK-99,KUL-99,LAS-99,LAX-99,LHR-99,ORD-40,PEK-40,PVG-99,SFO-99
ICN:AMS-53,CAN-13,DEL-18,FRA-28,ICN0,PVG-10
IST:AMS-99,ATL-99,BKK-99,CAN-99,CDG-99,CGK-99,CLT-99,DEL-99,DFW-99,DXB-99,FRA-99,HKG-99,HND-99,ICN-99,IST0,JFK-99,KUL-99,LAS-99,LAX-99,LHR-99,ORD-99,PEK-10,PVG-99,SFO-99
JFK:AMS-99,ATL10,BKK-99,CAN-99,CDG-99,CGK-99,CLT-99,DEL-99,DFW-99,DXB-99,FRA-99,HKG-99,HND-99,ICN-99,IST-99,JFK0,KUL-99,LAS-99,LAX-99,LHR-99,ORD-99,PEK0,PVG-99,SFO-99
KUL:AMS-99,ATL-66,BKK13,CAN-99,CDG-99,CGK10,CLT-99,DEL-99,DFW-99,DXB14,FRA-99,HKG23,HND-99,ICN-99,IST-99,JFK-99,KUL0,LAS-99,LAX-99,LHR-99,ORD-99,PEK4,PVG-99,SFO-99
LAS:AMS-99,ATL40,BKK-99,CAN-99,CDG-99,CGK-99,CLT-99,DEL-99,DFW20,DXB-99,FRA-99,HKG-99,HND-99,ICN-99,IST-99,JFK-99,KUL-99,LAS0,LAX-99,LHR-99,ORD30,PEK30,PVG-99,SFO-99
LAX:LAX0,SFO10
LHR:AMS-99,ATL-60,BKK-99,CAN-99,CDG10,CGK-99,CLT-99,DEL-99,DFW-99,DXB-99,FRA-99,HKG-99,HND-99,ICN-99,IST-99,JFK-99,KUL-99,LAS-99,LAX-99,LHR0,ORD-99,PEK6,PVG-99,SFO-99
MAD:AMS-99,ATL-70,BKK-99,CAN-99,CDG0,CGK-99,CLT-99,DEL-99,DFW-99,DXB-99,FRA-99,HKG-99,HND-99,ICN-99,IST-99,JFK-99,KUL-99,LAS-99,LAX-99,LHR-10,MAD0,ORD-99,PEK-4,PVG-99,SFO-99
MIA:AMS-99,ATL10,BKK-99,CAN-99,CDG-99,CGK-99,CLT-99,DEL-99,DFW-99,DXB-99,FRA-99,HKG-99,HND-99,ICN-99,IST-99,JFK-99,KUL-99,LAS-99,LAX-99,LHR-99,MIA0,ORD-99,PEK0,PVG-99,SFO-99
ORD:AMS-99,ATL10,BKK-99,CAN-99,CDG-99,CGK-99,CLT-99,DEL-99,DFW-99,DXB-99,FRA-99,HKG-99,HND-99,ICN-99,IST-99,JFK-99,KUL-99,LAS-99,LAX-99,LHR-99,ORD0,PEK0,PVG-99,SFO-99
PEK:AMS-99,ATL-99,BKK-99,CAN-99,CDG-99,CGK-99,CLT-99,DEL-99,DFW-99,DXB-99,FRA-99,HKG-99,HND-99,ICN-99,IST-99,JFK-99,KUL-99,LAS-99,LAX-99,LHR-99,ORD-99,PEK0,PVG-99,SFO-99
PHX:AMS-99,ATL-36,BKK-99,CAN-99,CDG-99,CGK-99,CLT-99,DEL-99,DEN7,DFW-56,DXB-99,FRA-99,HKG-99,HND-99,IAH-6,ICN-99,IST-99,JFK-99,KUL-99,LAS-99,LAX-99,LHR-99,ORD-46,PEK-46,PHX0,PVG-99,SFO-99
PVG:AMS-28,CAN-3,DEL-8,FRA-18,ICN5,PVG0
SFO:LAX10,SFO0
SIN:AMS-99,ATL-35,BKK24,CAN-99,CDG-99,CGK21,CLT-99,DEL-99,DFW-99,DXB25,FRA-99,HKG34,HND-99,ICN-99,IST-99,JFK-99,KUL11,LAS-99,LAX-99,LHR-99,ORD-99,PEK15,PVG-99,SFO-99,SIN0
-----
AMS:AMS0
ATL:AMS-99,ATL0,BKK-99,CAN-99,CDG-99,CGK-99,CLT-99,DEL-99,DFW-99,DXB-99,FRA-99,HKG-99,HND-99,ICN-99,IST-99,JFK-99,KUL-99,LAS-99,LAX-99,LHR-99,ORD-99,PEK-10,PVG-99,SFO-99
BKK:AMS-99,ATL-99,BKK0,CAN-99,CDG-99,CGK-99,CLT-99,DEL-99,DFW-99,DXB1,FRA-99,HKG10,HND-99,ICN-99,IST-99,JFK-99,KUL-99,LAS-99,LAX-99,LHR-99,ORD-99,PEK-9,PVG-99,SFO-99
CAN:AMS-55,CAN0,DEL-5,FRA-15
CDG:AMS-99,ATL-99,BKK-99,CAN-99,CDG0,CGK-99,CLT-99,DEL-99,DFW-99,DXB-99,FRA-99,HKG-99,HND-99,ICN-99,IST-99,JFK-99,KUL-99,LAS-99,LAX-99,LHR-99,ORD-99,PEK-4,PVG-99,SFO-99
CGK:AMS-99,ATL-99,BKK3,CAN-99,CDG-99,CGK0,CLT-99,DEL-99,DFW-99,DXB4,FRA-99,HKG13,HND-99,ICN-99,IST-99,JFK-99,KUL-99,LAS-99,LAX-99,LHR-99,ORD-99,PEK-6,PVG-99,SFO-99
CLT:AMS-99,ATL-10,BKK-99,CAN-99,CDG-99,CGK-99,CLT0,DEL-99,DFW-30,DXB-99,FRA-99,HKG-99,HND-99,ICN-99,IST-99,JFK-99,KUL-99,LAS-99,LAX-99,LHR-99,ORD-20,PEK-20,PVG-99,SFO-99
DEL:AMS-65,CAN-10,DEL0,FRA-25
DEN:AMS-99,ATL50,BKK-99,CAN-99,CDG-99,CGK-99,CLT-99,DEL-99,DEN0,DFW30,DXB-99,FRA-99,HKG-99,HND-99,ICN-99,IST-99,JFK-99,KUL-99,LAS10,LAX-99,LHR-99,ORD40,PEK40,PVG-99,SFO-99
DFW:AMS-99,ATL20,BKK-99,CAN-99,CDG-99,CGK-99,CLT-99,DEL-99,DFW0,DXB-99,FRA-99,HKG-99,HND-99,ICN-99,IST-99,JFK-99,KUL-99,LAS-99,LAX-99,LHR-99,ORD10,PEK10,PVG-99,SFO-99
DXB:AMS-99,ATL-99,BKK-99,CAN-99,CDG-99,CGK-99,CLT-99,DEL-99,DFW-99,DXB0,FRA-99,HKG-99,HND-99,ICN-99,IST-99,JFK-99,KUL-99,LAS-99,LAX-99,LHR-99,ORD-99,PEK-10,PVG-99,SFO-99
FRA:AMS-40,CAN0,DEL10,FRA0
HKG:AMS-99,ATL-99,BKK-99,CAN-99,CDG-99,CGK-99,CLT-99,DEL-99,DFW-99,DXB-9,FRA-99,HKG0,HND-99,ICN-99,IST-99,JFK-99,KUL-99,LAS-99,LAX-99,LHR-99,ORD-99,PEK-19,PVG-99,SFO-99
HND:AMS-99,ATL-99,BKK-99,CAN-99,CDG-99,CGK-99,CLT-99,DEL-99,DFW-99,DXB-4,FRA-99,HKG5,HND0,ICN-99,IST-99,JFK-99,KUL-99,LAS-99,LAX-99,LHR-99,ORD-99,PEK-14,PVG-99,SFO-99
IAH:AMS-99,ATL-30,BKK-99,CAN-99,CDG-99,CGK-99,CLT-99,DEL-99,DFW-50,DXB-99,FRA-99,HKG-99,HND-99,IAH0,ICN-99,IST-99,JFK-99,KUL-99,LAS-99,LAX-99,LHR-99,ORD-40,PEK-40,PVG-99,SFO-99
ICN:AMS-73,CAN-18,DEL-23,FRA-33,ICN0,PVG-10
IST:AMS-99,ATL-99,BKK-99,CAN-99,CDG-99,CGK-99,CLT-99,DEL-99,DFW-99,DXB-99,FRA-99,HKG-99,HND-99,ICN-99,IST0,JFK-99,KUL-99,LAS-99,LAX-99,LHR-99,ORD-99,PEK-10,PVG-99,SFO-99
JFK:AMS-99,ATL10,BKK-99,CAN-99,CDG-99,CGK-99,CLT-99,DEL-99,DFW-99,DXB-99,FRA-99,HKG-99,HND-99,ICN-99,IST-99,JFK0,KUL-99,LAS-99,LAX-99,LHR-99,ORD-99,PEK0,PVG-99,SFO-99
KUL:AMS-99,ATL-99,BKK13,CAN-99,CDG-99,CGK10,CLT-99,DEL-99,DFW-99,DXB14,FRA-99,HKG23,HND-99,ICN-99,IST-99,JFK-99,KUL0,LAS-99,LAX-99,LHR-99,ORD-99,PEK4,PVG-99,SFO-99
LAS:AMS-99,ATL40,BKK-99,CAN-99,CDG-99,CGK-99,CLT-99,DEL-99,DFW20,DXB-99,FRA-99,HKG-99,HND-99,ICN-99,IST-99,JFK-99,KUL-99,LAS0,LAX-99,LHR-99,ORD30,PEK30,PVG-99,SFO-99
LAX:LAX0,SFO10
LHR:AMS-99,ATL-99,BKK-99,CAN-99,CDG10,CGK-99,CLT-99,DEL-99,DFW-99,DXB-99,FRA-99,HKG-99,HND-99,ICN-99,IST-99,JFK-99,KUL-99,LAS-99,LAX-99,LHR0,ORD-99,PEK6,PVG-99,SFO-99
MAD:AMS-99,ATL-99,BKK-99,CAN-99,CDG0,CGK-99,CLT-99,DEL-99,DFW-99,DXB-99,FRA-99,HKG-99,HND-99,ICN-99,IST-99,JFK-99,KUL-99,LAS-99,LAX-99,LHR-10,MAD0,ORD-99,PEK-4,PVG-99,SFO-99
MIA:AMS-99,ATL10,BKK-99,CAN-99,CDG-99,CGK-99,CLT-99,DEL-99,DFW-99,DXB-99,FRA-99,HKG-99,HND-99,ICN-99,IST-99,JFK-99,KUL-99,LAS-99,LAX-99,LHR-99,MIA0,ORD-99,PEK0,PVG-99,SFO-99
ORD:AMS-99,ATL10,BKK-99,CAN-99,CDG-99,CGK-99,CLT-99,DEL-99,DFW-99,DXB-99,FRA-99,HKG-99,HND-99,ICN-99,IST-99,JFK-99,KUL-99,LAS-99,LAX-99,LHR-99,ORD0,PEK0,PVG-99,SFO-99
PEK:AMS-99,ATL-99,BKK-99,CAN-99,CDG-99,CGK-99,CLT-99,DEL-99,DFW-99,DXB-99,FRA-99,HKG-99,HND-99,ICN-99,IST-99,JFK-99,KUL-99,LAS-99,LAX-99,LHR-99,ORD-99,PEK0,PVG-99,SFO-99
PHX:AMS-99,ATL-36,BKK-99,CAN-99,CDG-99,CGK-99,CLT-99,DEL-99,DEN7,DFW-56,DXB-99,FRA-99,HKG-99,HND-99,IAH-6,ICN-99,IST-99,JFK-99,KUL-99,LAS-99,LAX-99,LHR-99,ORD-46,PEK-46,PHX0,PVG-99,SFO-99
PVG:AMS-48,CAN-8,DEL-13,FRA-23,ICN5,PVG0
SFO:LAX10,SFO0
SIN:AMS-99,ATL-55,BKK24,CAN-99,CDG-99,CGK21,CLT-99,DEL-99,DFW-99,DXB25,FRA-99,HKG34,HND-99,ICN-99,IST-99,JFK-99,KUL11,LAS-99,LAX-99,LHR-99,ORD-99,PEK15,PVG-99,SFO-99,SIN0
-----
AMS:AMS0
ATL:AMS-99,ATL0,BKK-99,CAN-99,CDG-99,CGK-99,CLT-99,DEL-99,DFW-99,DXB-99,FRA-99,HKG-99,HND-99,ICN-99,IST-99,JFK-99,KUL-99,LAS-99,LAX-99,LHR-99,ORD-99,PEK-10,PVG-99,SFO-99
BKK:AMS-99,ATL-99,BKK0,CAN-99,CDG-99,CGK-99,CLT-99,DEL-99,DFW-99,DXB1,FRA-99,HKG10,HND-99,ICN-99,IST-99,JFK-99,KUL-99,LAS-99,LAX-99,LHR-99,ORD-99,PEK-9,PVG-99,SFO-99
CAN:AMS-70,CAN0,DEL-5,FRA-15
CDG:AMS-99,ATL-99,BKK-99,CAN-99,CDG0,CGK-99,CLT-99,DEL-99,DFW-99,DXB-99,FRA-99,HKG-99,HND-99,ICN-99,IST-99,JFK-99,KUL-99,LAS-99,LAX-99,LHR-99,ORD-99,PEK-4,PVG-99,SFO-99
CGK:AMS-99,ATL-99,BKK3,CAN-99,CDG-99,CGK0,CLT-99,DEL-99,DFW-99,DXB4,FRA-99,HKG13,HND-99,ICN-99,IST-99,JFK-99,KUL-99,LAS-99,LAX-99,LHR-99,ORD-99,PEK-6,PVG-99,SFO-99
CLT:AMS-99,ATL-10,BKK-99,CAN-99,CDG-99,CGK-99,CLT0,DEL-99,DFW-30,DXB-99,FRA-99,HKG-99,HND-99,ICN-99,IST-99,JFK-99,KUL-99,LAS-99,LAX-99,LHR-99,ORD-20,PEK-20,PVG-99,SFO-99
DEL:AMS-80,CAN-10,DEL0,FRA-25
DEN:AMS-99,ATL50,BKK-99,CAN-99,CDG-99,CGK-99,CLT-99,DEL-99,DEN0,DFW30,DXB-99,FRA-99,HKG-99,HND-99,ICN-99,IST-99,JFK-99,KUL-99,LAS10,LAX-99,LHR-99,ORD40,PEK40,PVG-99,SFO-99
DFW:AMS-99,ATL20,BKK-99,CAN-99,CDG-99,CGK-99,CLT-99,DEL-99,DFW0,DXB-99,FRA-99,HKG-99,HND-99,ICN-99,IST-99,JFK-99,KUL-99,LAS-99,LAX-99,LHR-99,ORD10,PEK10,PVG-99,SFO-99
DXB:AMS-99,ATL-99,BKK-99,CAN-99,CDG-99,CGK-99,CLT-99,DEL-99,DFW-99,DXB0,FRA-99,HKG-99,HND-99,ICN-99,IST-99,JFK-99,KUL-99,LAS-99,LAX-99,LHR-99,ORD-99,PEK-10,PVG-99,SFO-99
FRA:AMS-55,CAN0,DEL10,FRA0
HKG:AMS-99,ATL-99,BKK-99,CAN-99,CDG-99,CGK-99,CLT-99,DEL-99,DFW-99,DXB-9,FRA-99,HKG0,HND-99,ICN-99,IST-99,JFK-99,KUL-99,LAS-99,LAX-99,LHR-99,ORD-99,PEK-19,PVG-99,SFO-99
HND:AMS-99,ATL-99,BKK-99,CAN-99,CDG-99,CGK-99,CLT-99,DEL-99,DFW-99,DXB-4,FRA-99,HKG5,HND0,ICN-99,IST-99,JFK-99,KUL-99,LAS-99,LAX-99,LHR-99,ORD-99,PEK-14,PVG-99,SFO-99
IAH:AMS-99,ATL-30,BKK-99,CAN-99,CDG-99,CGK-99,CLT-99,DEL-99,DFW-50,DXB-99,FRA-99,HKG-99,HND-99,IAH0,ICN-99,IST-99,JFK-99,KUL-99,LAS-99,LAX-99,LHR-99,ORD-40,PEK-40,PVG-99,SFO-99
ICN:AMS-93,CAN-23,DEL-28,FRA-38,ICN0,PVG-10
IST:AMS-99,ATL-99,BKK-99,CAN-99,CDG-99,CGK-99,CLT-99,DEL-99,DFW-99,DXB-99,FRA-99,HKG-99,HND-99,ICN-99,IST0,JFK-99,KUL-99,LAS-99,LAX-99,LHR-99,ORD-99,PEK-10,PVG-99,SFO-99
JFK:AMS-99,ATL10,BKK-99,CAN-99,CDG-99,CGK-99,CLT-99,DEL-99,DFW-99,DXB-99,FRA-99,HKG-99,HND-99,ICN-99,IST-99,JFK0,KUL-99,LAS-99,LAX-99,LHR-99,ORD-99,PEK0,PVG-99,SFO-99
KUL:AMS-99,ATL-99,BKK13,CAN-99,CDG-99,CGK10,CLT-99,DEL-99,DFW-99,DXB14,FRA-99,HKG23,HND-99,ICN-99,IST-99,JFK-99,KUL0,LAS-99,LAX-99,LHR-99,ORD-99,PEK4,PVG-99,SFO-99
LAS:AMS-99,ATL40,BKK-99,CAN-99,CDG-99,CGK-99,CLT-99,DEL-99,DFW20,DXB-99,FRA-99,HKG-99,HND-99,ICN-99,IST-99,JFK-99,KUL-99,LAS0,LAX-99,LHR-99,ORD30,PEK30,PVG-99,SFO-99
LAX:LAX0,SFO10
LHR:AMS-99,ATL-99,BKK-99,CAN-99,CDG10,CGK-99,CLT-99,DEL-99,DFW-99,DXB-99,FRA-99,HKG-99,HND-99,ICN-99,IST-99,JFK-99,KUL-99,LAS-99,LAX-99,LHR0,ORD-99,PEK6,PVG-99,SFO-99
MAD:AMS-99,ATL-99,BKK-99,CAN-99,CDG0,CGK-99,CLT-99,DEL-99,DFW-99,DXB-99,FRA-99,HKG-99,HND-99,ICN-99,IST-99,JFK-99,KUL-99,LAS-99,LAX-99,LHR-10,MAD0,ORD-99,PEK-4,PVG-99,SFO-99
MIA:AMS-99,ATL10,BKK-99,CAN-99,CDG-99,CGK-99,CLT-99,DEL-99,DFW-99,DXB-99,FRA-99,HKG-99,HND-99,ICN-99,IST-99,JFK-99,KUL-99,LAS-99,LAX-99,LHR-99,MIA0,ORD-99,PEK0,PVG-99,SFO-99
ORD:AMS-99,ATL10,BKK-99,CAN-99,CDG-99,CGK-99,CLT-99,DEL-99,DFW-99,DXB-99,FRA-99,HKG-99,HND-99,ICN-99,IST-99,JFK-99,KUL-99,LAS-99,LAX-99,LHR-99,ORD0,PEK0,PVG-99,SFO-99
PEK:AMS-99,ATL-99,BKK-99,CAN-99,CDG-99,CGK-99,CLT-99,DEL-99,DFW-99,DXB-99,FRA-99,HKG-99,HND-99,ICN-99,IST-99,JFK-99,KUL-99,LAS-99,LAX-99,LHR-99,ORD-99,PEK0,PVG-99,SFO-99
PHX:AMS-99,ATL-36,BKK-99,CAN-99,CDG-99,CGK-99,CLT-99,DEL-99,DEN7,DFW-56,DXB-99,FRA-99,HKG-99,HND-99,IAH-6,ICN-99,IST-99,JFK-99,KUL-99,LAS-99,LAX-99,LHR-99,ORD-46,PEK-46,PHX0,PVG-99,SFO-99
PVG:AMS-68,CAN-13,DEL-18,FRA-28,ICN5,PVG0
SFO:LAX10,SFO0
SIN:AMS-99,ATL-99,BKK24,CAN-99,CDG-99,CGK21,CLT-99,DEL-99,DFW-99,DXB25,FRA-99,HKG34,HND-99,ICN-99,IST-99,JFK-99,KUL11,LAS-99,LAX-99,LHR-99,ORD-99,PEK15,PVG-99,SFO-99,SIN0
-----
AMS:AMS0
ATL:AMS-99,ATL0,BKK-99,CAN-99,CDG-99,CGK-99,CLT-99,DEL-99,DFW-99,DXB-99,FRA-99,HKG-99,HND-99,ICN-99,IST-99,JFK-99,KUL-99,LAS-99,LAX-99,LHR-99,ORD-99,PEK-10,PVG-99,SFO-99
BKK:AMS-99,ATL-99,BKK0,CAN-99,CDG-99,CGK-99,CLT-99,DEL-99,DFW-99,DXB1,FRA-99,HKG10,HND-99,ICN-99,IST-99,JFK-99,KUL-99,LAS-99,LAX-99,LHR-99,ORD-99,PEK-9,PVG-99,SFO-99
CAN:AMS-85,CAN0,DEL-5,FRA-15
CDG:AMS-99,ATL-99,BKK-99,CAN-99,CDG0,CGK-99,CLT-99,DEL-99,DFW-99,DXB-99,FRA-99,HKG-99,HND-99,ICN-99,IST-99,JFK-99,KUL-99,LAS-99,LAX-99,LHR-99,ORD-99,PEK-4,PVG-99,SFO-99
CGK:AMS-99,ATL-99,BKK3,CAN-99,CDG-99,CGK0,CLT-99,DEL-99,DFW-99,DXB4,FRA-99,HKG13,HND-99,ICN-99,IST-99,JFK-99,KUL-99,LAS-99,LAX-99,LHR-99,ORD-99,PEK-6,PVG-99,SFO-99
CLT:AMS-99,ATL-10,BKK-99,CAN-99,CDG-99,CGK-99,CLT0,DEL-99,DFW-30,DXB-99,FRA-99,HKG-99,HND-99,ICN-99,IST-99,JFK-99,KUL-99,LAS-99,LAX-99,LHR-99,ORD-20,PEK-20,PVG-99,SFO-99
DEL:AMS-95,CAN-10,DEL0,FRA-25
DEN:AMS-99,ATL50,BKK-99,CAN-99,CDG-99,CGK-99,CLT-99,DEL-99,DEN0,DFW30,DXB-99,FRA-99,HKG-99,HND-99,ICN-99,IST-99,JFK-99,KUL-99,LAS10,LAX-99,LHR-99,ORD40,PEK40,PVG-99,SFO-99
DFW:AMS-99,ATL20,BKK-99,CAN-99,CDG-99,CGK-99,CLT-99,DEL-99,DFW0,DXB-99,FRA-99,HKG-99,HND-99,ICN-99,IST-99,JFK-99,KUL-99,LAS-99,LAX-99,LHR-99,ORD10,PEK10,PVG-99,SFO-99
DXB:AMS-99,ATL-99,BKK-99,CAN-99,CDG-99,CGK-99,CLT-99,DEL-99,DFW-99,DXB0,FRA-99,HKG-99,HND-99,ICN-99,IST-99,JFK-99,KUL-99,LAS-99,LAX-99,LHR-99,ORD-99,PEK-10,PVG-99,SFO-99
FRA:AMS-70,CAN0,DEL10,FRA0
HKG:AMS-99,ATL-99,BKK-99,CAN-99,CDG-99,CGK-99,CLT-99,DEL-99,DFW-99,DXB-9,FRA-99,HKG0,HND-99,ICN-99,IST-99,JFK-99,KUL-99,LAS-99,LAX-99,LHR-99,ORD-99,PEK-19,PVG-99,SFO-99
HND:AMS-99,ATL-99,BKK-99,CAN-99,CDG-99,CGK-99,CLT-99,DEL-99,DFW-99,DXB-4,FRA-99,HKG5,HND0,ICN-99,IST-99,JFK-99,KUL-99,LAS-99,LAX-99,LHR-99,ORD-99,PEK-14,PVG-99,SFO-99
IAH:AMS-99,ATL-30,BKK-99,CAN-99,CDG-99,CGK-99,CLT-99,DEL-99,DFW-50,DXB-99,FRA-99,HKG-99,HND-99,IAH0,ICN-99,IST-99,JFK-99,KUL-99,LAS-99,LAX-99,LHR-99,ORD-40,PEK-40,PVG-99,SFO-99
ICN:AMS-99,CAN-28,DEL-33,FRA-43,ICN0,PVG-10
IST:AMS-99,ATL-99,BKK-99,CAN-99,CDG-99,CGK-99,CLT-99,DEL-99,DFW-99,DXB-99,FRA-99,HKG-99,HND-99,ICN-99,IST0,JFK-99,KUL-99,LAS-99,LAX-99,LHR-99,ORD-99,PEK-10,PVG-99,SFO-99
JFK:AMS-99,ATL10,BKK-99,CAN-99,CDG-99,CGK-99,CLT-99,DEL-99,DFW-99,DXB-99,FRA-99,HKG-99,HND-99,ICN-99,IST-99,JFK0,KUL-99,LAS-99,LAX-99,LHR-99,ORD-99,PEK0,PVG-99,SFO-99
KUL:AMS-99,ATL-99,BKK13,CAN-99,CDG-99,CGK10,CLT-99,DEL-99,DFW-99,DXB14,FRA-99,HKG23,HND-99,ICN-99,IST-99,JFK-99,KUL0,LAS-99,LAX-99,LHR-99,ORD-99,PEK4,PVG-99,SFO-99
LAS:AMS-99,ATL40,BKK-99,CAN-99,CDG-99,CGK-99,CLT-99,DEL-99,DFW20,DXB-99,FRA-99,HKG-99,HND-99,ICN-99,IST-99,JFK-99,KUL-99,LAS0,LAX-99,LHR-99,ORD30,PEK30,PVG-99,SFO-99
LAX:LAX0,SFO10
LHR:AMS-99,ATL-99,BKK-99,CAN-99,CDG10,CGK-99,CLT-99,DEL-99,DFW-99,DXB-99,FRA-99,HKG-99,HND-99,ICN-99,IST-99,JFK-99,KUL-99,LAS-99,LAX-99,LHR0,ORD-99,PEK6,PVG-99,SFO-99
MAD:AMS-99,ATL-99,BKK-99,CAN-99,CDG0,CGK-99,CLT-99,DEL-99,DFW-99,DXB-99,FRA-99,HKG-99,HND-99,ICN-99,IST-99,JFK-99,KUL-99,LAS-99,LAX-99,LHR-10,MAD0,ORD-99,PEK-4,PVG-99,SFO-99
MIA:AMS-99,ATL10,BKK-99,CAN-99,CDG-99,CGK-99,CLT-99,DEL-99,DFW-99,DXB-99,FRA-99,HKG-99,HND-99,ICN-99,IST-99,JFK-99,KUL-99,LAS-99,LAX-99,LHR-99,MIA0,ORD-99,PEK0,PVG-99,SFO-99
ORD:AMS-99,ATL10,BKK-99,CAN-99,CDG-99,CGK-99,CLT-99,DEL-99,DFW-99,DXB-99,FRA-99,HKG-99,HND-99,ICN-99,IST-99,JFK-99,KUL-99,LAS-99,LAX-99,LHR-99,ORD0,PEK0,PVG-99,SFO-99
PEK:AMS-99,ATL-99,BKK-99,CAN-99,CDG-99,CGK-99,CLT-99,DEL-99,DFW-99,DXB-99,FRA-99,HKG-99,HND-99,ICN-99,IST-99,JFK-99,KUL-99,LAS-99,LAX-99,LHR-99,ORD-99,PEK0,PVG-99,SFO-99
PHX:AMS-99,ATL-36,BKK-99,CAN-99,CDG-99,CGK-99,CLT-99,DEL-99,DEN7,DFW-56,DXB-99,FRA-99,HKG-99,HND-99,IAH-6,ICN-99,IST-99,JFK-99,KUL-99,LAS-99,LAX-99,LHR-99,ORD-46,PEK-46,PHX0,PVG-99,SFO-99
PVG:AMS-88,CAN-18,DEL-23,FRA-33,ICN5,PVG0
SFO:LAX10,SFO0
SIN:AMS-99,ATL-99,BKK24,CAN-99,CDG-99,CGK21,CLT-99,DEL-99,DFW-99,DXB25,FRA-99,HKG34,HND-99,ICN-99,IST-99,JFK-99,KUL11,LAS-99,LAX-99,LHR-99,ORD-99,PEK15,PVG-99,SFO-99,SIN0
-----
AMS:AMS0
ATL:AMS-99,ATL0,BKK-99,CAN-99,CDG-99,CGK-99,CLT-99,DEL-99,DFW-99,DXB-99,FRA-99,HKG-99,HND-99,ICN-99,IST-99,JFK-99,KUL-99,LAS-99,LAX-99,LHR-99,ORD-99,PEK-10,PVG-99,SFO-99
BKK:AMS-99,ATL-99,BKK0,CAN-99,CDG-99,CGK-99,CLT-99,DEL-99,DFW-99,DXB1,FRA-99,HKG10,HND-99,ICN-99,IST-99,JFK-99,KUL-99,LAS-99,LAX-99,LHR-99,ORD-99,PEK-9,PVG-99,SFO-99
CAN:AMS-99,CAN0,DEL-5,FRA-15
CDG:AMS-99,ATL-99,BKK-99,CAN-99,CDG0,CGK-99,CLT-99,DEL-99,DFW-99,DXB-99,FRA-99,HKG-99,HND-99,ICN-99,IST-99,JFK-99,KUL-99,LAS-99,LAX-99,LHR-99,ORD-99,PEK-4,PVG-99,SFO-99
CGK:AMS-99,ATL-99,BKK3,CAN-99,CDG-99,CGK0,CLT-99,DEL-99,DFW-99,DXB4,FRA-99,HKG13,HND-99,ICN-99,IST-99,JFK-99,KUL-99,LAS-99,LAX-99,LHR-99,ORD-99,PEK-6,PVG-99,SFO-99
CLT:AMS-99,ATL-10,BKK-99,CAN-99,CDG-99,CGK-99,CLT0,DEL-99,DFW-30,DXB-99,FRA-99,HKG-99,HND-99,ICN-99,IST-99,JFK-99,KUL-99,LAS-99,LAX-99,LHR-99,ORD-20,PEK-20,PVG-99,SFO-99
DEL:AMS-99,CAN-10,DEL0,FRA-25
DEN:AMS-99,ATL50,BKK-99,CAN-99,CDG-99,CGK-99,CLT-99,DEL-99,DEN0,DFW30,DXB-99,FRA-99,HKG-99,HND-99,ICN-99,IST-99,JFK-99,KUL-99,LAS10,LAX-99,LHR-99,ORD40,PEK40,PVG-99,SFO-99
DFW:AMS-99,ATL20,BKK-99,CAN-99,CDG-99,CGK-99,CLT-99,DEL-99,DFW0,DXB-99,FRA-99,HKG-99,HND-99,ICN-99,IST-99,JFK-99,KUL-99,LAS-99,LAX-99,LHR-99,ORD10,PEK10,PVG-99,SFO-99
DXB:AMS-99,ATL-99,BKK-99,CAN-99,CDG-99,CGK-99,CLT-99,DEL-99,DFW-99,DXB0,FRA-99,HKG-99,HND-99,ICN-99,IST-99,JFK-99,KUL-99,LAS-99,LAX-99,LHR-99,ORD-99,PEK-10,PVG-99,SFO-99
FRA:AMS-85,CAN0,DEL10,FRA0
HKG:AMS-99,ATL-99,BKK-99,CAN-99,CDG-99,CGK-99,CLT-99,DEL-99,DFW-99,DXB-9,FRA-99,HKG0,HND-99,ICN-99,IST-99,JFK-99,KUL-99,LAS-99,LAX-99,LHR-99,ORD-99,PEK-19,PVG-99,SFO-99
HND:AMS-99,ATL-99,BKK-99,CAN-99,CDG-99,CGK-99,CLT-99,DEL-99,DFW-99,DXB-4,FRA-99,HKG5,HND0,ICN-99,IST-99,JFK-99,KUL-99,LAS-99,LAX-99,LHR-99,ORD-99,PEK-14,PVG-99,SFO-99
IAH:AMS-99,ATL-30,BKK-99,CAN-99,CDG-99,CGK-99,CLT-99,DEL-99,DFW-50,DXB-99,FRA-99,HKG-99,HND-99,IAH0,ICN-99,IST-99,JFK-99,KUL-99,LAS-99,LAX-99,LHR-99,ORD-40,PEK-40,PVG-99,SFO-99
ICN:AMS-99,CAN-33,DEL-38,FRA-48,ICN0,PVG-10
IST:AMS-99,ATL-99,BKK-99,CAN-99,CDG-99,CGK-99,CLT-99,DEL-99,DFW-99,DXB-99,FRA-99,HKG-99,HND-99,ICN-99,IST0,JFK-99,KUL-99,LAS-99,LAX-99,LHR-99,ORD-99,PEK-10,PVG-99,SFO-99
JFK:AMS-99,ATL10,BKK-99,CAN-99,CDG-99,CGK-99,CLT-99,DEL-99,DFW-99,DXB-99,FRA-99,HKG-99,HND-99,ICN-99,IST-99,JFK0,KUL-99,LAS-99,LAX-99,LHR-99,ORD-99,PEK0,PVG-99,SFO-99
KUL:AMS-99,ATL-99,BKK13,CAN-99,CDG-99,CGK10,CLT-99,DEL-99,DFW-99,DXB14,FRA-99,HKG23,HND-99,ICN-99,IST-99,JFK-99,KUL0,LAS-99,LAX-99,LHR-99,ORD-99,PEK4,PVG-99,SFO-99
LAS:AMS-99,ATL40,BKK-99,CAN-99,CDG-99,CGK-99,CLT-99,DEL-99,DFW20,DXB-99,FRA-99,HKG-99,HND-99,ICN-99,IST-99,JFK-99,KUL-99,LAS0,LAX-99,LHR-99,ORD30,PEK30,PVG-99,SFO-99
LAX:LAX0,SFO10
LHR:AMS-99,ATL-99,BKK-99,CAN-99,CDG10,CGK-99,CLT-99,DEL-99,DFW-99,DXB-99,FRA-99,HKG-99,HND-99,ICN-99,IST-99,JFK-99,KUL-99,LAS-99,LAX-99,LHR0,ORD-99,PEK6,PVG-99,SFO-99
MAD:AMS-99,ATL-99,BKK-99,CAN-99,CDG0,CGK-99,CLT-99,DEL-99,DFW-99,DXB-99,FRA-99,HKG-99,HND-99,ICN-99,IST-99,JFK-99,KUL-99,LAS-99,LAX-99,LHR-10,MAD0,ORD-99,PEK-4,PVG-99,SFO-99
MIA:AMS-99,ATL10,BKK-99,CAN-99,CDG-99,CGK-99,CLT-99,DEL-99,DFW-99,DXB-99,FRA-99,HKG-99,HND-99,ICN-99,IST-99,JFK-99,KUL-99,LAS-99,LAX-99,LHR-99,MIA0,ORD-99,PEK0,PVG-99,SFO-99
ORD:AMS-99,ATL10,BKK-99,CAN-99,CDG-99,CGK-99,CLT-99,DEL-99,DFW-99,DXB-99,FRA-99,HKG-99,HND-99,ICN-99,IST-99,JFK-99,KUL-99,LAS-99,LAX-99,LHR-99,ORD0,PEK0,PVG-99,SFO-99
PEK:AMS-99,ATL-99,BKK-99,CAN-99,CDG-99,CGK-99,CLT-99,DEL-99,DFW-99,DXB-99,FRA-99,HKG-99,HND-99,ICN-99,IST-99,JFK-99,KUL-99,LAS-99,LAX-99,LHR-99,ORD-99,PEK0,PVG-99,SFO-99
PHX:AMS-99,ATL-36,BKK-99,CAN-99,CDG-99,CGK-99,CLT-99,DEL-99,DEN7,DFW-56,DXB-99,FRA-99,HKG-99,HND-99,IAH-6,ICN-99,IST-99,JFK-99,KUL-99,LAS-99,LAX-99,LHR-99,ORD-46,PEK-46,PHX0,PVG-99,SFO-99
PVG:AMS-99,CAN-23,DEL-28,FRA-38,ICN5,PVG0
SFO:LAX10,SFO0
SIN:AMS-99,ATL-99,BKK24,CAN-99,CDG-99,CGK21,CLT-99,DEL-99,DFW-99,DXB25,FRA-99,HKG34,HND-99,ICN-99,IST-99,JFK-99,KUL11,LAS-99,LAX-99,LHR-99,ORD-99,PEK15,PVG-99,SFO-99,SIN0
-----
AMS:AMS0
ATL:AMS-99,ATL0,BKK-99,CAN-99,CDG-99,CGK-99,CLT-99,DEL-99,DFW-99,DXB-99,FRA-99,HKG-99,HND-99,ICN-99,IST-99,JFK-99,KUL-99,LAS-99,LAX-99,LHR-99,ORD-99,PEK-10,PVG-99,SFO-99
BKK:AMS-99,ATL-99,BKK0,CAN-99,CDG-99,CGK-99,CLT-99,DEL-99,DFW-99,DXB1,FRA-99,HKG10,HND-99,ICN-99,IST-99,JFK-99,KUL-99,LAS-99,LAX-99,LHR-99,ORD-99,PEK-9,PVG-99,SFO-99
CAN:AMS-99,CAN0,DEL-5,FRA-15
CDG:AMS-99,ATL-99,BKK-99,CAN-99,CDG0,CGK-99,CLT-99,DEL-99,DFW-99,DXB-99,FRA-99,HKG-99,HND-99,ICN-99,IST-99,JFK-99,KUL-99,LAS-99,LAX-99,LHR-99,ORD-99,PEK-4,PVG-99,SFO-99
CGK:AMS-99,ATL-99,BKK3,CAN-99,CDG-99,CGK0,CLT-99,DEL-99,DFW-99,DXB4,FRA-99,HKG13,HND-99,ICN-99,IST-99,JFK-99,KUL-99,LAS-99,LAX-99,LHR-99,ORD-99,PEK-6,PVG-99,SFO-99
CLT:AMS-99,ATL-10,BKK-99,CAN-99,CDG-99,CGK-99,CLT0,DEL-99,DFW-30,DXB-99,FRA-99,HKG-99,HND-99,ICN-99,IST-99,JFK-99,KUL-99,LAS-99,LAX-99,LHR-99,ORD-20,PEK-20,PVG-99,SFO-99
DEL:AMS-99,CAN-10,DEL0,FRA-25
DEN:AMS-99,ATL50,BKK-99,CAN-99,CDG-99,CGK-99,CLT-99,DEL-99,DEN0,DFW30,DXB-99,FRA-99,HKG-99,HND-99,ICN-99,IST-99,JFK-99,KUL-99,LAS10,LAX-99,LHR-99,ORD40,PEK40,PVG-99,SFO-99
DFW:AMS-99,ATL20,BKK-99,CAN-99,CDG-99,CGK-99,CLT-99,DEL-99,DFW0,DXB-99,FRA-99,HKG-99,HND-99,ICN-99,IST-99,JFK-99,KUL-99,LAS-99,LAX-99,LHR-99,ORD10,PEK10,PVG-99,SFO-99
DXB:AMS-99,ATL-99,BKK-99,CAN-99,CDG-99,CGK-99,CLT-99,DEL-99,DFW-99,DXB0,FRA-99,HKG-99,HND-99,ICN-99,IST-99,JFK-99,KUL-99,LAS-99,LAX-99,LHR-99,ORD-99,PEK-10,PVG-99,SFO-99
FRA:AMS-99,CAN0,DEL10,FRA0
HKG:AMS-99,ATL-99,BKK-99,CAN-99,CDG-99,CGK-99,CLT-99,DEL-99,DFW-99,DXB-9,FRA-99,HKG0,HND-99,ICN-99,IST-99,JFK-99,KUL-99,LAS-99,LAX-99,LHR-99,ORD-99,PEK-19,PVG-99,SFO-99
HND:AMS-99,ATL-99,BKK-99,CAN-99,CDG-99,CGK-99,CLT-99,DEL-99,DFW-99,DXB-4,FRA-99,HKG5,HND0,ICN-99,IST-99,JFK-99,KUL-99,LAS-99,LAX-99,LHR-99,ORD-99,PEK-14,PVG-99,SFO-99
IAH:AMS-99,ATL-30,BKK-99,CAN-99,CDG-99,CGK-99,CLT-99,DEL-99,DFW-50,DXB-99,FRA-99,HKG-99,HND-99,IAH0,ICN-99,IST-99,JFK-99,KUL-99,LAS-99,LAX-99,LHR-99,ORD-40,PEK-40,PVG-99,SFO-99
ICN:AMS-99,CAN-38,DEL-43,FRA-53,ICN0,PVG-10
IST:AMS-99,ATL-99,BKK-99,CAN-99,CDG-99,CGK-99,CLT-99,DEL-99,DFW-99,DXB-99,FRA-99,HKG-99,HND-99,ICN-99,IST0,JFK-99,KUL-99,LAS-99,LAX-99,LHR-99,ORD-99,PEK-10,PVG-99,SFO-99
JFK:AMS-99,ATL10,BKK-99,CAN-99,CDG-99,CGK-99,CLT-99,DEL-99,DFW-99,DXB-99,FRA-99,HKG-99,HND-99,ICN-99,IST-99,JFK0,KUL-99,LAS-99,LAX-99,LHR-99,ORD-99,PEK0,PVG-99,SFO-99
KUL:AMS-99,ATL-99,BKK13,CAN-99,CDG-99,CGK10,CLT-99,DEL-99,DFW-99,DXB14,FRA-99,HKG23,HND-99,ICN-99,IST-99,JFK-99,KUL0,LAS-99,LAX-99,LHR-99,ORD-99,PEK4,PVG-99,SFO-99
LAS:AMS-99,ATL40,BKK-99,CAN-99,CDG-99,CGK-99,CLT-99,DEL-99,DFW20,DXB-99,FRA-99,HKG-99,HND-99,ICN-99,IST-99,JFK-99,KUL-99,LAS0,LAX-99,LHR-99,ORD30,PEK30,PVG-99,SFO-99
LAX:LAX0,SFO10
LHR:AMS-99,ATL-99,BKK-99,CAN-99,CDG10,CGK-99,CLT-99,DEL-99,DFW-99,DXB-99,FRA-99,HKG-99,HND-99,ICN-99,IST-99,JFK-99,KUL-99,LAS-99,LAX-99,LHR0,ORD-99,PEK6,PVG-99,SFO-99
MAD:AMS-99,ATL-99,BKK-99,CAN-99,CDG0,CGK-99,CLT-99,DEL-99,DFW-99,DXB-99,FRA-99,HKG-99,HND-99,ICN-99,IST-99,JFK-99,KUL-99,LAS-99,LAX-99,LHR-10,MAD0,ORD-99,PEK-4,PVG-99,SFO-99
MIA:AMS-99,ATL10,BKK-99,CAN-99,CDG-99,CGK-99,CLT-99,DEL-99,DFW-99,DXB-99,FRA-99,HKG-99,HND-99,ICN-99,IST-99,JFK-99,KUL-99,LAS-99,LAX-99,LHR-99,MIA0,ORD-99,PEK0,PVG-99,SFO-99
ORD:AMS-99,ATL10,BKK-99,CAN-99,CDG-99,CGK-99,CLT-99,DEL-99,DFW-99,DXB-99,FRA-99,HKG-99,HND-99,ICN-99,IST-99,JFK-99,KUL-99,LAS-99,LAX-99,LHR-99,ORD0,PEK0,PVG-99,SFO-99
PEK:AMS-99,ATL-99,BKK-99,CAN-99,CDG-99,CGK-99,CLT-99,DEL-99,DFW-99,DXB-99,FRA-99,HKG-99,HND-99,ICN-99,IST-99,JFK-99,KUL-99,LAS-99,LAX-99,LHR-99,ORD-99,PEK0,PVG-99,SFO-99
PHX:AMS-99,ATL-36,BKK-99,CAN-99,CDG-99,CGK-99,CLT-99,DEL-99,DEN7,DFW-56,DXB-99,FRA-99,HKG-99,HND-99,IAH-6,ICN-99,IST-99,JFK-99,KUL-99,LAS-99,LAX-99,LHR-99,ORD-46,PEK-46,PHX0,PVG-99,SFO-99
PVG:AMS-99,CAN-28,DEL-33,FRA-43,ICN5,PVG0
SFO:LAX10,SFO0
SIN:AMS-99,ATL-99,BKK24,CAN-99,CDG-99,CGK21,CLT-99,DEL-99,DFW-99,DXB25,FRA-99,HKG34,HND-99,ICN-99,IST-99,JFK-99,KUL11,LAS-99,LAX-99,LHR-99,ORD-99,PEK15,PVG-99,SFO-99,SIN0
-----
AMS:AMS0
ATL:AMS-99,ATL0,BKK-99,CAN-99,CDG-99,CGK-99,CLT-99,DEL-99,DFW-99,DXB-99,FRA-99,HKG-99,HND-99,ICN-99,IST-99,JFK-99,KUL-99,LAS-99,LAX-99,LHR-99,ORD-99,PEK-10,PVG-99,SFO-99
BKK:AMS-99,ATL-99,BKK0,CAN-99,CDG-99,CGK-99,CLT-99,DEL-99,DFW-99,DXB1,FRA-99,HKG10,HND-99,ICN-99,IST-99,JFK-99,KUL-99,LAS-99,LAX-99,LHR-99,ORD-99,PEK-9,PVG-99,SFO-99
CAN:AMS-99,CAN0,DEL-5,FRA-15
CDG:AMS-99,ATL-99,BKK-99,CAN-99,CDG0,CGK-99,CLT-99,DEL-99,DFW-99,DXB-99,FRA-99,HKG-99,HND-99,ICN-99,IST-99,JFK-99,KUL-99,LAS-99,LAX-99,LHR-99,ORD-99,PEK-4,PVG-99,SFO-99
CGK:AMS-99,ATL-99,BKK3,CAN-99,CDG-99,CGK0,CLT-99,DEL-99,DFW-99,DXB4,FRA-99,HKG13,HND-99,ICN-99,IST-99,JFK-99,KUL-99,LAS-99,LAX-99,LHR-99,ORD-99,PEK-6,PVG-99,SFO-99
CLT:AMS-99,ATL-10,BKK-99,CAN-99,CDG-99,CGK-99,CLT0,DEL-99,DFW-30,DXB-99,FRA-99,HKG-99,HND-99,ICN-99,IST-99,JFK-99,KUL-99,LAS-99,LAX-99,LHR-99,ORD-20,PEK-20,PVG-99,SFO-99
DEL:AMS-99,CAN-10,DEL0,FRA-25
DEN:AMS-99,ATL50,BKK-99,CAN-99,CDG-99,CGK-99,CLT-99,DEL-99,DEN0,DFW30,DXB-99,FRA-99,HKG-99,HND-99,ICN-99,IST-99,JFK-99,KUL-99,LAS10,LAX-99,LHR-99,ORD40,PEK40,PVG-99,SFO-99
DFW:AMS-99,ATL20,BKK-99,CAN-99,CDG-99,CGK-99,CLT-99,DEL-99,DFW0,DXB-99,FRA-99,HKG-99,HND-99,ICN-99,IST-99,JFK-99,KUL-99,LAS-99,LAX-99,LHR-99,ORD10,PEK10,PVG-99,SFO-99
DXB:AMS-99,ATL-99,BKK-99,CAN-99,CDG-99,CGK-99,CLT-99,DEL-99,DFW-99,DXB0,FRA-99,HKG-99,HND-99,ICN-99,IST-99,JFK-99,KUL-99,LAS-99,LAX-99,LHR-99,ORD-99,PEK-10,PVG-99,SFO-99
FRA:AMS-99,CAN0,DEL10,FRA0
HKG:AMS-99,ATL-99,BKK-99,CAN-99,CDG-99,CGK-99,CLT-99,DEL-99,DFW-99,DXB-9,FRA-99,HKG0,HND-99,ICN-99,IST-99,JFK-99,KUL-99,LAS-99,LAX-99,LHR-99,ORD-99,PEK-19,PVG-99,SFO-99
HND:AMS-99,ATL-99,BKK-99,CAN-99,CDG-99,CGK-99,CLT-99,DEL-99,DFW-99,DXB-4,FRA-99,HKG5,HND0,ICN-99,IST-99,JFK-99,KUL-99,LAS-99,LAX-99,LHR-99,ORD-99,PEK-14,PVG-99,SFO-99
IAH:AMS-99,ATL-30,BKK-99,CAN-99,CDG-99,CGK-99,CLT-99,DEL-99,DFW-50,DXB-99,FRA-99,HKG-99,HND-99,IAH0,ICN-99,IST-99,JFK-99,KUL-99,LAS-99,LAX-99,LHR-99,ORD-40,PEK-40,PVG-99,SFO-99
ICN:AMS-99,CAN-43,DEL-48,FRA-58,ICN0,PVG-10
IST:AMS-99,ATL-99,BKK-99,CAN-99,CDG-99,CGK-99,CLT-99,DEL-99,DFW-99,DXB-99,FRA-99,HKG-99,HND-99,ICN-99,IST0,JFK-99,KUL-99,LAS-99,LAX-99,LHR-99,ORD-99,PEK-10,PVG-99,SFO-99
JFK:AMS-99,ATL10,BKK-99,CAN-99,CDG-99,CGK-99,CLT-99,DEL-99,DFW-99,DXB-99,FRA-99,HKG-99,HND-99,ICN-99,IST-99,JFK0,KUL-99,LAS-99,LAX-99,LHR-99,ORD-99,PEK0,PVG-99,SFO-99
KUL:AMS-99,ATL-99,BKK13,CAN-99,CDG-99,CGK10,CLT-99,DEL-99,DFW-99,DXB14,FRA-99,HKG23,HND-99,ICN-99,IST-99,JFK-99,KUL0,LAS-99,LAX-99,LHR-99,ORD-99,PEK4,PVG-99,SFO-99
LAS:AMS-99,ATL40,BKK-99,CAN-99,CDG-99,CGK-99,CLT-99,DEL-99,DFW20,DXB-99,FRA-99,HKG-99,HND-99,ICN-99,IST-99,JFK-99,KUL-99,LAS0,LAX-99,LHR-99,ORD30,PEK30,PVG-99,SFO-99
LAX:LAX0,SFO10
LHR:AMS-99,ATL-99,BKK-99,CAN-99,CDG10,CGK-99,CLT-99,DEL-99,DFW-99,DXB-99,FRA-99,HKG-99,HND-99,ICN-99,IST-99,JFK-99,KUL-99,LAS-99,LAX-99,LHR0,ORD-99,PEK6,PVG-99,SFO-99
MAD:AMS-99,ATL-99,BKK-99,CAN-99,CDG0,CGK-99,CLT-99,DEL-99,DFW-99,DXB-99,FRA-99,HKG-99,HND-99,ICN-99,IST-99,JFK-99,KUL-99,LAS-99,LAX-99,LHR-10,MAD0,ORD-99,PEK-4,PVG-99,SFO-99
MIA:AMS-99,ATL10,BKK-99,CAN-99,CDG-99,CGK-99,CLT-99,DEL-99,DFW-99,DXB-99,FRA-99,HKG-99,HND-99,ICN-99,IST-99,JFK-99,KUL-99,LAS-99,LAX-99,LHR-99,MIA0,ORD-99,PEK0,PVG-99,SFO-99
ORD:AMS-99,ATL10,BKK-99,CAN-99,CDG-99,CGK-99,CLT-99,DEL-99,DFW-99,DXB-99,FRA-99,HKG-99,HND-99,ICN-99,IST-99,JFK-99,KUL-99,LAS-99,LAX-99,LHR-99,ORD0,PEK0,PVG-99,SFO-99
PEK:AMS-99,ATL-99,BKK-99,CAN-99,CDG-99,CGK-99,CLT-99,DEL-99,DFW-99,DXB-99,FRA-99,HKG-99,HND-99,ICN-99,IST-99,JFK-99,KUL-99,LAS-99,LAX-99,LHR-99,ORD-99,PEK0,PVG-99,SFO-99
PHX:AMS-99,ATL-36,BKK-99,CAN-99,CDG-99,CGK-99,CLT-99,DEL-99,DEN7,DFW-56,DXB-99,FRA-99,HKG-99,HND-99,IAH-6,ICN-99,IST-99,JFK-99,KUL-99,LAS-99,LAX-99,LHR-99,ORD-46,PEK-46,PHX0,PVG-99,SFO-99
PVG:AMS-99,CAN-33,DEL-38,FRA-48,ICN5,PVG0
SFO:LAX10,SFO0
SIN:AMS-99,ATL-99,BKK24,CAN-99,CDG-99,CGK21,CLT-99,DEL-99,DFW-99,DXB25,FRA-99,HKG34,HND-99,ICN-99,IST-99,JFK-99,KUL11,LAS-99,LAX-99,LHR-99,ORD-99,PEK15,PVG-99,SFO-99,SIN0
-----
AMS:AMS0
ATL:AMS-99,ATL0,BKK-99,CAN-99,CDG-99,CGK-99,CLT-99,DEL-99,DFW-99,DXB-99,FRA-99,HKG-99,HND-99,ICN-99,IST-99,JFK-99,KUL-99,LAS-99,LAX-99,LHR-99,ORD-99,PEK-10,PVG-99,SFO-99
BKK:AMS-99,ATL-99,BKK0,CAN-99,CDG-99,CGK-99,CLT-99,DEL-99,DFW-99,DXB1,FRA-99,HKG10,HND-99,ICN-99,IST-99,JFK-99,KUL-99,LAS-99,LAX-99,LHR-99,ORD-99,PEK-9,PVG-99,SFO-99
CAN:AMS-99,CAN0,DEL-5,FRA-15
CDG:AMS-99,ATL-99,BKK-99,CAN-99,CDG0,CGK-99,CLT-99,DEL-99,DFW-99,DXB-99,FRA-99,HKG-99,HND-99,ICN-99,IST-99,JFK-99,KUL-99,LAS-99,LAX-99,LHR-99,ORD-99,PEK-4,PVG-99,SFO-99
CGK:AMS-99,ATL-99,BKK3,CAN-99,CDG-99,CGK0,CLT-99,DEL-99,DFW-99,DXB4,FRA-99,HKG13,HND-99,ICN-99,IST-99,JFK-99,KUL-99,LAS-99,LAX-99,LHR-99,ORD-99,PEK-6,PVG-99,SFO-99
CLT:AMS-99,ATL-10,BKK-99,CAN-99,CDG-99,CGK-99,CLT0,DEL-99,DFW-30,DXB-99,FRA-99,HKG-99,HND-99,ICN-99,IST-99,JFK-99,KUL-99,LAS-99,LAX-99,LHR-99,ORD-20,PEK-20,PVG-99,SFO-99
DEL:AMS-99,CAN-10,DEL0,FRA-25
DEN:AMS-99,ATL50,BKK-99,CAN-99,CDG-99,CGK-99,CLT-99,DEL-99,DEN0,DFW30,DXB-99,FRA-99,HKG-99,HND-99,ICN-99,IST-99,JFK-99,KUL-99,LAS10,LAX-99,LHR-99,ORD40,PEK40,PVG-99,SFO-99
DFW:AMS-99,ATL20,BKK-99,CAN-99,CDG-99,CGK-99,CLT-99,DEL-99,DFW0,DXB-99,FRA-99,HKG-99,HND-99,ICN-99,IST-99,JFK-99,KUL-99,LAS-99,LAX-99,LHR-99,ORD10,PEK10,PVG-99,SFO-99
DXB:AMS-99,ATL-99,BKK-99,CAN-99,CDG-99,CGK-99,CLT-99,DEL-99,DFW-99,DXB0,FRA-99,HKG-99,HND-99,ICN-99,IST-99,JFK-99,KUL-99,LAS-99,LAX-99,LHR-99,ORD-99,PEK-10,PVG-99,SFO-99
FRA:AMS-99,CAN0,DEL10,FRA0
HKG:AMS-99,ATL-99,BKK-99,CAN-99,CDG-99,CGK-99,CLT-99,DEL-99,DFW-99,DXB-9,FRA-99,HKG0,HND-99,ICN-99,IST-99,JFK-99,KUL-99,LAS-99,LAX-99,LHR-99,ORD-99,PEK-19,PVG-99,SFO-99
HND:AMS-99,ATL-99,BKK-99,CAN-99,CDG-99,CGK-99,CLT-99,DEL-99,DFW-99,DXB-4,FRA-99,HKG5,HND0,ICN-99,IST-99,JFK-99,KUL-99,LAS-99,LAX-99,LHR-99,ORD-99,PEK-14,PVG-99,SFO-99
IAH:AMS-99,ATL-30,BKK-99,CAN-99,CDG-99,CGK-99,CLT-99,DEL-99,DFW-50,DXB-99,FRA-99,HKG-99,HND-99,IAH0,ICN-99,IST-99,JFK-99,KUL-99,LAS-99,LAX-99,LHR-99,ORD-40,PEK-40,PVG-99,SFO-99
ICN:AMS-99,CAN-48,DEL-53,FRA-63,ICN0,PVG-10
IST:AMS-99,ATL-99,BKK-99,CAN-99,CDG-99,CGK-99,CLT-99,DEL-99,DFW-99,DXB-99,FRA-99,HKG-99,HND-99,ICN-99,IST0,JFK-99,KUL-99,LAS-99,LAX-99,LHR-99,ORD-99,PEK-10,PVG-99,SFO-99
JFK:AMS-99,ATL10,BKK-99,CAN-99,CDG-99,CGK-99,CLT-99,DEL-99,DFW-99,DXB-99,FRA-99,HKG-99,HND-99,ICN-99,IST-99,JFK0,KUL-99,LAS-99,LAX-99,LHR-99,ORD-99,PEK0,PVG-99,SFO-99
KUL:AMS-99,ATL-99,BKK13,CAN-99,CDG-99,CGK10,CLT-99,DEL-99,DFW-99,DXB14,FRA-99,HKG23,HND-99,ICN-99,IST-99,JFK-99,KUL0,LAS-99,LAX-99,LHR-99,ORD-99,PEK4,PVG-99,SFO-99
LAS:AMS-99,ATL40,BKK-99,CAN-99,CDG-99,CGK-99,CLT-99,DEL-99,DFW20,DXB-99,FRA-99,HKG-99,HND-99,ICN-99,IST-99,JFK-99,KUL-99,LAS0,LAX-99,LHR-99,ORD30,PEK30,PVG-99,SFO-99
LAX:LAX0,SFO10
LHR:AMS-99,ATL-99,BKK-99,CAN-99,CDG10,CGK-99,CLT-99,DEL-99,DFW-99,DXB-99,FRA-99,HKG-99,HND-99,ICN-99,IST-99,JFK-99,KUL-99,LAS-99,LAX-99,LHR0,ORD-99,PEK6,PVG-99,SFO-99
MAD:AMS-99,ATL-99,BKK-99,CAN-99,CDG0,CGK-99,CLT-99,DEL-99,DFW-99,DXB-99,FRA-99,HKG-99,HND-99,ICN-99,IST-99,JFK-99,KUL-99,LAS-99,LAX-99,LHR-10,MAD0,ORD-99,PEK-4,PVG-99,SFO-99
MIA:AMS-99,ATL10,BKK-99,CAN-99,CDG-99,CGK-99,CLT-99,DEL-99,DFW-99,DXB-99,FRA-99,HKG-99,HND-99,ICN-99,IST-99,JFK-99,KUL-99,LAS-99,LAX-99,LHR-99,MIA0,ORD-99,PEK0,PVG-99,SFO-99
ORD:AMS-99,ATL10,BKK-99,CAN-99,CDG-99,CGK-99,CLT-99,DEL-99,DFW-99,DXB-99,FRA-99,HKG-99,HND-99,ICN-99,IST-99,JFK-99,KUL-99,LAS-99,LAX-99,LHR-99,ORD0,PEK0,PVG-99,SFO-99
PEK:AMS-99,ATL-99,BKK-99,CAN-99,CDG-99,CGK-99,CLT-99,DEL-99,DFW-99,DXB-99,FRA-99,HKG-99,HND-99,ICN-99,IST-99,JFK-99,KUL-99,LAS-99,LAX-99,LHR-99,ORD-99,PEK0,PVG-99,SFO-99
PHX:AMS-99,ATL-36,BKK-99,CAN-99,CDG-99,CGK-99,CLT-99,DEL-99,DEN7,DFW-56,DXB-99,FRA-99,HKG-99,HND-99,IAH-6,ICN-99,IST-99,JFK-99,KUL-99,LAS-99,LAX-99,LHR-99,ORD-46,PEK-46,PHX0,PVG-99,SFO-99
PVG:AMS-99,CAN-38,DEL-43,FRA-53,ICN5,PVG0
SFO:LAX10,SFO0
SIN:AMS-99,ATL-99,BKK24,CAN-99,CDG-99,CGK21,CLT-99,DEL-99,DFW-99,DXB25,FRA-99,HKG34,HND-99,ICN-99,IST-99,JFK-99,KUL11,LAS-99,LAX-99,LHR-99,ORD-99,PEK15,PVG-99,SFO-99,SIN0
-----
AMS:AMS0
ATL:AMS-99,ATL0,BKK-99,CAN-99,CDG-99,CGK-99,CLT-99,DEL-99,DFW-99,DXB-99,FRA-99,HKG-99,HND-99,ICN-99,IST-99,JFK-99,KUL-99,LAS-99,LAX-99,LHR-99,ORD-99,PEK-10,PVG-99,SFO-99
BKK:AMS-99,ATL-99,BKK0,CAN-99,CDG-99,CGK-99,CLT-99,DEL-99,DFW-99,DXB1,FRA-99,HKG10,HND-99,ICN-99,IST-99,JFK-99,KUL-99,LAS-99,LAX-99,LHR-99,ORD-99,PEK-9,PVG-99,SFO-99
CAN:AMS-99,CAN0,DEL-5,FRA-15
CDG:AMS-99,ATL-99,BKK-99,CAN-99,CDG0,CGK-99,CLT-99,DEL-99,DFW-99,DXB-99,FRA-99,HKG-99,HND-99,ICN-99,IST-99,JFK-99,KUL-99,LAS-99,LAX-99,LHR-99,ORD-99,PEK-4,PVG-99,SFO-99
CGK:AMS-99,ATL-99,BKK3,CAN-99,CDG-99,CGK0,CLT-99,DEL-99,DFW-99,DXB4,FRA-99,HKG13,HND-99,ICN-99,IST-99,JFK-99,KUL-99,LAS-99,LAX-99,LHR-99,ORD-99,PEK-6,PVG-99,SFO-99
CLT:AMS-99,ATL-10,BKK-99,CAN-99,CDG-99,CGK-99,CLT0,DEL-99,DFW-30,DXB-99,FRA-99,HKG-99,HND-99,ICN-99,IST-99,JFK-99,KUL-99,LAS-99,LAX-99,LHR-99,ORD-20,PEK-20,PVG-99,SFO-99
DEL:AMS-99,CAN-10,DEL0,FRA-25
DEN:AMS-99,ATL50,BKK-99,CAN-99,CDG-99,CGK-99,CLT-99,DEL-99,DEN0,DFW30,DXB-99,FRA-99,HKG-99,HND-99,ICN-99,IST-99,JFK-99,KUL-99,LAS10,LAX-99,LHR-99,ORD40,PEK40,PVG-99,SFO-99
DFW:AMS-99,ATL20,BKK-99,CAN-99,CDG-99,CGK-99,CLT-99,DEL-99,DFW0,DXB-99,FRA-99,HKG-99,HND-99,ICN-99,IST-99,JFK-99,KUL-99,LAS-99,LAX-99,LHR-99,ORD10,PEK10,PVG-99,SFO-99
DXB:AMS-99,ATL-99,BKK-99,CAN-99,CDG-99,CGK-99,CLT-99,DEL-99,DFW-99,DXB0,FRA-99,HKG-99,HND-99,ICN-99,IST-99,JFK-99,KUL-99,LAS-99,LAX-99,LHR-99,ORD-99,PEK-10,PVG-99,SFO-99
FRA:AMS-99,CAN0,DEL10,FRA0
HKG:AMS-99,ATL-99,BKK-99,CAN-99,CDG-99,CGK-99,CLT-99,DEL-99,DFW-99,DXB-9,FRA-99,HKG0,HND-99,ICN-99,IST-99,JFK-99,KUL-99,LAS-99,LAX-99,LHR-99,ORD-99,PEK-19,PVG-99,SFO-99
HND:AMS-99,ATL-99,BKK-99,CAN-99,CDG-99,CGK-99,CLT-99,DEL-99,DFW-99,DXB-4,FRA-99,HKG5,HND0,ICN-99,IST-99,JFK-99,KUL-99,LAS-99,LAX-99,LHR-99,ORD-99,PEK-14,PVG-99,SFO-99
IAH:AMS-99,ATL-30,BKK-99,CAN-99,CDG-99,CGK-99,CLT-99,DEL-99,DFW-50,DXB-99,FRA-99,HKG-99,HND-99,IAH0,ICN-99,IST-99,JFK-99,KUL-99,LAS-99,LAX-99,LHR-99,ORD-40,PEK-40,PVG-99,SFO-99
ICN:AMS-99,CAN-53,DEL-58,FRA-68,ICN0,PVG-10
IST:AMS-99,ATL-99,BKK-99,CAN-99,CDG-99,CGK-99,CLT-99,DEL-99,DFW-99,DXB-99,FRA-99,HKG-99,HND-99,ICN-99,IST0,JFK-99,KUL-99,LAS-99,LAX-99,LHR-99,ORD-99,PEK-10,PVG-99,SFO-99
JFK:AMS-99,ATL10,BKK-99,CAN-99,CDG-99,CGK-99,CLT-99,DEL-99,DFW-99,DXB-99,FRA-99,HKG-99,HND-99,ICN-99,IST-99,JFK0,KUL-99,LAS-99,LAX-99,LHR-99,ORD-99,PEK0,PVG-99,SFO-99
KUL:AMS-99,ATL-99,BKK13,CAN-99,CDG-99,CGK10,CLT-99,DEL-99,DFW-99,DXB14,FRA-99,HKG23,HND-99,ICN-99,IST-99,JFK-99,KUL0,LAS-99,LAX-99,LHR-99,ORD-99,PEK4,PVG-99,SFO-99
LAS:AMS-99,ATL40,BKK-99,CAN-99,CDG-99,CGK-99,CLT-99,DEL-99,DFW20,DXB-99,FRA-99,HKG-99,HND-99,ICN-99,IST-99,JFK-99,KUL-99,LAS0,LAX-99,LHR-99,ORD30,PEK30,PVG-99,SFO-99
LAX:LAX0,SFO10
LHR:AMS-99,ATL-99,BKK-99,CAN-99,CDG10,CGK-99,CLT-99,DEL-99,DFW-99,DXB-99,FRA-99,HKG-99,HND-99,ICN-99,IST-99,JFK-99,KUL-99,LAS-99,LAX-99,LHR0,ORD-99,PEK6,PVG-99,SFO-99
MAD:AMS-99,ATL-99,BKK-99,CAN-99,CDG0,CGK-99,CLT-99,DEL-99,DFW-99,DXB-99,FRA-99,HKG-99,HND-99,ICN-99,IST-99,JFK-99,KUL-99,LAS-99,LAX-99,LHR-10,MAD0,ORD-99,PEK-4,PVG-99,SFO-99
MIA:AMS-99,ATL10,BKK-99,CAN-99,CDG-99,CGK-99,CLT-99,DEL-99,DFW-99,DXB-99,FRA-99,HKG-99,HND-99,ICN-99,IST-99,JFK-99,KUL-99,LAS-99,LAX-99,LHR-99,MIA0,ORD-99,PEK0,PVG-99,SFO-99
ORD:AMS-99,ATL10,BKK-99,CAN-99,CDG-99,CGK-99,CLT-99,DEL-99,DFW-99,DXB-99,FRA-99,HKG-99,HND-99,ICN-99,IST-99,JFK-99,KUL-99,LAS-99,LAX-99,LHR-99,ORD0,PEK0,PVG-99,SFO-99
PEK:AMS-99,ATL-99,BKK-99,CAN-99,CDG-99,CGK-99,CLT-99,DEL-99,DFW-99,DXB-99,FRA-99,HKG-99,HND-99,ICN-99,IST-99,JFK-99,KUL-99,LAS-99,LAX-99,LHR-99,ORD-99,PEK0,PVG-99,SFO-99
PHX:AMS-99,ATL-36,BKK-99,CAN-99,CDG-99,CGK-99,CLT-99,DEL-99,DEN7,DFW-56,DXB-99,FRA-99,HKG-99,HND-99,IAH-6,ICN-99,IST-99,JFK-99,KUL-99,LAS-99,LAX-99,LHR-99,ORD-46,PEK-46,PHX0,PVG-99,SFO-99
PVG:AMS-99,CAN-43,DEL-48,FRA-58,ICN5,PVG0
SFO:LAX10,SFO0
SIN:AMS-99,ATL-99,BKK24,CAN-99,CDG-99,CGK21,CLT-99,DEL-99,DFW-99,DXB25,FRA-99,HKG34,HND-99,ICN-99,IST-99,JFK-99,KUL11,LAS-99,LAX-99,LHR-99,ORD-99,PEK15,PVG-99,SFO-99,SIN0
-----
AMS:AMS0
ATL:AMS-99,ATL0,BKK-99,CAN-99,CDG-99,CGK-99,CLT-99,DEL-99,DFW-99,DXB-99,FRA-99,HKG-99,HND-99,ICN-99,IST-99,JFK-99,KUL-99,LAS-99,LAX-99,LHR-99,ORD-99,PEK-10,PVG-99,SFO-99
BKK:AMS-99,ATL-99,BKK0,CAN-99,CDG-99,CGK-99,CLT-99,DEL-99,DFW-99,DXB1,FRA-99,HKG10,HND-99,ICN-99,IST-99,JFK-99,KUL-99,LAS-99,LAX-99,LHR-99,ORD-99,PEK-9,PVG-99,SFO-99
CAN:AMS-99,CAN0,DEL-5,FRA-15
CDG:AMS-99,ATL-99,BKK-99,CAN-99,CDG0,CGK-99,CLT-99,DEL-99,DFW-99,DXB-99,FRA-99,HKG-99,HND-99,ICN-99,IST-99,JFK-99,KUL-99,LAS-99,LAX-99,LHR-99,ORD-99,PEK-4,PVG-99,SFO-99
CGK:AMS-99,ATL-99,BKK3,CAN-99,CDG-99,CGK0,CLT-99,DEL-99,DFW-99,DXB4,FRA-99,HKG13,HND-99,ICN-99,IST-99,JFK-99,KUL-99,LAS-99,LAX-99,LHR-99,ORD-99,PEK-6,PVG-99,SFO-99
CLT:AMS-99,ATL-10,BKK-99,CAN-99,CDG-99,CGK-99,CLT0,DEL-99,DFW-30,DXB-99,FRA-99,HKG-99,HND-99,ICN-99,IST-99,JFK-99,KUL-99,LAS-99,LAX-99,LHR-99,ORD-20,PEK-20,PVG-99,SFO-99
DEL:AMS-99,CAN-10,DEL0,FRA-25
DEN:AMS-99,ATL50,BKK-99,CAN-99,CDG-99,CGK-99,CLT-99,DEL-99,DEN0,DFW30,DXB-99,FRA-99,HKG-99,HND-99,ICN-99,IST-99,JFK-99,KUL-99,LAS10,LAX-99,LHR-99,ORD40,PEK40,PVG-99,SFO-99
DFW:AMS-99,ATL20,BKK-99,CAN-99,CDG-99,CGK-99,CLT-99,DEL-99,DFW0,DXB-99,FRA-99,HKG-99,HND-99,ICN-99,IST-99,JFK-99,KUL-99,LAS-99,LAX-99,LHR-99,ORD10,PEK10,PVG-99,SFO-99
DXB:AMS-99,ATL-99,BKK-99,CAN-99,CDG-99,CGK-99,CLT-99,DEL-99,DFW-99,DXB0,FRA-99,HKG-99,HND-99,ICN-99,IST-99,JFK-99,KUL-99,LAS-99,LAX-99,LHR-99,ORD-99,PEK-10,PVG-99,SFO-99
FRA:AMS-99,CAN0,DEL10,FRA0
HKG:AMS-99,ATL-99,BKK-99,CAN-99,CDG-99,CGK-99,CLT-99,DEL-99,DFW-99,DXB-9,FRA-99,HKG0,HND-99,ICN-99,IST-99,JFK-99,KUL-99,LAS-99,LAX-99,LHR-99,ORD-99,PEK-19,PVG-99,SFO-99
HND:AMS-99,ATL-99,BKK-99,CAN-99,CDG-99,CGK-99,CLT-99,DEL-99,DFW-99,DXB-4,FRA-99,HKG5,HND0,ICN-99,IST-99,JFK-99,KUL-99,LAS-99,LAX-99,LHR-99,ORD-99,PEK-14,PVG-99,SFO-99
IAH:AMS-99,ATL-30,BKK-99,CAN-99,CDG-99,CGK-99,CLT-99,DEL-99,DFW-50,DXB-99,FRA-99,HKG-99,HND-99,IAH0,ICN-99,IST-99,JFK-99,KUL-99,LAS-99,LAX-99,LHR-99,ORD-40,PEK-40,PVG-99,SFO-99
ICN:AMS-99,CAN-58,DEL-63,FRA-73,ICN0,PVG-10
IST:AMS-99,ATL-99,BKK-99,CAN-99,CDG-99,CGK-99,CLT-99,DEL-99,DFW-99,DXB-99,FRA-99,HKG-99,HND-99,ICN-99,IST0,JFK-99,KUL-99,LAS-99,LAX-99,LHR-99,ORD-99,PEK-10,PVG-99,SFO-99
JFK:AMS-99,ATL10,BKK-99,CAN-99,CDG-99,CGK-99,CLT-99,DEL-99,DFW-99,DXB-99,FRA-99,HKG-99,HND-99,ICN-99,IST-99,JFK0,KUL-99,LAS-99,LAX-99,LHR-99,ORD-99,PEK0,PVG-99,SFO-99
KUL:AMS-99,ATL-99,BKK13,CAN-99,CDG-99,CGK10,CLT-99,DEL-99,DFW-99,DXB14,FRA-99,HKG23,HND-99,ICN-99,IST-99,JFK-99,KUL0,LAS-99,LAX-99,LHR-99,ORD-99,PEK4,PVG-99,SFO-99
LAS:AMS-99,ATL40,BKK-99,CAN-99,CDG-99,CGK-99,CLT-99,DEL-99,DFW20,DXB-99,FRA-99,HKG-99,HND-99,ICN-99,IST-99,JFK-99,KUL-99,LAS0,LAX-99,LHR-99,ORD30,PEK30,PVG-99,SFO-99
LAX:LAX0,SFO10
LHR:AMS-99,ATL-99,BKK-99,CAN-99,CDG10,CGK-99,CLT-99,DEL-99,DFW-99,DXB-99,FRA-99,HKG-99,HND-99,ICN-99,IST-99,JFK-99,KUL-99,LAS-99,LAX-99,LHR0,ORD-99,PEK6,PVG-99,SFO-99
MAD:AMS-99,ATL-99,BKK-99,CAN-99,CDG0,CGK-99,CLT-99,DEL-99,DFW-99,DXB-99,FRA-99,HKG-99,HND-99,ICN-99,IST-99,JFK-99,KUL-99,LAS-99,LAX-99,LHR-10,MAD0,ORD-99,PEK-4,PVG-99,SFO-99
MIA:AMS-99,ATL10,BKK-99,CAN-99,CDG-99,CGK-99,CLT-99,DEL-99,DFW-99,DXB-99,FRA-99,HKG-99,HND-99,ICN-99,IST-99,JFK-99,KUL-99,LAS-99,LAX-99,LHR-99,MIA0,ORD-99,PEK0,PVG-99,SFO-99
ORD:AMS-99,ATL10,BKK-99,CAN-99,CDG-99,CGK-99,CLT-99,DEL-99,DFW-99,DXB-99,FRA-99,HKG-99,HND-99,ICN-99,IST-99,JFK-99,KUL-99,LAS-99,LAX-99,LHR-99,ORD0,PEK0,PVG-99,SFO-99
PEK:AMS-99,ATL-99,BKK-99,CAN-99,CDG-99,CGK-99,CLT-99,DEL-99,DFW-99,DXB-99,FRA-99,HKG-99,HND-99,ICN-99,IST-99,JFK-99,KUL-99,LAS-99,LAX-99,LHR-99,ORD-99,PEK0,PVG-99,SFO-99
PHX:AMS-99,ATL-36,BKK-99,CAN-99,CDG-99,CGK-99,CLT-99,DEL-99,DEN7,DFW-56,DXB-99,FRA-99,HKG-99,HND-99,IAH-6,ICN-99,IST-99,JFK-99,KUL-99,LAS-99,LAX-99,LHR-99,ORD-46,PEK-46,PHX0,PVG-99,SFO-99
PVG:AMS-99,CAN-48,DEL-53,FRA-63,ICN5,PVG0
SFO:LAX10,SFO0
SIN:AMS-99,ATL-99,BKK24,CAN-99,CDG-99,CGK21,CLT-99,DEL-99,DFW-99,DXB25,FRA-99,HKG34,HND-99,ICN-99,IST-99,JFK-99,KUL11,LAS-99,LAX-99,LHR-99,ORD-99,PEK15,PVG-99,SFO-99,SIN0
-----
AMS:AMS0
ATL:AMS-99,ATL0,BKK-99,CAN-99,CDG-99,CGK-99,CLT-99,DEL-99,DFW-99,DXB-99,FRA-99,HKG-99,HND-99,ICN-99,IST-99,JFK-99,KUL-99,LAS-99,LAX-99,LHR-99,ORD-99,PEK-10,PVG-99,SFO-99
BKK:AMS-99,ATL-99,BKK0,CAN-99,CDG-99,CGK-99,CLT-99,DEL-99,DFW-99,DXB1,FRA-99,HKG10,HND-99,ICN-99,IST-99,JFK-99,KUL-99,LAS-99,LAX-99,LHR-99,ORD-99,PEK-9,PVG-99,SFO-99
CAN:AMS-99,CAN0,DEL-5,FRA-15
CDG:AMS-99,ATL-99,BKK-99,CAN-99,CDG0,CGK-99,CLT-99,DEL-99,DFW-99,DXB-99,FRA-99,HKG-99,HND-99,ICN-99,IST-99,JFK-99,KUL-99,LAS-99,LAX-99,LHR-99,ORD-99,PEK-4,PVG-99,SFO-99
CGK:AMS-99,ATL-99,BKK3,CAN-99,CDG-99,CGK0,CLT-99,DEL-99,DFW-99,DXB4,FRA-99,HKG13,HND-99,ICN-99,IST-99,JFK-99,KUL-99,LAS-99,LAX-99,LHR-99,ORD-99,PEK-6,PVG-99,SFO-99
CLT:AMS-99,ATL-10,BKK-99,CAN-99,CDG-99,CGK-99,CLT0,DEL-99,DFW-30,DXB-99,FRA-99,HKG-99,HND-99,ICN-99,IST-99,JFK-99,KUL-99,LAS-99,LAX-99,LHR-99,ORD-20,PEK-20,PVG-99,SFO-99
DEL:AMS-99,CAN-10,DEL0,FRA-25
DEN:AMS-99,ATL50,BKK-99,CAN-99,CDG-99,CGK-99,CLT-99,DEL-99,DEN0,DFW30,DXB-99,FRA-99,HKG-99,HND-99,ICN-99,IST-99,JFK-99,KUL-99,LAS10,LAX-99,LHR-99,ORD40,PEK40,PVG-99,SFO-99
DFW:AMS-99,ATL20,BKK-99,CAN-99,CDG-99,CGK-99,CLT-99,DEL-99,DFW0,DXB-99,FRA-99,HKG-99,HND-99,ICN-99,IST-99,JFK-99,KUL-99,LAS-99,LAX-99,LHR-99,ORD10,PEK10,PVG-99,SFO-99
DXB:AMS-99,ATL-99,BKK-99,CAN-99,CDG-99,CGK-99,CLT-99,DEL-99,DFW-99,DXB0,FRA-99,HKG-99,HND-99,ICN-99,IST-99,JFK-99,KUL-99,LAS-99,LAX-99,LHR-99,ORD-99,PEK-10,PVG-99,SFO-99
FRA:AMS-99,CAN0,DEL10,FRA0
HKG:AMS-99,ATL-99,BKK-99,CAN-99,CDG-99,CGK-99,CLT-99,DEL-99,DFW-99,DXB-9,FRA-99,HKG0,HND-99,ICN-99,IST-99,JFK-99,KUL-99,LAS-99,LAX-99,LHR-99,ORD-99,PEK-19,PVG-99,SFO-99
HND:AMS-99,ATL-99,BKK-99,CAN-99,CDG-99,CGK-99,CLT-99,DEL-99,DFW-99,DXB-4,FRA-99,HKG5,HND0,ICN-99,IST-99,JFK-99,KUL-99,LAS-99,LAX-99,LHR-99,ORD-99,PEK-14,PVG-99,SFO-99
IAH:AMS-99,ATL-30,BKK-99,CAN-99,CDG-99,CGK-99,CLT-99,DEL-99,DFW-50,DXB-99,FRA-99,HKG-99,HND-99,IAH0,ICN-99,IST-99,JFK-99,KUL-99,LAS-99,LAX-99,LHR-99,ORD-40,PEK-40,PVG-99,SFO-99
ICN:AMS-99,CAN-63,DEL-68,FRA-78,ICN0,PVG-10
IST:AMS-99,ATL-99,BKK-99,CAN-99,CDG-99,CGK-99,CLT-99,DEL-99,DFW-99,DXB-99,FRA-99,HKG-99,HND-99,ICN-99,IST0,JFK-99,KUL-99,LAS-99,LAX-99,LHR-99,ORD-99,PEK-10,PVG-99,SFO-99
JFK:AMS-99,ATL10,BKK-99,CAN-99,CDG-99,CGK-99,CLT-99,DEL-99,DFW-99,DXB-99,FRA-99,HKG-99,HND-99,ICN-99,IST-99,JFK0,KUL-99,LAS-99,LAX-99,LHR-99,ORD-99,PEK0,PVG-99,SFO-99
KUL:AMS-99,ATL-99,BKK13,CAN-99,CDG-99,CGK10,CLT-99,DEL-99,DFW-99,DXB14,FRA-99,HKG23,HND-99,ICN-99,IST-99,JFK-99,KUL0,LAS-99,LAX-99,LHR-99,ORD-99,PEK4,PVG-99,SFO-99
LAS:AMS-99,ATL40,BKK-99,CAN-99,CDG-99,CGK-99,CLT-99,DEL-99,DFW20,DXB-99,FRA-99,HKG-99,HND-99,ICN-99,IST-99,JFK-99,KUL-99,LAS0,LAX-99,LHR-99,ORD30,PEK30,PVG-99,SFO-99
LAX:LAX0,SFO10
LHR:AMS-99,ATL-99,BKK-99,CAN-99,CDG10,CGK-99,CLT-99,DEL-99,DFW-99,DXB-99,FRA-99,HKG-99,HND-99,ICN-99,IST-99,JFK-99,KUL-99,LAS-99,LAX-99,LHR0,ORD-99,PEK6,PVG-99,SFO-99
MAD:AMS-99,ATL-99,BKK-99,CAN-99,CDG0,CGK-99,CLT-99,DEL-99,DFW-99,DXB-99,FRA-99,HKG-99,HND-99,ICN-99,IST-99,JFK-99,KUL-99,LAS-99,LAX-99,LHR-10,MAD0,ORD-99,PEK-4,PVG-99,SFO-99
MIA:AMS-99,ATL10,BKK-99,CAN-99,CDG-99,CGK-99,CLT-99,DEL-99,DFW-99,DXB-99,FRA-99,HKG-99,HND-99,ICN-99,IST-99,JFK-99,KUL-99,LAS-99,LAX-99,LHR-99,MIA0,ORD-99,PEK0,PVG-99,SFO-99
ORD:AMS-99,ATL10,BKK-99,CAN-99,CDG-99,CGK-99,CLT-99,DEL-99,DFW-99,DXB-99,FRA-99,HKG-99,HND-99,ICN-99,IST-99,JFK-99,KUL-99,LAS-99,LAX-99,LHR-99,ORD0,PEK0,PVG-99,SFO-99
PEK:AMS-99,ATL-99,BKK-99,CAN-99,CDG-99,CGK-99,CLT-99,DEL-99,DFW-99,DXB-99,FRA-99,HKG-99,HND-99,ICN-99,IST-99,JFK-99,KUL-99,LAS-99,LAX-99,LHR-99,ORD-99,PEK0,PVG-99,SFO-99
PHX:AMS-99,ATL-36,BKK-99,CAN-99,CDG-99,CGK-99,CLT-99,DEL-99,DEN7,DFW-56,DXB-99,FRA-99,HKG-99,HND-99,IAH-6,ICN-99,IST-99,JFK-99,KUL-99,LAS-99,LAX-99,LHR-99,ORD-46,PEK-46,PHX0,PVG-99,SFO-99
PVG:AMS-99,CAN-53,DEL-58,FRA-68,ICN5,PVG0
SFO:LAX10,SFO0
SIN:AMS-99,ATL-99,BKK24,CAN-99,CDG-99,CGK21,CLT-99,DEL-99,DFW-99,DXB25,FRA-99,HKG34,HND-99,ICN-99,IST-99,JFK-99,KUL11,LAS-99,LAX-99,LHR-99,ORD-99,PEK15,PVG-99,SFO-99,SIN0
-----
AMS:AMS0
ATL:AMS-99,ATL0,BKK-99,CAN-99,CDG-99,CGK-99,CLT-99,DEL-99,DFW-99,DXB-99,FRA-99,HKG-99,HND-99,ICN-99,IST-99,JFK-99,KUL-99,LAS-99,LAX-99,LHR-99,ORD-99,PEK-10,PVG-99,SFO-99
BKK:AMS-99,ATL-99,BKK0,CAN-99,CDG-99,CGK-99,CLT-99,DEL-99,DFW-99,DXB1,FRA-99,HKG10,HND-99,ICN-99,IST-99,JFK-99,KUL-99,LAS-99,LAX-99,LHR-99,ORD-99,PEK-9,PVG-99,SFO-99
CAN:AMS-99,CAN0,DEL-5,FRA-15
CDG:AMS-99,ATL-99,BKK-99,CAN-99,CDG0,CGK-99,CLT-99,DEL-99,DFW-99,DXB-99,FRA-99,HKG-99,HND-99,ICN-99,IST-99,JFK-99,KUL-99,LAS-99,LAX-99,LHR-99,ORD-99,PEK-4,PVG-99,SFO-99
CGK:AMS-99,ATL-99,BKK3,CAN-99,CDG-99,CGK0,CLT-99,DEL-99,DFW-99,DXB4,FRA-99,HKG13,HND-99,ICN-99,IST-99,JFK-99,KUL-99,LAS-99,LAX-99,LHR-99,ORD-99,PEK-6,PVG-99,SFO-99
CLT:AMS-99,ATL-10,BKK-99,CAN-99,CDG-99,CGK-99,CLT0,DEL-99,DFW-30,DXB-99,FRA-99,HKG-99,HND-99,ICN-99,IST-99,JFK-99,KUL-99,LAS-99,LAX-99,LHR-99,ORD-20,PEK-20,PVG-99,SFO-99
DEL:AMS-99,CAN-10,DEL0,FRA-25
DEN:AMS-99,ATL50,BKK-99,CAN-99,CDG-99,CGK-99,CLT-99,DEL-99,DEN0,DFW30,DXB-99,FRA-99,HKG-99,HND-99,ICN-99,IST-99,JFK-99,KUL-99,LAS10,LAX-99,LHR-99,ORD40,PEK40,PVG-99,SFO-99
DFW:AMS-99,ATL20,BKK-99,CAN-99,CDG-99,CGK-99,CLT-99,DEL-99,DFW0,DXB-99,FRA-99,HKG-99,HND-99,ICN-99,IST-99,JFK-99,KUL-99,LAS-99,LAX-99,LHR-99,ORD10,PEK10,PVG-99,SFO-99
DXB:AMS-99,ATL-99,BKK-99,CAN-99,CDG-99,CGK-99,CLT-99,DEL-99,DFW-99,DXB0,FRA-99,HKG-99,HND-99,ICN-99,IST-99,JFK-99,KUL-99,LAS-99,LAX-99,LHR-99,ORD-99,PEK-10,PVG-99,SFO-99
FRA:AMS-99,CAN0,DEL10,FRA0
HKG:AMS-99,ATL-99,BKK-99,CAN-99,CDG-99,CGK-99,CLT-99,DEL-99,DFW-99,DXB-9,FRA-99,HKG0,HND-99,ICN-99,IST-99,JFK-99,KUL-99,LAS-99,LAX-99,LHR-99,ORD-99,PEK-19,PVG-99,SFO-99
HND:AMS-99,ATL-99,BKK-99,CAN-99,CDG-99,CGK-99,CLT-99,DEL-99,DFW-99,DXB-4,FRA-99,HKG5,HND0,ICN-99,IST-99,JFK-99,KUL-99,LAS-99,LAX-99,LHR-99,ORD-99,PEK-14,PVG-99,SFO-99
IAH:AMS-99,ATL-30,BKK-99,CAN-99,CDG-99,CGK-99,CLT-99,DEL-99,DFW-50,DXB-99,FRA-99,HKG-99,HND-99,IAH0,ICN-99,IST-99,JFK-99,KUL-99,LAS-99,LAX-99,LHR-99,ORD-40,PEK-40,PVG-99,SFO-99
ICN:AMS-99,CAN-68,DEL-73,FRA-83,ICN0,PVG-10
IST:AMS-99,ATL-99,BKK-99,CAN-99,CDG-99,CGK-99,CLT-99,DEL-99,DFW-99,DXB-99,FRA-99,HKG-99,HND-99,ICN-99,IST0,JFK-99,KUL-99,LAS-99,LAX-99,LHR-99,ORD-99,PEK-10,PVG-99,SFO-99
JFK:AMS-99,ATL10,BKK-99,CAN-99,CDG-99,CGK-99,CLT-99,DEL-99,DFW-99,DXB-99,FRA-99,HKG-99,HND-99,ICN-99,IST-99,JFK0,KUL-99,LAS-99,LAX-99,LHR-99,ORD-99,PEK0,PVG-99,SFO-99
KUL:AMS-99,ATL-99,BKK13,CAN-99,CDG-99,CGK10,CLT-99,DEL-99,DFW-99,DXB14,FRA-99,HKG23,HND-99,ICN-99,IST-99,JFK-99,KUL0,LAS-99,LAX-99,LHR-99,ORD-99,PEK4,PVG-99,SFO-99
LAS:AMS-99,ATL40,BKK-99,CAN-99,CDG-99,CGK-99,CLT-99,DEL-99,DFW20,DXB-99,FRA-99,HKG-99,HND-99,ICN-99,IST-99,JFK-99,KUL-99,LAS0,LAX-99,LHR-99,ORD30,PEK30,PVG-99,SFO-99
LAX:LAX0,SFO10
LHR:AMS-99,ATL-99,BKK-99,CAN-99,CDG10,CGK-99,CLT-99,DEL-99,DFW-99,DXB-99,FRA-99,HKG-99,HND-99,ICN-99,IST-99,JFK-99,KUL-99,LAS-99,LAX-99,LHR0,ORD-99,PEK6,PVG-99,SFO-99
MAD:AMS-99,ATL-99,BKK-99,CAN-99,CDG0,CGK-99,CLT-99,DEL-99,DFW-99,DXB-99,FRA-99,HKG-99,HND-99,ICN-99,IST-99,JFK-99,KUL-99,LAS-99,LAX-99,LHR-10,MAD0,ORD-99,PEK-4,PVG-99,SFO-99
MIA:AMS-99,ATL10,BKK-99,CAN-99,CDG-99,CGK-99,CLT-99,DEL-99,DFW-99,DXB-99,FRA-99,HKG-99,HND-99,ICN-99,IST-99,JFK-99,KUL-99,LAS-99,LAX-99,LHR-99,MIA0,ORD-99,PEK0,PVG-99,SFO-99
ORD:AMS-99,ATL10,BKK-99,CAN-99,CDG-99,CGK-99,CLT-99,DEL-99,DFW-99,DXB-99,FRA-99,HKG-99,HND-99,ICN-99,IST-99,JFK-99,KUL-99,LAS-99,LAX-99,LHR-99,ORD0,PEK0,PVG-99,SFO-99
PEK:AMS-99,ATL-99,BKK-99,CAN-99,CDG-99,CGK-99,CLT-99,DEL-99,DFW-99,DXB-99,FRA-99,HKG-99,HND-99,ICN-99,IST-99,JFK-99,KUL-99,LAS-99,LAX-99,LHR-99,ORD-99,PEK0,PVG-99,SFO-99
PHX:AMS-99,ATL-36,BKK-99,CAN-99,CDG-99,CGK-99,CLT-99,DEL-99,DEN7,DFW-56,DXB-99,FRA-99,HKG-99,HND-99,IAH-6,ICN-99,IST-99,JFK-99,KUL-99,LAS-99,LAX-99,LHR-99,ORD-46,PEK-46,PHX0,PVG-99,SFO-99
PVG:AMS-99,CAN-58,DEL-63,FRA-73,ICN5,PVG0
SFO:LAX10,SFO0
SIN:AMS-99,ATL-99,BKK24,CAN-99,CDG-99,CGK21,CLT-99,DEL-99,DFW-99,DXB25,FRA-99,HKG34,HND-99,ICN-99,IST-99,JFK-99,KUL11,LAS-99,LAX-99,LHR-99,ORD-99,PEK15,PVG-99,SFO-99,SIN0
-----
AMS:AMS0
ATL:AMS-99,ATL0,BKK-99,CAN-99,CDG-99,CGK-99,CLT-99,DEL-99,DFW-99,DXB-99,FRA-99,HKG-99,HND-99,ICN-99,IST-99,JFK-99,KUL-99,LAS-99,LAX-99,LHR-99,ORD-99,PEK-10,PVG-99,SFO-99
BKK:AMS-99,ATL-99,BKK0,CAN-99,CDG-99,CGK-99,CLT-99,DEL-99,DFW-99,DXB1,FRA-99,HKG10,HND-99,ICN-99,IST-99,JFK-99,KUL-99,LAS-99,LAX-99,LHR-99,ORD-99,PEK-9,PVG-99,SFO-99
CAN:AMS-99,CAN0,DEL-5,FRA-15
CDG:AMS-99,ATL-99,BKK-99,CAN-99,CDG0,CGK-99,CLT-99,DEL-99,DFW-99,DXB-99,FRA-99,HKG-99,HND-99,ICN-99,IST-99,JFK-99,KUL-99,LAS-99,LAX-99,LHR-99,ORD-99,PEK-4,PVG-99,SFO-99
CGK:AMS-99,ATL-99,BKK3,CAN-99,CDG-99,CGK0,CLT-99,DEL-99,DFW-99,DXB4,FRA-99,HKG13,HND-99,ICN-99,IST-99,JFK-99,KUL-99,LAS-99,LAX-99,LHR-99,ORD-99,PEK-6,PVG-99,SFO-99
CLT:AMS-99,ATL-10,BKK-99,CAN-99,CDG-99,CGK-99,CLT0,DEL-99,DFW-30,DXB-99,FRA-99,HKG-99,HND-99,ICN-99,IST-99,JFK-99,KUL-99,LAS-99,LAX-99,LHR-99,ORD-20,PEK-20,PVG-99,SFO-99
DEL:AMS-99,CAN-10,DEL0,FRA-25
DEN:AMS-99,ATL50,BKK-99,CAN-99,CDG-99,CGK-99,CLT-99,DEL-99,DEN0,DFW30,DXB-99,FRA-99,HKG-99,HND-99,ICN-99,IST-99,JFK-99,KUL-99,LAS10,LAX-99,LHR-99,ORD40,PEK40,PVG-99,SFO-99
DFW:AMS-99,ATL20,BKK-99,CAN-99,CDG-99,CGK-99,CLT-99,DEL-99,DFW0,DXB-99,FRA-99,HKG-99,HND-99,ICN-99,IST-99,JFK-99,KUL-99,LAS-99,LAX-99,LHR-99,ORD10,PEK10,PVG-99,SFO-99
DXB:AMS-99,ATL-99,BKK-99,CAN-99,CDG-99,CGK-99,CLT-99,DEL-99,DFW-99,DXB0,FRA-99,HKG-99,HND-99,ICN-99,IST-99,JFK-99,KUL-99,LAS-99,LAX-99,LHR-99,ORD-99,PEK-10,PVG-99,SFO-99
FRA:AMS-99,CAN0,DEL10,FRA0
HKG:AMS-99,ATL-99,BKK-99,CAN-99,CDG-99,CGK-99,CLT-99,DEL-99,DFW-99,DXB-9,FRA-99,HKG0,HND-99,ICN-99,IST-99,JFK-99,KUL-99,LAS-99,LAX-99,LHR-99,ORD-99,PEK-19,PVG-99,SFO-99
HND:AMS-99,ATL-99,BKK-99,CAN-99,CDG-99,CGK-99,CLT-99,DEL-99,DFW-99,DXB-4,FRA-99,HKG5,HND0,ICN-99,IST-99,JFK-99,KUL-99,LAS-99,LAX-99,LHR-99,ORD-99,PEK-14,PVG-99,SFO-99
IAH:AMS-99,ATL-30,BKK-99,CAN-99,CDG-99,CGK-99,CLT-99,DEL-99,DFW-50,DXB-99,FRA-99,HKG-99,HND-99,IAH0,ICN-99,IST-99,JFK-99,KUL-99,LAS-99,LAX-99,LHR-99,ORD-40,PEK-40,PVG-99,SFO-99
ICN:AMS-99,CAN-73,DEL-78,FRA-88,ICN0,PVG-10
IST:AMS-99,ATL-99,BKK-99,CAN-99,CDG-99,CGK-99,CLT-99,DEL-99,DFW-99,DXB-99,FRA-99,HKG-99,HND-99,ICN-99,IST0,JFK-99,KUL-99,LAS-99,LAX-99,LHR-99,ORD-99,PEK-10,PVG-99,SFO-99
JFK:AMS-99,ATL10,BKK-99,CAN-99,CDG-99,CGK-99,CLT-99,DEL-99,DFW-99,DXB-99,FRA-99,HKG-99,HND-99,ICN-99,IST-99,JFK0,KUL-99,LAS-99,LAX-99,LHR-99,ORD-99,PEK0,PVG-99,SFO-99
KUL:AMS-99,ATL-99,BKK13,CAN-99,CDG-99,CGK10,CLT-99,DEL-99,DFW-99,DXB14,FRA-99,HKG23,HND-99,ICN-99,IST-99,JFK-99,KUL0,LAS-99,LAX-99,LHR-99,ORD-99,PEK4,PVG-99,SFO-99
LAS:AMS-99,ATL40,BKK-99,CAN-99,CDG-99,CGK-99,CLT-99,DEL-99,DFW20,DXB-99,FRA-99,HKG-99,HND-99,ICN-99,IST-99,JFK-99,KUL-99,LAS0,LAX-99,LHR-99,ORD30,PEK30,PVG-99,SFO-99
LAX:LAX0,SFO10
LHR:AMS-99,ATL-99,BKK-99,CAN-99,CDG10,CGK-99,CLT-99,DEL-99,DFW-99,DXB-99,FRA-99,HKG-99,HND-99,ICN-99,IST-99,JFK-99,KUL-99,LAS-99,LAX-99,LHR0,ORD-99,PEK6,PVG-99,SFO-99
MAD:AMS-99,ATL-99,BKK-99,CAN-99,CDG0,CGK-99,CLT-99,DEL-99,DFW-99,DXB-99,FRA-99,HKG-99,HND-99,ICN-99,IST-99,JFK-99,KUL-99,LAS-99,LAX-99,LHR-10,MAD0,ORD-99,PEK-4,PVG-99,SFO-99
MIA:AMS-99,ATL10,BKK-99,CAN-99,CDG-99,CGK-99,CLT-99,DEL-99,DFW-99,DXB-99,FRA-99,HKG-99,HND-99,ICN-99,IST-99,JFK-99,KUL-99,LAS-99,LAX-99,LHR-99,MIA0,ORD-99,PEK0,PVG-99,SFO-99
ORD:AMS-99,ATL10,BKK-99,CAN-99,CDG-99,CGK-99,CLT-99,DEL-99,DFW-99,DXB-99,FRA-99,HKG-99,HND-99,ICN-99,IST-99,JFK-99,KUL-99,LAS-99,LAX-99,LHR-99,ORD0,PEK0,PVG-99,SFO-99
PEK:AMS-99,ATL-99,BKK-99,CAN-99,CDG-99,CGK-99,CLT-99,DEL-99,DFW-99,DXB-99,FRA-99,HKG-99,HND-99,ICN-99,IST-99,JFK-99,KUL-99,LAS-99,LAX-99,LHR-99,ORD-99,PEK0,PVG-99,SFO-99
PHX:AMS-99,ATL-36,BKK-99,CAN-99,CDG-99,CGK-99,CLT-99,DEL-99,DEN7,DFW-56,DXB-99,FRA-99,HKG-99,HND-99,IAH-6,ICN-99,IST-99,JFK-99,KUL-99,LAS-99,LAX-99,LHR-99,ORD-46,PEK-46,PHX0,PVG-99,SFO-99
PVG:AMS-99,CAN-63,DEL-68,FRA-78,ICN5,PVG0
SFO:LAX10,SFO0
SIN:AMS-99,ATL-99,BKK24,CAN-99,CDG-99,CGK21,CLT-99,DEL-99,DFW-99,DXB25,FRA-99,HKG34,HND-99,ICN-99,IST-99,JFK-99,KUL11,LAS-99,LAX-99,LHR-99,ORD-99,PEK15,PVG-99,SFO-99,SIN0
-----
AMS:AMS0
ATL:AMS-99,ATL0,BKK-99,CAN-99,CDG-99,CGK-99,CLT-99,DEL-99,DFW-99,DXB-99,FRA-99,HKG-99,HND-99,ICN-99,IST-99,JFK-99,KUL-99,LAS-99,LAX-99,LHR-99,ORD-99,PEK-10,PVG-99,SFO-99
BKK:AMS-99,ATL-99,BKK0,CAN-99,CDG-99,CGK-99,CLT-99,DEL-99,DFW-99,DXB1,FRA-99,HKG10,HND-99,ICN-99,IST-99,JFK-99,KUL-99,LAS-99,LAX-99,LHR-99,ORD-99,PEK-9,PVG-99,SFO-99
CAN:AMS-99,CAN0,DEL-5,FRA-15
CDG:AMS-99,ATL-99,BKK-99,CAN-99,CDG0,CGK-99,CLT-99,DEL-99,DFW-99,DXB-99,FRA-99,HKG-99,HND-99,ICN-99,IST-99,JFK-99,KUL-99,LAS-99,LAX-99,LHR-99,ORD-99,PEK-4,PVG-99,SFO-99
CGK:AMS-99,ATL-99,BKK3,CAN-99,CDG-99,CGK0,CLT-99,DEL-99,DFW-99,DXB4,FRA-99,HKG13,HND-99,ICN-99,IST-99,JFK-99,KUL-99,LAS-99,LAX-99,LHR-99,ORD-99,PEK-6,PVG-99,SFO-99
CLT:AMS-99,ATL-10,BKK-99,CAN-99,CDG-99,CGK-99,CLT0,DEL-99,DFW-30,DXB-99,FRA-99,HKG-99,HND-99,ICN-99,IST-99,JFK-99,KUL-99,LAS-99,LAX-99,LHR-99,ORD-20,PEK-20,PVG-99,SFO-99
DEL:AMS-99,CAN-10,DEL0,FRA-25
DEN:AMS-99,ATL50,BKK-99,CAN-99,CDG-99,CGK-99,CLT-99,DEL-99,DEN0,DFW30,DXB-99,FRA-99,HKG-99,HND-99,ICN-99,IST-99,JFK-99,KUL-99,LAS10,LAX-99,LHR-99,ORD40,PEK40,PVG-99,SFO-99
DFW:AMS-99,ATL20,BKK-99,CAN-99,CDG-99,CGK-99,CLT-99,DEL-99,DFW0,DXB-99,FRA-99,HKG-99,HND-99,ICN-99,IST-99,JFK-99,KUL-99,LAS-99,LAX-99,LHR-99,ORD10,PEK10,PVG-99,SFO-99
DXB:AMS-99,ATL-99,BKK-99,CAN-99,CDG-99,CGK-99,CLT-99,DEL-99,DFW-99,DXB0,FRA-99,HKG-99,HND-99,ICN-99,IST-99,JFK-99,KUL-99,LAS-99,LAX-99,LHR-99,ORD-99,PEK-10,PVG-99,SFO-99
FRA:AMS-99,CAN0,DEL10,FRA0
HKG:AMS-99,ATL-99,BKK-99,CAN-99,CDG-99,CGK-99,CLT-99,DEL-99,DFW-99,DXB-9,FRA-99,HKG0,HND-99,ICN-99,IST-99,JFK-99,KUL-99,LAS-99,LAX-99,LHR-99,ORD-99,PEK-19,PVG-99,SFO-99
HND:AMS-99,ATL-99,BKK-99,CAN-99,CDG-99,CGK-99,CLT-99,DEL-99,DFW-99,DXB-4,FRA-99,HKG5,HND0,ICN-99,IST-99,JFK-99,KUL-99,LAS-99,LAX-99,LHR-99,ORD-99,PEK-14,PVG-99,SFO-99
IAH:AMS-99,ATL-30,BKK-99,CAN-99,CDG-99,CGK-99,CLT-99,DEL-99,DFW-50,DXB-99,FRA-99,HKG-99,HND-99,IAH0,ICN-99,IST-99,JFK-99,KUL-99,LAS-99,LAX-99,LHR-99,ORD-40,PEK-40,PVG-99,SFO-99
ICN:AMS-99,CAN-78,DEL-83,FRA-93,ICN0,PVG-10
IST:AMS-99,ATL-99,BKK-99,CAN-99,CDG-99,CGK-99,CLT-99,DEL-99,DFW-99,DXB-99,FRA-99,HKG-99,HND-99,ICN-99,IST0,JFK-99,KUL-99,LAS-99,LAX-99,LHR-99,ORD-99,PEK-10,PVG-99,SFO-99
JFK:AMS-99,ATL10,BKK-99,CAN-99,CDG-99,CGK-99,CLT-99,DEL-99,DFW-99,DXB-99,FRA-99,HKG-99,HND-99,ICN-99,IST-99,JFK0,KUL-99,LAS-99,LAX-99,LHR-99,ORD-99,PEK0,PVG-99,SFO-99
KUL:AMS-99,ATL-99,BKK13,CAN-99,CDG-99,CGK10,CLT-99,DEL-99,DFW-99,DXB14,FRA-99,HKG23,HND-99,ICN-99,IST-99,JFK-99,KUL0,LAS-99,LAX-99,LHR-99,ORD-99,PEK4,PVG-99,SFO-99
LAS:AMS-99,ATL40,BKK-99,CAN-99,CDG-99,CGK-99,CLT-99,DEL-99,DFW20,DXB-99,FRA-99,HKG-99,HND-99,ICN-99,IST-99,JFK-99,KUL-99,LAS0,LAX-99,LHR-99,ORD30,PEK30,PVG-99,SFO-99
LAX:LAX0,SFO10
LHR:AMS-99,ATL-99,BKK-99,CAN-99,CDG10,CGK-99,CLT-99,DEL-99,DFW-99,DXB-99,FRA-99,HKG-99,HND-99,ICN-99,IST-99,JFK-99,KUL-99,LAS-99,LAX-99,LHR0,ORD-99,PEK6,PVG-99,SFO-99
MAD:AMS-99,ATL-99,BKK-99,CAN-99,CDG0,CGK-99,CLT-99,DEL-99,DFW-99,DXB-99,FRA-99,HKG-99,HND-99,ICN-99,IST-99,JFK-99,KUL-99,LAS-99,LAX-99,LHR-10,MAD0,ORD-99,PEK-4,PVG-99,SFO-99
MIA:AMS-99,ATL10,BKK-99,CAN-99,CDG-99,CGK-99,CLT-99,DEL-99,DFW-99,DXB-99,FRA-99,HKG-99,HND-99,ICN-99,IST-99,JFK-99,KUL-99,LAS-99,LAX-99,LHR-99,MIA0,ORD-99,PEK0,PVG-99,SFO-99
ORD:AMS-99,ATL10,BKK-99,CAN-99,CDG-99,CGK-99,CLT-99,DEL-99,DFW-99,DXB-99,FRA-99,HKG-99,HND-99,ICN-99,IST-99,JFK-99,KUL-99,LAS-99,LAX-99,LHR-99,ORD0,PEK0,PVG-99,SFO-99
PEK:AMS-99,ATL-99,BKK-99,CAN-99,CDG-99,CGK-99,CLT-99,DEL-99,DFW-99,DXB-99,FRA-99,HKG-99,HND-99,ICN-99,IST-99,JFK-99,KUL-99,LAS-99,LAX-99,LHR-99,ORD-99,PEK0,PVG-99,SFO-99
PHX:AMS-99,ATL-36,BKK-99,CAN-99,CDG-99,CGK-99,CLT-99,DEL-99,DEN7,DFW-56,DXB-99,FRA-99,HKG-99,HND-99,IAH-6,ICN-99,IST-99,JFK-99,KUL-99,LAS-99,LAX-99,LHR-99,ORD-46,PEK-46,PHX0,PVG-99,SFO-99
PVG:AMS-99,CAN-68,DEL-73,FRA-83,ICN5,PVG0
SFO:LAX10,SFO0
SIN:AMS-99,ATL-99,BKK24,CAN-99,CDG-99,CGK21,CLT-99,DEL-99,DFW-99,DXB25,FRA-99,HKG34,HND-99,ICN-99,IST-99,JFK-99,KUL11,LAS-99,LAX-99,LHR-99,ORD-99,PEK15,PVG-99,SFO-99,SIN0
-----
AMS:AMS0
ATL:AMS-99,ATL0,BKK-99,CAN-99,CDG-99,CGK-99,CLT-99,DEL-99,DFW-99,DXB-99,FRA-99,HKG-99,HND-99,ICN-99,IST-99,JFK-99,KUL-99,LAS-99,LAX-99,LHR-99,ORD-99,PEK-10,PVG-99,SFO-99
BKK:AMS-99,ATL-99,BKK0,CAN-99,CDG-99,CGK-99,CLT-99,DEL-99,DFW-99,DXB1,FRA-99,HKG10,HND-99,ICN-99,IST-99,JFK-99,KUL-99,LAS-99,LAX-99,LHR-99,ORD-99,PEK-9,PVG-99,SFO-99
CAN:AMS-99,CAN0,DEL-5,FRA-15
CDG:AMS-99,ATL-99,BKK-99,CAN-99,CDG0,CGK-99,CLT-99,DEL-99,DFW-99,DXB-99,FRA-99,HKG-99,HND-99,ICN-99,IST-99,JFK-99,KUL-99,LAS-99,LAX-99,LHR-99,ORD-99,PEK-4,PVG-99,SFO-99
CGK:AMS-99,ATL-99,BKK3,CAN-99,CDG-99,CGK0,CLT-99,DEL-99,DFW-99,DXB4,FRA-99,HKG13,HND-99,ICN-99,IST-99,JFK-99,KUL-99,LAS-99,LAX-99,LHR-99,ORD-99,PEK-6,PVG-99,SFO-99
CLT:AMS-99,ATL-10,BKK-99,CAN-99,CDG-99,CGK-99,CLT0,DEL-99,DFW-30,DXB-99,FRA-99,HKG-99,HND-99,ICN-99,IST-99,JFK-99,KUL-99,LAS-99,LAX-99,LHR-99,ORD-20,PEK-20,PVG-99,SFO-99
DEL:AMS-99,CAN-10,DEL0,FRA-25
DEN:AMS-99,ATL50,BKK-99,CAN-99,CDG-99,CGK-99,CLT-99,DEL-99,DEN0,DFW30,DXB-99,FRA-99,HKG-99,HND-99,ICN-99,IST-99,JFK-99,KUL-99,LAS10,LAX-99,LHR-99,ORD40,PEK40,PVG-99,SFO-99
DFW:AMS-99,ATL20,BKK-99,CAN-99,CDG-99,CGK-99,CLT-99,DEL-99,DFW0,DXB-99,FRA-99,HKG-99,HND-99,ICN-99,IST-99,JFK-99,KUL-99,LAS-99,LAX-99,LHR-99,ORD10,PEK10,PVG-99,SFO-99
DXB:AMS-99,ATL-99,BKK-99,CAN-99,CDG-99,CGK-99,CLT-99,DEL-99,DFW-99,DXB0,FRA-99,HKG-99,HND-99,ICN-99,IST-99,JFK-99,KUL-99,LAS-99,LAX-99,LHR-99,ORD-99,PEK-10,PVG-99,SFO-99
FRA:AMS-99,CAN0,DEL10,FRA0
HKG:AMS-99,ATL-99,BKK-99,CAN-99,CDG-99,CGK-99,CLT-99,DEL-99,DFW-99,DXB-9,FRA-99,HKG0,HND-99,ICN-99,IST-99,JFK-99,KUL-99,LAS-99,LAX-99,LHR-99,ORD-99,PEK-19,PVG-99,SFO-99
HND:AMS-99,ATL-99,BKK-99,CAN-99,CDG-99,CGK-99,CLT-99,DEL-99,DFW-99,DXB-4,FRA-99,HKG5,HND0,ICN-99,IST-99,JFK-99,KUL-99,LAS-99,LAX-99,LHR-99,ORD-99,PEK-14,PVG-99,SFO-99
IAH:AMS-99,ATL-30,BKK-99,CAN-99,CDG-99,CGK-99,CLT-99,DEL-99,DFW-50,DXB-99,FRA-99,HKG-99,HND-99,IAH0,ICN-99,IST-99,JFK-99,KUL-99,LAS-99,LAX-99,LHR-99,ORD-40,PEK-40,PVG-99,SFO-99
ICN:AMS-99,CAN-83,DEL-88,FRA-98,ICN0,PVG-10
IST:AMS-99,ATL-99,BKK-99,CAN-99,CDG-99,CGK-99,CLT-99,DEL-99,DFW-99,DXB-99,FRA-99,HKG-99,HND-99,ICN-99,IST0,JFK-99,KUL-99,LAS-99,LAX-99,LHR-99,ORD-99,PEK-10,PVG-99,SFO-99
JFK:AMS-99,ATL10,BKK-99,CAN-99,CDG-99,CGK-99,CLT-99,DEL-99,DFW-99,DXB-99,FRA-99,HKG-99,HND-99,ICN-99,IST-99,JFK0,KUL-99,LAS-99,LAX-99,LHR-99,ORD-99,PEK0,PVG-99,SFO-99
KUL:AMS-99,ATL-99,BKK13,CAN-99,CDG-99,CGK10,CLT-99,DEL-99,DFW-99,DXB14,FRA-99,HKG23,HND-99,ICN-99,IST-99,JFK-99,KUL0,LAS-99,LAX-99,LHR-99,ORD-99,PEK4,PVG-99,SFO-99
LAS:AMS-99,ATL40,BKK-99,CAN-99,CDG-99,CGK-99,CLT-99,DEL-99,DFW20,DXB-99,FRA-99,HKG-99,HND-99,ICN-99,IST-99,JFK-99,KUL-99,LAS0,LAX-99,LHR-99,ORD30,PEK30,PVG-99,SFO-99
LAX:LAX0,SFO10
LHR:AMS-99,ATL-99,BKK-99,CAN-99,CDG10,CGK-99,CLT-99,DEL-99,DFW-99,DXB-99,FRA-99,HKG-99,HND-99,ICN-99,IST-99,JFK-99,KUL-99,LAS-99,LAX-99,LHR0,ORD-99,PEK6,PVG-99,SFO-99
MAD:AMS-99,ATL-99,BKK-99,CAN-99,CDG0,CGK-99,CLT-99,DEL-99,DFW-99,DXB-99,FRA-99,HKG-99,HND-99,ICN-99,IST-99,JFK-99,KUL-99,LAS-99,LAX-99,LHR-10,MAD0,ORD-99,PEK-4,PVG-99,SFO-99
MIA:AMS-99,ATL10,BKK-99,CAN-99,CDG-99,CGK-99,CLT-99,DEL-99,DFW-99,DXB-99,FRA-99,HKG-99,HND-99,ICN-99,IST-99,JFK-99,KUL-99,LAS-99,LAX-99,LHR-99,MIA0,ORD-99,PEK0,PVG-99,SFO-99
ORD:AMS-99,ATL10,BKK-99,CAN-99,CDG-99,CGK-99,CLT-99,DEL-99,DFW-99,DXB-99,FRA-99,HKG-99,HND-99,ICN-99,IST-99,JFK-99,KUL-99,LAS-99,LAX-99,LHR-99,ORD0,PEK0,PVG-99,SFO-99
PEK:AMS-99,ATL-99,BKK-99,CAN-99,CDG-99,CGK-99,CLT-99,DEL-99,DFW-99,DXB-99,FRA-99,HKG-99,HND-99,ICN-99,IST-99,JFK-99,KUL-99,LAS-99,LAX-99,LHR-99,ORD-99,PEK0,PVG-99,SFO-99
PHX:AMS-99,ATL-36,BKK-99,CAN-99,CDG-99,CGK-99,CLT-99,DEL-99,DEN7,DFW-56,DXB-99,FRA-99,HKG-99,HND-99,IAH-6,ICN-99,IST-99,JFK-99,KUL-99,LAS-99,LAX-99,LHR-99,ORD-46,PEK-46,PHX0,PVG-99,SFO-99
PVG:AMS-99,CAN-73,DEL-78,FRA-88,ICN5,PVG0
SFO:LAX10,SFO0
SIN:AMS-99,ATL-99,BKK24,CAN-99,CDG-99,CGK21,CLT-99,DEL-99,DFW-99,DXB25,FRA-99,HKG34,HND-99,ICN-99,IST-99,JFK-99,KUL11,LAS-99,LAX-99,LHR-99,ORD-99,PEK15,PVG-99,SFO-99,SIN0
-----
AMS:AMS0
ATL:AMS-99,ATL0,BKK-99,CAN-99,CDG-99,CGK-99,CLT-99,DEL-99,DFW-99,DXB-99,FRA-99,HKG-99,HND-99,ICN-99,IST-99,JFK-99,KUL-99,LAS-99,LAX-99,LHR-99,ORD-99,PEK-10,PVG-99,SFO-99
BKK:AMS-99,ATL-99,BKK0,CAN-99,CDG-99,CGK-99,CLT-99,DEL-99,DFW-99,DXB1,FRA-99,HKG10,HND-99,ICN-99,IST-99,JFK-99,KUL-99,LAS-99,LAX-99,LHR-99,ORD-99,PEK-9,PVG-99,SFO-99
CAN:AMS-99,CAN0,DEL-5,FRA-15
CDG:AMS-99,ATL-99,BKK-99,CAN-99,CDG0,CGK-99,CLT-99,DEL-99,DFW-99,DXB-99,FRA-99,HKG-99,HND-99,ICN-99,IST-99,JFK-99,KUL-99,LAS-99,LAX-99,LHR-99,ORD-99,PEK-4,PVG-99,SFO-99
CGK:AMS-99,ATL-99,BKK3,CAN-99,CDG-99,CGK0,CLT-99,DEL-99,DFW-99,DXB4,FRA-99,HKG13,HND-99,ICN-99,IST-99,JFK-99,KUL-99,LAS-99,LAX-99,LHR-99,ORD-99,PEK-6,PVG-99,SFO-99
CLT:AMS-99,ATL-10,BKK-99,CAN-99,CDG-99,CGK-99,CLT0,DEL-99,DFW-30,DXB-99,FRA-99,HKG-99,HND-99,ICN-99,IST-99,JFK-99,KUL-99,LAS-99,LAX-99,LHR-99,ORD-20,PEK-20,PVG-99,SFO-99
DEL:AMS-99,CAN-10,DEL0,FRA-25
DEN:AMS-99,ATL50,BKK-99,CAN-99,CDG-99,CGK-99,CLT-99,DEL-99,DEN0,DFW30,DXB-99,FRA-99,HKG-99,HND-99,ICN-99,IST-99,JFK-99,KUL-99,LAS10,LAX-99,LHR-99,ORD40,PEK40,PVG-99,SFO-99
DFW:AMS-99,ATL20,BKK-99,CAN-99,CDG-99,CGK-99,CLT-99,DEL-99,DFW0,DXB-99,FRA-99,HKG-99,HND-99,ICN-99,IST-99,JFK-99,KUL-99,LAS-99,LAX-99,LHR-99,ORD10,PEK10,PVG-99,SFO-99
DXB:AMS-99,ATL-99,BKK-99,CAN-99,CDG-99,CGK-99,CLT-99,DEL-99,DFW-99,DXB0,FRA-99,HKG-99,HND-99,ICN-99,IST-99,JFK-99,KUL-99,LAS-99,LAX-99,LHR-99,ORD-99,PEK-10,PVG-99,SFO-99
FRA:AMS-99,CAN0,DEL10,FRA0
HKG:AMS-99,ATL-99,BKK-99,CAN-99,CDG-99,CGK-99,CLT-99,DEL-99,DFW-99,DXB-9,FRA-99,HKG0,HND-99,ICN-99,IST-99,JFK-99,KUL-99,LAS-99,LAX-99,LHR-99,ORD-99,PEK-19,PVG-99,SFO-99
HND:AMS-99,ATL-99,BKK-99,CAN-99,CDG-99,CGK-99,CLT-99,DEL-99,DFW-99,DXB-4,FRA-99,HKG5,HND0,ICN-99,IST-99,JFK-99,KUL-99,LAS-99,LAX-99,LHR-99,ORD-99,PEK-14,PVG-99,SFO-99
IAH:AMS-99,ATL-30,BKK-99,CAN-99,CDG-99,CGK-99,CLT-99,DEL-99,DFW-50,DXB-99,FRA-99,HKG-99,HND-99,IAH0,ICN-99,IST-99,JFK-99,KUL-99,LAS-99,LAX-99,LHR-99,ORD-40,PEK-40,PVG-99,SFO-99
ICN:AMS-99,CAN-88,DEL-93,FRA-99,ICN0,PVG-10
IST:AMS-99,ATL-99,BKK-99,CAN-99,CDG-99,CGK-99,CLT-99,DEL-99,DFW-99,DXB-99,FRA-99,HKG-99,HND-99,ICN-99,IST0,JFK-99,KUL-99,LAS-99,LAX-99,LHR-99,ORD-99,PEK-10,PVG-99,SFO-99
JFK:AMS-99,ATL10,BKK-99,CAN-99,CDG-99,CGK-99,CLT-99,DEL-99,DFW-99,DXB-99,FRA-99,HKG-99,HND-99,ICN-99,IST-99,JFK0,KUL-99,LAS-99,LAX-99,LHR-99,ORD-99,PEK0,PVG-99,SFO-99
KUL:AMS-99,ATL-99,BKK13,CAN-99,CDG-99,CGK10,CLT-99,DEL-99,DFW-99,DXB14,FRA-99,HKG23,HND-99,ICN-99,IST-99,JFK-99,KUL0,LAS-99,LAX-99,LHR-99,ORD-99,PEK4,PVG-99,SFO-99
LAS:AMS-99,ATL40,BKK-99,CAN-99,CDG-99,CGK-99,CLT-99,DEL-99,DFW20,DXB-99,FRA-99,HKG-99,HND-99,ICN-99,IST-99,JFK-99,KUL-99,LAS0,LAX-99,LHR-99,ORD30,PEK30,PVG-99,SFO-99
LAX:LAX0,SFO10
LHR:AMS-99,ATL-99,BKK-99,CAN-99,CDG10,CGK-99,CLT-99,DEL-99,DFW-99,DXB-99,FRA-99,HKG-99,HND-99,ICN-99,IST-99,JFK-99,KUL-99,LAS-99,LAX-99,LHR0,ORD-99,PEK6,PVG-99,SFO-99
MAD:AMS-99,ATL-99,BKK-99,CAN-99,CDG0,CGK-99,CLT-99,DEL-99,DFW-99,DXB-99,FRA-99,HKG-99,HND-99,ICN-99,IST-99,JFK-99,KUL-99,LAS-99,LAX-99,LHR-10,MAD0,ORD-99,PEK-4,PVG-99,SFO-99
MIA:AMS-99,ATL10,BKK-99,CAN-99,CDG-99,CGK-99,CLT-99,DEL-99,DFW-99,DXB-99,FRA-99,HKG-99,HND-99,ICN-99,IST-99,JFK-99,KUL-99,LAS-99,LAX-99,LHR-99,MIA0,ORD-99,PEK0,PVG-99,SFO-99
ORD:AMS-99,ATL10,BKK-99,CAN-99,CDG-99,CGK-99,CLT-99,DEL-99,DFW-99,DXB-99,FRA-99,HKG-99,HND-99,ICN-99,IST-99,JFK-99,KUL-99,LAS-99,LAX-99,LHR-99,ORD0,PEK0,PVG-99,SFO-99
PEK:AMS-99,ATL-99,BKK-99,CAN-99,CDG-99,CGK-99,CLT-99,DEL-99,DFW-99,DXB-99,FRA-99,HKG-99,HND-99,ICN-99,IST-99,JFK-99,KUL-99,LAS-99,LAX-99,LHR-99,ORD-99,PEK0,PVG-99,SFO-99
PHX:AMS-99,ATL-36,BKK-99,CAN-99,CDG-99,CGK-99,CLT-99,DEL-99,DEN7,DFW-56,DXB-99,FRA-99,HKG-99,HND-99,IAH-6,ICN-99,IST-99,JFK-99,KUL-99,LAS-99,LAX-99,LHR-99,ORD-46,PEK-46,PHX0,PVG-99,SFO-99
PVG:AMS-99,CAN-78,DEL-83,FRA-93,ICN5,PVG0
SFO:LAX10,SFO0
SIN:AMS-99,ATL-99,BKK24,CAN-99,CDG-99,CGK21,CLT-99,DEL-99,DFW-99,DXB25,FRA-99,HKG34,HND-99,ICN-99,IST-99,JFK-99,KUL11,LAS-99,LAX-99,LHR-99,ORD-99,PEK15,PVG-99,SFO-99,SIN0
-----
AMS:AMS0
ATL:AMS-99,ATL0,BKK-99,CAN-99,CDG-99,CGK-99,CLT-99,DEL-99,DFW-99,DXB-99,FRA-99,HKG-99,HND-99,ICN-99,IST-99,JFK-99,KUL-99,LAS-99,LAX-99,LHR-99,ORD-99,PEK-10,PVG-99,SFO-99
BKK:AMS-99,ATL-99,BKK0,CAN-99,CDG-99,CGK-99,CLT-99,DEL-99,DFW-99,DXB1,FRA-99,HKG10,HND-99,ICN-99,IST-99,JFK-99,KUL-99,LAS-99,LAX-99,LHR-99,ORD-99,PEK-9,PVG-99,SFO-99
CAN:AMS-99,CAN0,DEL-5,FRA-15
CDG:AMS-99,ATL-99,BKK-99,CAN-99,CDG0,CGK-99,CLT-99,DEL-99,DFW-99,DXB-99,FRA-99,HKG-99,HND-99,ICN-99,IST-99,JFK-99,KUL-99,LAS-99,LAX-99,LHR-99,ORD-99,PEK-4,PVG-99,SFO-99
CGK:AMS-99,ATL-99,BKK3,CAN-99,CDG-99,CGK0,CLT-99,DEL-99,DFW-99,DXB4,FRA-99,HKG13,HND-99,ICN-99,IST-99,JFK-99,KUL-99,LAS-99,LAX-99,LHR-99,ORD-99,PEK-6,PVG-99,SFO-99
CLT:AMS-99,ATL-10,BKK-99,CAN-99,CDG-99,CGK-99,CLT0,DEL-99,DFW-30,DXB-99,FRA-99,HKG-99,HND-99,ICN-99,IST-99,JFK-99,KUL-99,LAS-99,LAX-99,LHR-99,ORD-20,PEK-20,PVG-99,SFO-99
DEL:AMS-99,CAN-10,DEL0,FRA-25
DEN:AMS-99,ATL50,BKK-99,CAN-99,CDG-99,CGK-99,CLT-99,DEL-99,DEN0,DFW30,DXB-99,FRA-99,HKG-99,HND-99,ICN-99,IST-99,JFK-99,KUL-99,LAS10,LAX-99,LHR-99,ORD40,PEK40,PVG-99,SFO-99
DFW:AMS-99,ATL20,BKK-99,CAN-99,CDG-99,CGK-99,CLT-99,DEL-99,DFW0,DXB-99,FRA-99,HKG-99,HND-99,ICN-99,IST-99,JFK-99,KUL-99,LAS-99,LAX-99,LHR-99,ORD10,PEK10,PVG-99,SFO-99
DXB:AMS-99,ATL-99,BKK-99,CAN-99,CDG-99,CGK-99,CLT-99,DEL-99,DFW-99,DXB0,FRA-99,HKG-99,HND-99,ICN-99,IST-99,JFK-99,KUL-99,LAS-99,LAX-99,LHR-99,ORD-99,PEK-10,PVG-99,SFO-99
FRA:AMS-99,CAN0,DEL10,FRA0
HKG:AMS-99,ATL-99,BKK-99,CAN-99,CDG-99,CGK-99,CLT-99,DEL-99,DFW-99,DXB-9,FRA-99,HKG0,HND-99,ICN-99,IST-99,JFK-99,KUL-99,LAS-99,LAX-99,LHR-99,ORD-99,PEK-19,PVG-99,SFO-99
HND:AMS-99,ATL-99,BKK-99,CAN-99,CDG-99,CGK-99,CLT-99,DEL-99,DFW-99,DXB-4,FRA-99,HKG5,HND0,ICN-99,IST-99,JFK-99,KUL-99,LAS-99,LAX-99,LHR-99,ORD-99,PEK-14,PVG-99,SFO-99
IAH:AMS-99,ATL-30,BKK-99,CAN-99,CDG-99,CGK-99,CLT-99,DEL-99,DFW-50,DXB-99,FRA-99,HKG-99,HND-99,IAH0,ICN-99,IST-99,JFK-99,KUL-99,LAS-99,LAX-99,LHR-99,ORD-40,PEK-40,PVG-99,SFO-99
ICN:AMS-99,CAN-93,DEL-98,FRA-99,ICN0,PVG-10
IST:AMS-99,ATL-99,BKK-99,CAN-99,CDG-99,CGK-99,CLT-99,DEL-99,DFW-99,DXB-99,FRA-99,HKG-99,HND-99,ICN-99,IST0,JFK-99,KUL-99,LAS-99,LAX-99,LHR-99,ORD-99,PEK-10,PVG-99,SFO-99
JFK:AMS-99,ATL10,BKK-99,CAN-99,CDG-99,CGK-99,CLT-99,DEL-99,DFW-99,DXB-99,FRA-99,HKG-99,HND-99,ICN-99,IST-99,JFK0,KUL-99,LAS-99,LAX-99,LHR-99,ORD-99,PEK0,PVG-99,SFO-99
KUL:AMS-99,ATL-99,BKK13,CAN-99,CDG-99,CGK10,CLT-99,DEL-99,DFW-99,DXB14,FRA-99,HKG23,HND-99,ICN-99,IST-99,JFK-99,KUL0,LAS-99,LAX-99,LHR-99,ORD-99,PEK4,PVG-99,SFO-99
LAS:AMS-99,ATL40,BKK-99,CAN-99,CDG-99,CGK-99,CLT-99,DEL-99,DFW20,DXB-99,FRA-99,HKG-99,HND-99,ICN-99,IST-99,JFK-99,KUL-99,LAS0,LAX-99,LHR-99,ORD30,PEK30,PVG-99,SFO-99
LAX:LAX0,SFO10
LHR:AMS-99,ATL-99,BKK-99,CAN-99,CDG10,CGK-99,CLT-99,DEL-99,DFW-99,DXB-99,FRA-99,HKG-99,HND-99,ICN-99,IST-99,JFK-99,KUL-99,LAS-99,LAX-99,LHR0,ORD-99,PEK6,PVG-99,SFO-99
MAD:AMS-99,ATL-99,BKK-99,CAN-99,CDG0,CGK-99,CLT-99,DEL-99,DFW-99,DXB-99,FRA-99,HKG-99,HND-99,ICN-99,IST-99,JFK-99,KUL-99,LAS-99,LAX-99,LHR-10,MAD0,ORD-99,PEK-4,PVG-99,SFO-99
MIA:AMS-99,ATL10,BKK-99,CAN-99,CDG-99,CGK-99,CLT-99,DEL-99,DFW-99,DXB-99,FRA-99,HKG-99,HND-99,ICN-99,IST-99,JFK-99,KUL-99,LAS-99,LAX-99,LHR-99,MIA0,ORD-99,PEK0,PVG-99,SFO-99
ORD:AMS-99,ATL10,BKK-99,CAN-99,CDG-99,CGK-99,CLT-99,DEL-99,DFW-99,DXB-99,FRA-99,HKG-99,HND-99,ICN-99,IST-99,JFK-99,KUL-99,LAS-99,LAX-99,LHR-99,ORD0,PEK0,PVG-99,SFO-99
PEK:AMS-99,ATL-99,BKK-99,CAN-99,CDG-99,CGK-99,CLT-99,DEL-99,DFW-99,DXB-99,FRA-99,HKG-99,HND-99,ICN-99,IST-99,JFK-99,KUL-99,LAS-99,LAX-99,LHR-99,ORD-99,PEK0,PVG-99,SFO-99
PHX:AMS-99,ATL-36,BKK-99,CAN-99,CDG-99,CGK-99,CLT-99,DEL-99,DEN7,DFW-56,DXB-99,FRA-99,HKG-99,HND-99,IAH-6,ICN-99,IST-99,JFK-99,KUL-99,LAS-99,LAX-99,LHR-99,ORD-46,PEK-46,PHX0,PVG-99,SFO-99
PVG:AMS-99,CAN-83,DEL-88,FRA-99,ICN5,PVG0
SFO:LAX10,SFO0
SIN:AMS-99,ATL-99,BKK24,CAN-99,CDG-99,CGK21,CLT-99,DEL-99,DFW-99,DXB25,FRA-99,HKG34,HND-99,ICN-99,IST-99,JFK-99,KUL11,LAS-99,LAX-99,LHR-99,ORD-99,PEK15,PVG-99,SFO-99,SIN0
-----
AMS:AMS0
ATL:AMS-99,ATL0,BKK-99,CAN-99,CDG-99,CGK-99,CLT-99,DEL-99,DFW-99,DXB-99,FRA-99,HKG-99,HND-99,ICN-99,IST-99,JFK-99,KUL-99,LAS-99,LAX-99,LHR-99,ORD-99,PEK-10,PVG-99,SFO-99
BKK:AMS-99,ATL-99,BKK0,CAN-99,CDG-99,CGK-99,CLT-99,DEL-99,DFW-99,DXB1,FRA-99,HKG10,HND-99,ICN-99,IST-99,JFK-99,KUL-99,LAS-99,LAX-99,LHR-99,ORD-99,PEK-9,PVG-99,SFO-99
CAN:AMS-99,CAN0,DEL-5,FRA-15
CDG:AMS-99,ATL-99,BKK-99,CAN-99,CDG0,CGK-99,CLT-99,DEL-99,DFW-99,DXB-99,FRA-99,HKG-99,HND-99,ICN-99,IST-99,JFK-99,KUL-99,LAS-99,LAX-99,LHR-99,ORD-99,PEK-4,PVG-99,SFO-99
CGK:AMS-99,ATL-99,BKK3,CAN-99,CDG-99,CGK0,CLT-99,DEL-99,DFW-99,DXB4,FRA-99,HKG13,HND-99,ICN-99,IST-99,JFK-99,KUL-99,LAS-99,LAX-99,LHR-99,ORD-99,PEK-6,PVG-99,SFO-99
CLT:AMS-99,ATL-10,BKK-99,CAN-99,CDG-99,CGK-99,CLT0,DEL-99,DFW-30,DXB-99,FRA-99,HKG-99,HND-99,ICN-99,IST-99,JFK-99,KUL-99,LAS-99,LAX-99,LHR-99,ORD-20,PEK-20,PVG-99,SFO-99
DEL:AMS-99,CAN-10,DEL0,FRA-25
DEN:AMS-99,ATL50,BKK-99,CAN-99,CDG-99,CGK-99,CLT-99,DEL-99,DEN0,DFW30,DXB-99,FRA-99,HKG-99,HND-99,ICN-99,IST-99,JFK-99,KUL-99,LAS10,LAX-99,LHR-99,ORD40,PEK40,PVG-99,SFO-99
DFW:AMS-99,ATL20,BKK-99,CAN-99,CDG-99,CGK-99,CLT-99,DEL-99,DFW0,DXB-99,FRA-99,HKG-99,HND-99,ICN-99,IST-99,JFK-99,KUL-99,LAS-99,LAX-99,LHR-99,ORD10,PEK10,PVG-99,SFO-99
DXB:AMS-99,ATL-99,BKK-99,CAN-99,CDG-99,CGK-99,CLT-99,DEL-99,DFW-99,DXB0,FRA-99,HKG-99,HND-99,ICN-99,IST-99,JFK-99,KUL-99,LAS-99,LAX-99,LHR-99,ORD-99,PEK-10,PVG-99,SFO-99
FRA:AMS-99,CAN0,DEL10,FRA0
HKG:AMS-99,ATL-99,BKK-99,CAN-99,CDG-99,CGK-99,CLT-99,DEL-99,DFW-99,DXB-9,FRA-99,HKG0,HND-99,ICN-99,IST-99,JFK-99,KUL-99,LAS-99,LAX-99,LHR-99,ORD-99,PEK-19,PVG-99,SFO-99
HND:AMS-99,ATL-99,BKK-99,CAN-99,CDG-99,CGK-99,CLT-99,DEL-99,DFW-99,DXB-4,FRA-99,HKG5,HND0,ICN-99,IST-99,JFK-99,KUL-99,LAS-99,LAX-99,LHR-99,ORD-99,PEK-14,PVG-99,SFO-99
IAH:AMS-99,ATL-30,BKK-99,CAN-99,CDG-99,CGK-99,CLT-99,DEL-99,DFW-50,DXB-99,FRA-99,HKG-99,HND-99,IAH0,ICN-99,IST-99,JFK-99,KUL-99,LAS-99,LAX-99,LHR-99,ORD-40,PEK-40,PVG-99,SFO-99
ICN:AMS-99,CAN-98,DEL-99,FRA-99,ICN0,PVG-10
IST:AMS-99,ATL-99,BKK-99,CAN-99,CDG-99,CGK-99,CLT-99,DEL-99,DFW-99,DXB-99,FRA-99,HKG-99,HND-99,ICN-99,IST0,JFK-99,KUL-99,LAS-99,LAX-99,LHR-99,ORD-99,PEK-10,PVG-99,SFO-99
JFK:AMS-99,ATL10,BKK-99,CAN-99,CDG-99,CGK-99,CLT-99,DEL-99,DFW-99,DXB-99,FRA-99,HKG-99,HND-99,ICN-99,IST-99,JFK0,KUL-99,LAS-99,LAX-99,LHR-99,ORD-99,PEK0,PVG-99,SFO-99
KUL:AMS-99,ATL-99,BKK13,CAN-99,CDG-99,CGK10,CLT-99,DEL-99,DFW-99,DXB14,FRA-99,HKG23,HND-99,ICN-99,IST-99,JFK-99,KUL0,LAS-99,LAX-99,LHR-99,ORD-99,PEK4,PVG-99,SFO-99
LAS:AMS-99,ATL40,BKK-99,CAN-99,CDG-99,CGK-99,CLT-99,DEL-99,DFW20,DXB-99,FRA-99,HKG-99,HND-99,ICN-99,IST-99,JFK-99,KUL-99,LAS0,LAX-99,LHR-99,ORD30,PEK30,PVG-99,SFO-99
LAX:LAX0,SFO10
LHR:AMS-99,ATL-99,BKK-99,CAN-99,CDG10,CGK-99,CLT-99,DEL-99,DFW-99,DXB-99,FRA-99,HKG-99,HND-99,ICN-99,IST-99,JFK-99,KUL-99,LAS-99,LAX-99,LHR0,ORD-99,PEK6,PVG-99,SFO-99
MAD:AMS-99,ATL-99,BKK-99,CAN-99,CDG0,CGK-99,CLT-99,DEL-99,DFW-99,DXB-99,FRA-99,HKG-99,HND-99,ICN-99,IST-99,JFK-99,KUL-99,LAS-99,LAX-99,LHR-10,MAD0,ORD-99,PEK-4,PVG-99,SFO-99
MIA:AMS-99,ATL10,BKK-99,CAN-99,CDG-99,CGK-99,CLT-99,DEL-99,DFW-99,DXB-99,FRA-99,HKG-99,HND-99,ICN-99,IST-99,JFK-99,KUL-99,LAS-99,LAX-99,LHR-99,MIA0,ORD-99,PEK0,PVG-99,SFO-99
ORD:AMS-99,ATL10,BKK-99,CAN-99,CDG-99,CGK-99,CLT-99,DEL-99,DFW-99,DXB-99,FRA-99,HKG-99,HND-99,ICN-99,IST-99,JFK-99,KUL-99,LAS-99,LAX-99,LHR-99,ORD0,PEK0,PVG-99,SFO-99
PEK:AMS-99,ATL-99,BKK-99,CAN-99,CDG-99,CGK-99,CLT-99,DEL-99,DFW-99,DXB-99,FRA-99,HKG-99,HND-99,ICN-99,IST-99,JFK-99,KUL-99,LAS-99,LAX-99,LHR-99,ORD-99,PEK0,PVG-99,SFO-99
PHX:AMS-99,ATL-36,BKK-99,CAN-99,CDG-99,CGK-99,CLT-99,DEL-99,DEN7,DFW-56,DXB-99,FRA-99,HKG-99,HND-99,IAH-6,ICN-99,IST-99,JFK-99,KUL-99,LAS-99,LAX-99,LHR-99,ORD-46,PEK-46,PHX0,PVG-99,SFO-99
PVG:AMS-99,CAN-88,DEL-93,FRA-99,ICN5,PVG0
SFO:LAX10,SFO0
SIN:AMS-99,ATL-99,BKK24,CAN-99,CDG-99,CGK21,CLT-99,DEL-99,DFW-99,DXB25,FRA-99,HKG34,HND-99,ICN-99,IST-99,JFK-99,KUL11,LAS-99,LAX-99,LHR-99,ORD-99,PEK15,PVG-99,SFO-99,SIN0
-----
AMS:AMS0
ATL:AMS-99,ATL0,BKK-99,CAN-99,CDG-99,CGK-99,CLT-99,DEL-99,DFW-99,DXB-99,FRA-99,HKG-99,HND-99,ICN-99,IST-99,JFK-99,KUL-99,LAS-99,LAX-99,LHR-99,ORD-99,PEK-10,PVG-99,SFO-99
BKK:AMS-99,ATL-99,BKK0,CAN-99,CDG-99,CGK-99,CLT-99,DEL-99,DFW-99,DXB1,FRA-99,HKG10,HND-99,ICN-99,IST-99,JFK-99,KUL-99,LAS-99,LAX-99,LHR-99,ORD-99,PEK-9,PVG-99,SFO-99
CAN:AMS-99,CAN0,DEL-5,FRA-15
CDG:AMS-99,ATL-99,BKK-99,CAN-99,CDG0,CGK-99,CLT-99,DEL-99,DFW-99,DXB-99,FRA-99,HKG-99,HND-99,ICN-99,IST-99,JFK-99,KUL-99,LAS-99,LAX-99,LHR-99,ORD-99,PEK-4,PVG-99,SFO-99
CGK:AMS-99,ATL-99,BKK3,CAN-99,CDG-99,CGK0,CLT-99,DEL-99,DFW-99,DXB4,FRA-99,HKG13,HND-99,ICN-99,IST-99,JFK-99,KUL-99,LAS-99,LAX-99,LHR-99,ORD-99,PEK-6,PVG-99,SFO-99
CLT:AMS-99,ATL-10,BKK-99,CAN-99,CDG-99,CGK-99,CLT0,DEL-99,DFW-30,DXB-99,FRA-99,HKG-99,HND-99,ICN-99,IST-99,JFK-99,KUL-99,LAS-99,LAX-99,LHR-99,ORD-20,PEK-20,PVG-99,SFO-99
DEL:AMS-99,CAN-10,DEL0,FRA-25
DEN:AMS-99,ATL50,BKK-99,CAN-99,CDG-99,CGK-99,CLT-99,DEL-99,DEN0,DFW30,DXB-99,FRA-99,HKG-99,HND-99,ICN-99,IST-99,JFK-99,KUL-99,LAS10,LAX-99,LHR-99,ORD40,PEK40,PVG-99,SFO-99
DFW:AMS-99,ATL20,BKK-99,CAN-99,CDG-99,CGK-99,CLT-99,DEL-99,DFW0,DXB-99,FRA-99,HKG-99,HND-99,ICN-99,IST-99,JFK-99,KUL-99,LAS-99,LAX-99,LHR-99,ORD10,PEK10,PVG-99,SFO-99
DXB:AMS-99,ATL-99,BKK-99,CAN-99,CDG-99,CGK-99,CLT-99,DEL-99,DFW-99,DXB0,FRA-99,HKG-99,HND-99,ICN-99,IST-99,JFK-99,KUL-99,LAS-99,LAX-99,LHR-99,ORD-99,PEK-10,PVG-99,SFO-99
FRA:AMS-99,CAN0,DEL10,FRA0
HKG:AMS-99,ATL-99,BKK-99,CAN-99,CDG-99,CGK-99,CLT-99,DEL-99,DFW-99,DXB-9,FRA-99,HKG0,HND-99,ICN-99,IST-99,JFK-99,KUL-99,LAS-99,LAX-99,LHR-99,ORD-99,PEK-19,PVG-99,SFO-99
HND:AMS-99,ATL-99,BKK-99,CAN-99,CDG-99,CGK-99,CLT-99,DEL-99,DFW-99,DXB-4,FRA-99,HKG5,HND0,ICN-99,IST-99,JFK-99,KUL-99,LAS-99,LAX-99,LHR-99,ORD-99,PEK-14,PVG-99,SFO-99
IAH:AMS-99,ATL-30,BKK-99,CAN-99,CDG-99,CGK-99,CLT-99,DEL-99,DFW-50,DXB-99,FRA-99,HKG-99,HND-99,IAH0,ICN-99,IST-99,JFK-99,KUL-99,LAS-99,LAX-99,LHR-99,ORD-40,PEK-40,PVG-99,SFO-99
ICN:AMS-99,CAN-99,DEL-99,FRA-99,ICN0,PVG-10
IST:AMS-99,ATL-99,BKK-99,CAN-99,CDG-99,CGK-99,CLT-99,DEL-99,DFW-99,DXB-99,FRA-99,HKG-99,HND-99,ICN-99,IST0,JFK-99,KUL-99,LAS-99,LAX-99,LHR-99,ORD-99,PEK-10,PVG-99,SFO-99
JFK:AMS-99,ATL10,BKK-99,CAN-99,CDG-99,CGK-99,CLT-99,DEL-99,DFW-99,DXB-99,FRA-99,HKG-99,HND-99,ICN-99,IST-99,JFK0,KUL-99,LAS-99,LAX-99,LHR-99,ORD-99,PEK0,PVG-99,SFO-99
KUL:AMS-99,ATL-99,BKK13,CAN-99,CDG-99,CGK10,CLT-99,DEL-99,DFW-99,DXB14,FRA-99,HKG23,HND-99,ICN-99,IST-99,JFK-99,KUL0,LAS-99,LAX-99,LHR-99,ORD-99,PEK4,PVG-99,SFO-99
LAS:AMS-99,ATL40,BKK-99,CAN-99,CDG-99,CGK-99,CLT-99,DEL-99,DFW20,DXB-99,FRA-99,HKG-99,HND-99,ICN-99,IST-99,JFK-99,KUL-99,LAS0,LAX-99,LHR-99,ORD30,PEK30,PVG-99,SFO-99
LAX:LAX0,SFO10
LHR:AMS-99,ATL-99,BKK-99,CAN-99,CDG10,CGK-99,CLT-99,DEL-99,DFW-99,DXB-99,FRA-99,HKG-99,HND-99,ICN-99,IST-99,JFK-99,KUL-99,LAS-99,LAX-99,LHR0,ORD-99,PEK6,PVG-99,SFO-99
MAD:AMS-99,ATL-99,BKK-99,CAN-99,CDG0,CGK-99,CLT-99,DEL-99,DFW-99,DXB-99,FRA-99,HKG-99,HND-99,ICN-99,IST-99,JFK-99,KUL-99,LAS-99,LAX-99,LHR-10,MAD0,ORD-99,PEK-4,PVG-99,SFO-99
MIA:AMS-99,ATL10,BKK-99,CAN-99,CDG-99,CGK-99,CLT-99,DEL-99,DFW-99,DXB-99,FRA-99,HKG-99,HND-99,ICN-99,IST-99,JFK-99,KUL-99,LAS-99,LAX-99,LHR-99,MIA0,ORD-99,PEK0,PVG-99,SFO-99
ORD:AMS-99,ATL10,BKK-99,CAN-99,CDG-99,CGK-99,CLT-99,DEL-99,DFW-99,DXB-99,FRA-99,HKG-99,HND-99,ICN-99,IST-99,JFK-99,KUL-99,LAS-99,LAX-99,LHR-99,ORD0,PEK0,PVG-99,SFO-99
PEK:AMS-99,ATL-99,BKK-99,CAN-99,CDG-99,CGK-99,CLT-99,DEL-99,DFW-99,DXB-99,FRA-99,HKG-99,HND-99,ICN-99,IST-99,JFK-99,KUL-99,LAS-99,LAX-99,LHR-99,ORD-99,PEK0,PVG-99,SFO-99
PHX:AMS-99,ATL-36,BKK-99,CAN-99,CDG-99,CGK-99,CLT-99,DEL-99,DEN7,DFW-56,DXB-99,FRA-99,HKG-99,HND-99,IAH-6,ICN-99,IST-99,JFK-99,KUL-99,LAS-99,LAX-99,LHR-99,ORD-46,PEK-46,PHX0,PVG-99,SFO-99
PVG:AMS-99,CAN-93,DEL-99,FRA-99,ICN5,PVG0
SFO:LAX10,SFO0
SIN:AMS-99,ATL-99,BKK24,CAN-99,CDG-99,CGK21,CLT-99,DEL-99,DFW-99,DXB25,FRA-99,HKG34,HND-99,ICN-99,IST-99,JFK-99,KUL11,LAS-99,LAX-99,LHR-99,ORD-99,PEK15,PVG-99,SFO-99,SIN0
-----
AMS:AMS0
ATL:AMS-99,ATL0,BKK-99,CAN-99,CDG-99,CGK-99,CLT-99,DEL-99,DFW-99,DXB-99,FRA-99,HKG-99,HND-99,ICN-99,IST-99,JFK-99,KUL-99,LAS-99,LAX-99,LHR-99,ORD-99,PEK-10,PVG-99,SFO-99
BKK:AMS-99,ATL-99,BKK0,CAN-99,CDG-99,CGK-99,CLT-99,DEL-99,DFW-99,DXB1,FRA-99,HKG10,HND-99,ICN-99,IST-99,JFK-99,KUL-99,LAS-99,LAX-99,LHR-99,ORD-99,PEK-9,PVG-99,SFO-99
CAN:AMS-99,CAN0,DEL-5,FRA-15
CDG:AMS-99,ATL-99,BKK-99,CAN-99,CDG0,CGK-99,CLT-99,DEL-99,DFW-99,DXB-99,FRA-99,HKG-99,HND-99,ICN-99,IST-99,JFK-99,KUL-99,LAS-99,LAX-99,LHR-99,ORD-99,PEK-4,PVG-99,SFO-99
CGK:AMS-99,ATL-99,BKK3,CAN-99,CDG-99,CGK0,CLT-99,DEL-99,DFW-99,DXB4,FRA-99,HKG13,HND-99,ICN-99,IST-99,JFK-99,KUL-99,LAS-99,LAX-99,LHR-99,ORD-99,PEK-6,PVG-99,SFO-99
CLT:AMS-99,ATL-10,BKK-99,CAN-99,CDG-99,CGK-99,CLT0,DEL-99,DFW-30,DXB-99,FRA-99,HKG-99,HND-99,ICN-99,IST-99,JFK-99,KUL-99,LAS-99,LAX-99,LHR-99,ORD-20,PEK-20,PVG-99,SFO-99
DEL:AMS-99,CAN-10,DEL0,FRA-25
DEN:AMS-99,ATL50,BKK-99,CAN-99,CDG-99,CGK-99,CLT-99,DEL-99,DEN0,DFW30,DXB-99,FRA-99,HKG-99,HND-99,ICN-99,IST-99,JFK-99,KUL-99,LAS10,LAX-99,LHR-99,ORD40,PEK40,PVG-99,SFO-99
DFW:AMS-99,ATL20,BKK-99,CAN-99,CDG-99,CGK-99,CLT-99,DEL-99,DFW0,DXB-99,FRA-99,HKG-99,HND-99,ICN-99,IST-99,JFK-99,KUL-99,LAS-99,LAX-99,LHR-99,ORD10,PEK10,PVG-99,SFO-99
DXB:AMS-99,ATL-99,BKK-99,CAN-99,CDG-99,CGK-99,CLT-99,DEL-99,DFW-99,DXB0,FRA-99,HKG-99,HND-99,ICN-99,IST-99,JFK-99,KUL-99,LAS-99,LAX-99,LHR-99,ORD-99,PEK-10,PVG-99,SFO-99
FRA:AMS-99,CAN0,DEL10,FRA0
HKG:AMS-99,ATL-99,BKK-99,CAN-99,CDG-99,CGK-99,CLT-99,DEL-99,DFW-99,DXB-9,FRA-99,HKG0,HND-99,ICN-99,IST-99,JFK-99,KUL-99,LAS-99,LAX-99,LHR-99,ORD-99,PEK-19,PVG-99,SFO-99
HND:AMS-99,ATL-99,BKK-99,CAN-99,CDG-99,CGK-99,CLT-99,DEL-99,DFW-99,DXB-4,FRA-99,HKG5,HND0,ICN-99,IST-99,JFK-99,KUL-99,LAS-99,LAX-99,LHR-99,ORD-99,PEK-14,PVG-99,SFO-99
IAH:AMS-99,ATL-30,BKK-99,CAN-99,CDG-99,CGK-99,CLT-99,DEL-99,DFW-50,DXB-99,FRA-99,HKG-99,HND-99,IAH0,ICN-99,IST-99,JFK-99,KUL-99,LAS-99,LAX-99,LHR-99,ORD-40,PEK-40,PVG-99,SFO-99
ICN:AMS-99,CAN-99,DEL-99,FRA-99,ICN0,PVG-10
IST:AMS-99,ATL-99,BKK-99,CAN-99,CDG-99,CGK-99,CLT-99,DEL-99,DFW-99,DXB-99,FRA-99,HKG-99,HND-99,ICN-99,IST0,JFK-99,KUL-99,LAS-99,LAX-99,LHR-99,ORD-99,PEK-10,PVG-99,SFO-99
JFK:AMS-99,ATL10,BKK-99,CAN-99,CDG-99,CGK-99,CLT-99,DEL-99,DFW-99,DXB-99,FRA-99,HKG-99,HND-99,ICN-99,IST-99,JFK0,KUL-99,LAS-99,LAX-99,LHR-99,ORD-99,PEK0,PVG-99,SFO-99
KUL:AMS-99,ATL-99,BKK13,CAN-99,CDG-99,CGK10,CLT-99,DEL-99,DFW-99,DXB14,FRA-99,HKG23,HND-99,ICN-99,IST-99,JFK-99,KUL0,LAS-99,LAX-99,LHR-99,ORD-99,PEK4,PVG-99,SFO-99
LAS:AMS-99,ATL40,BKK-99,CAN-99,CDG-99,CGK-99,CLT-99,DEL-99,DFW20,DXB-99,FRA-99,HKG-99,HND-99,ICN-99,IST-99,JFK-99,KUL-99,LAS0,LAX-99,LHR-99,ORD30,PEK30,PVG-99,SFO-99
LAX:LAX0,SFO10
LHR:AMS-99,ATL-99,BKK-99,CAN-99,CDG10,CGK-99,CLT-99,DEL-99,DFW-99,DXB-99,FRA-99,HKG-99,HND-99,ICN-99,IST-99,JFK-99,KUL-99,LAS-99,LAX-99,LHR0,ORD-99,PEK6,PVG-99,SFO-99
MAD:AMS-99,ATL-99,BKK-99,CAN-99,CDG0,CGK-99,CLT-99,DEL-99,DFW-99,DXB-99,FRA-99,HKG-99,HND-99,ICN-99,IST-99,JFK-99,KUL-99,LAS-99,LAX-99,LHR-10,MAD0,ORD-99,PEK-4,PVG-99,SFO-99
MIA:AMS-99,ATL10,BKK-99,CAN-99,CDG-99,CGK-99,CLT-99,DEL-99,DFW-99,DXB-99,FRA-99,HKG-99,HND-99,ICN-99,IST-99,JFK-99,KUL-99,LAS-99,LAX-99,LHR-99,MIA0,ORD-99,PEK0,PVG-99,SFO-99
ORD:AMS-99,ATL10,BKK-99,CAN-99,CDG-99,CGK-99,CLT-99,DEL-99,DFW-99,DXB-99,FRA-99,HKG-99,HND-99,ICN-99,IST-99,JFK-99,KUL-99,LAS-99,LAX-99,LHR-99,ORD0,PEK0,PVG-99,SFO-99
PEK:AMS-99,ATL-99,BKK-99,CAN-99,CDG-99,CGK-99,CLT-99,DEL-99,DFW-99,DXB-99,FRA-99,HKG-99,HND-99,ICN-99,IST-99,JFK-99,KUL-99,LAS-99,LAX-99,LHR-99,ORD-99,PEK0,PVG-99,SFO-99
PHX:AMS-99,ATL-36,BKK-99,CAN-99,CDG-99,CGK-99,CLT-99,DEL-99,DEN7,DFW-56,DXB-99,FRA-99,HKG-99,HND-99,IAH-6,ICN-99,IST-99,JFK-99,KUL-99,LAS-99,LAX-99,LHR-99,ORD-46,PEK-46,PHX0,PVG-99,SFO-99
PVG:AMS-99,CAN-99,DEL-99,FRA-99,ICN5,PVG0
SFO:LAX10,SFO0
SIN:AMS-99,ATL-99,BKK24,CAN-99,CDG-99,CGK21,CLT-99,DEL-99,DFW-99,DXB25,FRA-99,HKG34,HND-99,ICN-99,IST-99,JFK-99,KUL11,LAS-99,LAX-99,LHR-99,ORD-99,PEK15,PVG-99,SFO-99,SIN0
-----
